[3.812s] Invoking command in '/home/yamashita/robot_2024/src/robot_2024': PYTHONPATH=/home/yamashita/robot_2024/build/robot_2024/prefix_override:/home/yamashita/robot_2024/install/robot_2024/lib/python3.10/site-packages:${PYTHONPATH} /usr/bin/python3 -W ignore:setup.py install is deprecated setup.py egg_info --egg-base ../../build/robot_2024 build --build-base /home/yamashita/robot_2024/build/robot_2024/build install --record /home/yamashita/robot_2024/build/robot_2024/install.log --single-version-externally-managed install_data
[4.769s] running egg_info
[4.772s] writing ../../build/robot_2024/robot_2024.egg-info/PKG-INFO
[4.773s] writing dependency_links to ../../build/robot_2024/robot_2024.egg-info/dependency_links.txt
[4.774s] writing entry points to ../../build/robot_2024/robot_2024.egg-info/entry_points.txt
[4.774s] writing requirements to ../../build/robot_2024/robot_2024.egg-info/requires.txt
[4.774s] writing top-level names to ../../build/robot_2024/robot_2024.egg-info/top_level.txt
[4.779s] reading manifest file '../../build/robot_2024/robot_2024.egg-info/SOURCES.txt'
[4.783s] writing manifest file '../../build/robot_2024/robot_2024.egg-info/SOURCES.txt'
[4.783s] running build
[4.784s] running build_py
[4.784s] running install
[4.786s] running install_lib
[4.791s] running install_data
[4.793s] running install_egg_info
[4.798s] removing '/home/yamashita/robot_2024/install/robot_2024/lib/python3.10/site-packages/robot_2024-0.0.0-py3.10.egg-info' (and everything under it)
[4.800s] Copying ../../build/robot_2024/robot_2024.egg-info to /home/yamashita/robot_2024/install/robot_2024/lib/python3.10/site-packages/robot_2024-0.0.0-py3.10.egg-info
[4.802s] running install_scripts
[4.876s] Installing yaslam script to /home/yamashita/robot_2024/install/robot_2024/lib/robot_2024
[4.877s] writing list of installed files to '/home/yamashita/robot_2024/build/robot_2024/install.log'
[4.991s] Invoked command in '/home/yamashita/robot_2024/src/robot_2024' returned '0': PYTHONPATH=/home/yamashita/robot_2024/build/robot_2024/prefix_override:/home/yamashita/robot_2024/install/robot_2024/lib/python3.10/site-packages:${PYTHONPATH} /usr/bin/python3 -W ignore:setup.py install is deprecated setup.py egg_info --egg-base ../../build/robot_2024 build --build-base /home/yamashita/robot_2024/build/robot_2024/build install --record /home/yamashita/robot_2024/build/robot_2024/install.log --single-version-externally-managed install_data
