[3.981s] Invoking command in '/home/yamashita/robot_2024/src/robot_2024': PYTHONPATH=/home/yamashita/robot_2024/build/robot_2024/prefix_override:/home/yamashita/robot_2024/install/robot_2024/lib/python3.10/site-packages:${PYTHONPATH} /usr/bin/python3 -W ignore:setup.py install is deprecated setup.py egg_info --egg-base ../../build/robot_2024 build --build-base /home/yamashita/robot_2024/build/robot_2024/build install --record /home/yamashita/robot_2024/build/robot_2024/install.log --single-version-externally-managed install_data
[5.188s] running egg_info
[5.191s] writing ../../build/robot_2024/robot_2024.egg-info/PKG-INFO
[5.191s] writing dependency_links to ../../build/robot_2024/robot_2024.egg-info/dependency_links.txt
[5.195s] writing entry points to ../../build/robot_2024/robot_2024.egg-info/entry_points.txt
[5.197s] writing requirements to ../../build/robot_2024/robot_2024.egg-info/requires.txt
[5.197s] writing top-level names to ../../build/robot_2024/robot_2024.egg-info/top_level.txt
[5.208s] reading manifest file '../../build/robot_2024/robot_2024.egg-info/SOURCES.txt'
[5.210s] writing manifest file '../../build/robot_2024/robot_2024.egg-info/SOURCES.txt'
[5.211s] running build
[5.212s] running build_py
[5.212s] copying robot_2024/ya_slam.py -> /home/yamashita/robot_2024/build/robot_2024/build/lib/robot_2024
[5.213s] running install
[5.213s] running install_lib
[5.215s] copying /home/yamashita/robot_2024/build/robot_2024/build/lib/robot_2024/ya_slam.py -> /home/yamashita/robot_2024/install/robot_2024/lib/python3.10/site-packages/robot_2024
[5.218s] byte-compiling /home/yamashita/robot_2024/install/robot_2024/lib/python3.10/site-packages/robot_2024/ya_slam.py to ya_slam.cpython-310.pyc
[5.223s] running install_data
[5.224s] running install_egg_info
[5.228s] removing '/home/yamashita/robot_2024/install/robot_2024/lib/python3.10/site-packages/robot_2024-0.0.0-py3.10.egg-info' (and everything under it)
[5.230s] Copying ../../build/robot_2024/robot_2024.egg-info to /home/yamashita/robot_2024/install/robot_2024/lib/python3.10/site-packages/robot_2024-0.0.0-py3.10.egg-info
[5.234s] running install_scripts
[5.307s] Installing yaslam script to /home/yamashita/robot_2024/install/robot_2024/lib/robot_2024
[5.308s] writing list of installed files to '/home/yamashita/robot_2024/build/robot_2024/install.log'
[5.447s] Invoked command in '/home/yamashita/robot_2024/src/robot_2024' returned '0': PYTHONPATH=/home/yamashita/robot_2024/build/robot_2024/prefix_override:/home/yamashita/robot_2024/install/robot_2024/lib/python3.10/site-packages:${PYTHONPATH} /usr/bin/python3 -W ignore:setup.py install is deprecated setup.py egg_info --egg-base ../../build/robot_2024 build --build-base /home/yamashita/robot_2024/build/robot_2024/build install --record /home/yamashita/robot_2024/build/robot_2024/install.log --single-version-externally-managed install_data
