[0.805s] Invoking command in '/home/yamashita/robot_2024/src/robot_2024': PYTHONPATH=/home/yamashita/robot_2024/build/robot_2024/prefix_override:/home/yamashita/robot_2024/install/robot_2024/lib/python3.10/site-packages:${PYTHONPATH} /usr/bin/python3 -W ignore:setup.py install is deprecated setup.py egg_info --egg-base ../../build/robot_2024 build --build-base /home/yamashita/robot_2024/build/robot_2024/build install --record /home/yamashita/robot_2024/build/robot_2024/install.log --single-version-externally-managed install_data
[1.007s] running egg_info
[1.007s] writing ../../build/robot_2024/robot_2024.egg-info/PKG-INFO
[1.008s] writing dependency_links to ../../build/robot_2024/robot_2024.egg-info/dependency_links.txt
[1.008s] writing entry points to ../../build/robot_2024/robot_2024.egg-info/entry_points.txt
[1.009s] writing requirements to ../../build/robot_2024/robot_2024.egg-info/requires.txt
[1.009s] writing top-level names to ../../build/robot_2024/robot_2024.egg-info/top_level.txt
[1.011s] reading manifest file '../../build/robot_2024/robot_2024.egg-info/SOURCES.txt'
[1.012s] writing manifest file '../../build/robot_2024/robot_2024.egg-info/SOURCES.txt'
[1.012s] running build
[1.012s] running build_py
[1.012s] running install
[1.013s] running install_lib
[1.014s] running install_data
[1.014s] running install_egg_info
[1.015s] removing '/home/yamashita/robot_2024/install/robot_2024/lib/python3.10/site-packages/robot_2024-0.0.0-py3.10.egg-info' (and everything under it)
[1.015s] Copying ../../build/robot_2024/robot_2024.egg-info to /home/yamashita/robot_2024/install/robot_2024/lib/python3.10/site-packages/robot_2024-0.0.0-py3.10.egg-info
[1.016s] running install_scripts
[1.034s] Installing serial script to /home/yamashita/robot_2024/install/robot_2024/lib/robot_2024
[1.035s] Installing webControll script to /home/yamashita/robot_2024/install/robot_2024/lib/robot_2024
[1.035s] Installing yaslam script to /home/yamashita/robot_2024/install/robot_2024/lib/robot_2024
[1.035s] writing list of installed files to '/home/yamashita/robot_2024/build/robot_2024/install.log'
[1.065s] Invoked command in '/home/yamashita/robot_2024/src/robot_2024' returned '0': PYTHONPATH=/home/yamashita/robot_2024/build/robot_2024/prefix_override:/home/yamashita/robot_2024/install/robot_2024/lib/python3.10/site-packages:${PYTHONPATH} /usr/bin/python3 -W ignore:setup.py install is deprecated setup.py egg_info --egg-base ../../build/robot_2024 build --build-base /home/yamashita/robot_2024/build/robot_2024/build install --record /home/yamashita/robot_2024/build/robot_2024/install.log --single-version-externally-managed install_data
