[0.407s] DEBUG:colcon:Command line arguments: ['/usr/bin/colcon', 'build']
[0.408s] DEBUG:colcon:Parsed command line arguments: Namespace(log_base=None, log_level=None, verb_name='build', build_base='build', install_base='install', merge_install=False, symlink_install=False, test_result_base=None, continue_on_error=False, executor='parallel', parallel_workers=12, event_handlers=None, ignore_user_meta=False, metas=['./colcon.meta'], base_paths=['.'], packages_ignore=None, packages_ignore_regex=None, paths=None, packages_up_to=None, packages_up_to_regex=None, packages_above=None, packages_above_and_dependencies=None, packages_above_depth=None, packages_select_by_dep=None, packages_skip_by_dep=None, packages_skip_up_to=None, packages_select_build_failed=False, packages_skip_build_finished=False, packages_select_test_failures=False, packages_skip_test_passed=False, packages_select=None, packages_skip=None, packages_select_regex=None, packages_skip_regex=None, packages_start=None, packages_end=None, allow_overriding=[], cmake_args=None, cmake_target=None, cmake_target_skip_unavailable=False, cmake_clean_cache=False, cmake_clean_first=False, cmake_force_configure=False, ament_cmake_args=None, catkin_cmake_args=None, catkin_skip_building_tests=False, verb_parser=<colcon_defaults.argument_parser.defaults.DefaultArgumentsDecorator object at 0x7fcabf3c9ed0>, verb_extension=<colcon_core.verb.build.BuildVerb object at 0x7fcabf53b4f0>, main=<bound method BuildVerb.main of <colcon_core.verb.build.BuildVerb object at 0x7fcabf53b4f0>>)
[0.838s] Level 1:colcon.colcon_core.package_discovery:discover_packages(colcon_meta) check parameters
[0.838s] Level 1:colcon.colcon_core.package_discovery:discover_packages(recursive) check parameters
[0.838s] Level 1:colcon.colcon_core.package_discovery:discover_packages(ignore) check parameters
[0.838s] Level 1:colcon.colcon_core.package_discovery:discover_packages(path) check parameters
[0.838s] Level 1:colcon.colcon_core.package_discovery:discover_packages(colcon_meta) discover
[0.838s] Level 1:colcon.colcon_core.package_discovery:discover_packages(recursive) discover
[0.838s] INFO:colcon.colcon_core.package_discovery:Crawling recursively for packages in '/home/yamashita/robot_2024'
[0.839s] Level 1:colcon.colcon_core.package_identification:_identify(.) by extensions ['ignore', 'ignore_ament_install']
[0.839s] Level 1:colcon.colcon_core.package_identification:_identify(.) by extension 'ignore'
[0.839s] Level 1:colcon.colcon_core.package_identification:_identify(.) by extension 'ignore_ament_install'
[0.839s] Level 1:colcon.colcon_core.package_identification:_identify(.) by extensions ['colcon_pkg']
[0.839s] Level 1:colcon.colcon_core.package_identification:_identify(.) by extension 'colcon_pkg'
[0.839s] Level 1:colcon.colcon_core.package_identification:_identify(.) by extensions ['colcon_meta']
[0.839s] Level 1:colcon.colcon_core.package_identification:_identify(.) by extension 'colcon_meta'
[0.839s] Level 1:colcon.colcon_core.package_identification:_identify(.) by extensions ['ros']
[0.839s] Level 1:colcon.colcon_core.package_identification:_identify(.) by extension 'ros'
[0.896s] Level 1:colcon.colcon_core.package_identification:_identify(.) by extensions ['cmake', 'python']
[0.897s] Level 1:colcon.colcon_core.package_identification:_identify(.) by extension 'cmake'
[0.897s] Level 1:colcon.colcon_core.package_identification:_identify(.) by extension 'python'
[0.897s] Level 1:colcon.colcon_core.package_identification:_identify(.) by extensions ['python_setup_py']
[0.897s] Level 1:colcon.colcon_core.package_identification:_identify(.) by extension 'python_setup_py'
[0.897s] Level 1:colcon.colcon_core.package_identification:_identify(build) by extensions ['ignore', 'ignore_ament_install']
[0.898s] Level 1:colcon.colcon_core.package_identification:_identify(build) by extension 'ignore'
[0.898s] Level 1:colcon.colcon_core.package_identification:_identify(build) ignored
[0.898s] Level 1:colcon.colcon_core.package_identification:_identify(install) by extensions ['ignore', 'ignore_ament_install']
[0.898s] Level 1:colcon.colcon_core.package_identification:_identify(install) by extension 'ignore'
[0.899s] Level 1:colcon.colcon_core.package_identification:_identify(install) ignored
[0.899s] Level 1:colcon.colcon_core.package_identification:_identify(log) by extensions ['ignore', 'ignore_ament_install']
[0.900s] Level 1:colcon.colcon_core.package_identification:_identify(log) by extension 'ignore'
[0.900s] Level 1:colcon.colcon_core.package_identification:_identify(log) ignored
[0.900s] Level 1:colcon.colcon_core.package_identification:_identify(src) by extensions ['ignore', 'ignore_ament_install']
[0.900s] Level 1:colcon.colcon_core.package_identification:_identify(src) by extension 'ignore'
[0.901s] Level 1:colcon.colcon_core.package_identification:_identify(src) by extension 'ignore_ament_install'
[0.901s] Level 1:colcon.colcon_core.package_identification:_identify(src) by extensions ['colcon_pkg']
[0.901s] Level 1:colcon.colcon_core.package_identification:_identify(src) by extension 'colcon_pkg'
[0.902s] Level 1:colcon.colcon_core.package_identification:_identify(src) by extensions ['colcon_meta']
[0.902s] Level 1:colcon.colcon_core.package_identification:_identify(src) by extension 'colcon_meta'
[0.902s] Level 1:colcon.colcon_core.package_identification:_identify(src) by extensions ['ros']
[0.902s] Level 1:colcon.colcon_core.package_identification:_identify(src) by extension 'ros'
[0.902s] Level 1:colcon.colcon_core.package_identification:_identify(src) by extensions ['cmake', 'python']
[0.902s] Level 1:colcon.colcon_core.package_identification:_identify(src) by extension 'cmake'
[0.902s] Level 1:colcon.colcon_core.package_identification:_identify(src) by extension 'python'
[0.903s] Level 1:colcon.colcon_core.package_identification:_identify(src) by extensions ['python_setup_py']
[0.903s] Level 1:colcon.colcon_core.package_identification:_identify(src) by extension 'python_setup_py'
[0.903s] Level 1:colcon.colcon_core.package_identification:_identify(src/gazebo_robot_2024) by extensions ['ignore', 'ignore_ament_install']
[0.903s] Level 1:colcon.colcon_core.package_identification:_identify(src/gazebo_robot_2024) by extension 'ignore'
[0.904s] Level 1:colcon.colcon_core.package_identification:_identify(src/gazebo_robot_2024) by extension 'ignore_ament_install'
[0.904s] Level 1:colcon.colcon_core.package_identification:_identify(src/gazebo_robot_2024) by extensions ['colcon_pkg']
[0.904s] Level 1:colcon.colcon_core.package_identification:_identify(src/gazebo_robot_2024) by extension 'colcon_pkg'
[0.904s] Level 1:colcon.colcon_core.package_identification:_identify(src/gazebo_robot_2024) by extensions ['colcon_meta']
[0.904s] Level 1:colcon.colcon_core.package_identification:_identify(src/gazebo_robot_2024) by extension 'colcon_meta'
[0.904s] Level 1:colcon.colcon_core.package_identification:_identify(src/gazebo_robot_2024) by extensions ['ros']
[0.904s] Level 1:colcon.colcon_core.package_identification:_identify(src/gazebo_robot_2024) by extension 'ros'
[0.909s] DEBUG:colcon.colcon_core.package_identification:Package 'src/gazebo_robot_2024' with type 'ros.ament_python' and name 'gazebo_robot_2024'
[0.909s] Level 1:colcon.colcon_core.package_identification:_identify(src/robot_2024) by extensions ['ignore', 'ignore_ament_install']
[0.910s] Level 1:colcon.colcon_core.package_identification:_identify(src/robot_2024) by extension 'ignore'
[0.910s] Level 1:colcon.colcon_core.package_identification:_identify(src/robot_2024) by extension 'ignore_ament_install'
[0.910s] Level 1:colcon.colcon_core.package_identification:_identify(src/robot_2024) by extensions ['colcon_pkg']
[0.910s] Level 1:colcon.colcon_core.package_identification:_identify(src/robot_2024) by extension 'colcon_pkg'
[0.910s] Level 1:colcon.colcon_core.package_identification:_identify(src/robot_2024) by extensions ['colcon_meta']
[0.910s] Level 1:colcon.colcon_core.package_identification:_identify(src/robot_2024) by extension 'colcon_meta'
[0.910s] Level 1:colcon.colcon_core.package_identification:_identify(src/robot_2024) by extensions ['ros']
[0.910s] Level 1:colcon.colcon_core.package_identification:_identify(src/robot_2024) by extension 'ros'
[0.911s] DEBUG:colcon.colcon_core.package_identification:Package 'src/robot_2024' with type 'ros.ament_python' and name 'robot_2024'
[0.911s] Level 1:colcon.colcon_core.package_discovery:discover_packages(recursive) using defaults
[0.911s] Level 1:colcon.colcon_core.package_discovery:discover_packages(ignore) discover
[0.911s] Level 1:colcon.colcon_core.package_discovery:discover_packages(ignore) using defaults
[0.911s] Level 1:colcon.colcon_core.package_discovery:discover_packages(path) discover
[0.911s] Level 1:colcon.colcon_core.package_discovery:discover_packages(path) using defaults
[0.974s] Level 1:colcon.colcon_core.package_discovery:discover_packages(prefix_path) check parameters
[0.975s] Level 1:colcon.colcon_core.package_discovery:discover_packages(prefix_path) discover
[0.978s] DEBUG:colcon.colcon_installed_package_information.package_discovery:Found 3 installed packages in /home/yamashita/robot_2024/install
[0.979s] DEBUG:colcon.colcon_installed_package_information.package_discovery:Found 3 installed packages in /home/yamashita/Robot_ws/install
[0.980s] DEBUG:colcon.colcon_installed_package_information.package_discovery:Found 4 installed packages in /home/yamashita/LegControll/install
[0.982s] DEBUG:colcon.colcon_installed_package_information.package_discovery:Found 3 installed packages in /home/yamashita/auto_robot_2024/install
[0.984s] DEBUG:colcon.colcon_installed_package_information.package_discovery:Found 417 installed packages in /opt/ros/humble
[0.990s] Level 1:colcon.colcon_core.package_discovery:discover_packages(prefix_path) using defaults
[1.080s] Level 5:colcon.colcon_core.verb:set package 'gazebo_robot_2024' build argument 'cmake_args' from command line to 'None'
[1.080s] Level 5:colcon.colcon_core.verb:set package 'gazebo_robot_2024' build argument 'cmake_target' from command line to 'None'
[1.080s] Level 5:colcon.colcon_core.verb:set package 'gazebo_robot_2024' build argument 'cmake_target_skip_unavailable' from command line to 'False'
[1.080s] Level 5:colcon.colcon_core.verb:set package 'gazebo_robot_2024' build argument 'cmake_clean_cache' from command line to 'False'
[1.080s] Level 5:colcon.colcon_core.verb:set package 'gazebo_robot_2024' build argument 'cmake_clean_first' from command line to 'False'
[1.080s] Level 5:colcon.colcon_core.verb:set package 'gazebo_robot_2024' build argument 'cmake_force_configure' from command line to 'False'
[1.080s] Level 5:colcon.colcon_core.verb:set package 'gazebo_robot_2024' build argument 'ament_cmake_args' from command line to 'None'
[1.080s] Level 5:colcon.colcon_core.verb:set package 'gazebo_robot_2024' build argument 'catkin_cmake_args' from command line to 'None'
[1.080s] Level 5:colcon.colcon_core.verb:set package 'gazebo_robot_2024' build argument 'catkin_skip_building_tests' from command line to 'False'
[1.080s] DEBUG:colcon.colcon_core.verb:Building package 'gazebo_robot_2024' with the following arguments: {'ament_cmake_args': None, 'build_base': '/home/yamashita/robot_2024/build/gazebo_robot_2024', 'catkin_cmake_args': None, 'catkin_skip_building_tests': False, 'cmake_args': None, 'cmake_clean_cache': False, 'cmake_clean_first': False, 'cmake_force_configure': False, 'cmake_target': None, 'cmake_target_skip_unavailable': False, 'install_base': '/home/yamashita/robot_2024/install/gazebo_robot_2024', 'merge_install': False, 'path': '/home/yamashita/robot_2024/src/gazebo_robot_2024', 'symlink_install': False, 'test_result_base': None}
[1.082s] Level 5:colcon.colcon_core.verb:set package 'robot_2024' build argument 'cmake_args' from command line to 'None'
[1.082s] Level 5:colcon.colcon_core.verb:set package 'robot_2024' build argument 'cmake_target' from command line to 'None'
[1.082s] Level 5:colcon.colcon_core.verb:set package 'robot_2024' build argument 'cmake_target_skip_unavailable' from command line to 'False'
[1.083s] Level 5:colcon.colcon_core.verb:set package 'robot_2024' build argument 'cmake_clean_cache' from command line to 'False'
[1.083s] Level 5:colcon.colcon_core.verb:set package 'robot_2024' build argument 'cmake_clean_first' from command line to 'False'
[1.083s] Level 5:colcon.colcon_core.verb:set package 'robot_2024' build argument 'cmake_force_configure' from command line to 'False'
[1.083s] Level 5:colcon.colcon_core.verb:set package 'robot_2024' build argument 'ament_cmake_args' from command line to 'None'
[1.083s] Level 5:colcon.colcon_core.verb:set package 'robot_2024' build argument 'catkin_cmake_args' from command line to 'None'
[1.083s] Level 5:colcon.colcon_core.verb:set package 'robot_2024' build argument 'catkin_skip_building_tests' from command line to 'False'
[1.083s] DEBUG:colcon.colcon_core.verb:Building package 'robot_2024' with the following arguments: {'ament_cmake_args': None, 'build_base': '/home/yamashita/robot_2024/build/robot_2024', 'catkin_cmake_args': None, 'catkin_skip_building_tests': False, 'cmake_args': None, 'cmake_clean_cache': False, 'cmake_clean_first': False, 'cmake_force_configure': False, 'cmake_target': None, 'cmake_target_skip_unavailable': False, 'install_base': '/home/yamashita/robot_2024/install/robot_2024', 'merge_install': False, 'path': '/home/yamashita/robot_2024/src/robot_2024', 'symlink_install': False, 'test_result_base': None}
[1.083s] INFO:colcon.colcon_core.executor:Executing jobs using 'parallel' executor
[1.086s] DEBUG:colcon.colcon_parallel_executor.executor.parallel:run_until_complete
[1.087s] INFO:colcon.colcon_ros.task.ament_python.build:Building ROS package in '/home/yamashita/robot_2024/src/gazebo_robot_2024' with build type 'ament_python'
[1.088s] Level 1:colcon.colcon_core.shell:create_environment_hook('gazebo_robot_2024', 'ament_prefix_path')
[1.094s] INFO:colcon.colcon_core.plugin_system:Skipping extension 'colcon_core.shell.bat': Not used on non-Windows systems
[1.095s] INFO:colcon.colcon_core.shell:Creating environment hook '/home/yamashita/robot_2024/install/gazebo_robot_2024/share/gazebo_robot_2024/hook/ament_prefix_path.ps1'
[1.096s] INFO:colcon.colcon_core.shell:Creating environment descriptor '/home/yamashita/robot_2024/install/gazebo_robot_2024/share/gazebo_robot_2024/hook/ament_prefix_path.dsv'
[1.098s] INFO:colcon.colcon_core.shell:Creating environment hook '/home/yamashita/robot_2024/install/gazebo_robot_2024/share/gazebo_robot_2024/hook/ament_prefix_path.sh'
[1.103s] INFO:colcon.colcon_core.shell:Skip shell extension 'powershell' for command environment: Not usable outside of PowerShell
[1.104s] DEBUG:colcon.colcon_core.shell:Skip shell extension 'dsv' for command environment
[1.120s] INFO:colcon.colcon_ros.task.ament_python.build:Building ROS package in '/home/yamashita/robot_2024/src/robot_2024' with build type 'ament_python'
[1.123s] Level 1:colcon.colcon_core.shell:create_environment_hook('robot_2024', 'ament_prefix_path')
[1.125s] INFO:colcon.colcon_core.shell:Creating environment hook '/home/yamashita/robot_2024/install/robot_2024/share/robot_2024/hook/ament_prefix_path.ps1'
[1.127s] INFO:colcon.colcon_core.shell:Creating environment descriptor '/home/yamashita/robot_2024/install/robot_2024/share/robot_2024/hook/ament_prefix_path.dsv'
[1.128s] INFO:colcon.colcon_core.shell:Creating environment hook '/home/yamashita/robot_2024/install/robot_2024/share/robot_2024/hook/ament_prefix_path.sh'
[1.130s] INFO:colcon.colcon_core.shell:Skip shell extension 'powershell' for command environment: Not usable outside of PowerShell
[1.131s] DEBUG:colcon.colcon_core.shell:Skip shell extension 'dsv' for command environment
[1.828s] INFO:colcon.colcon_core.task.python.build:Building Python package in '/home/yamashita/robot_2024/src/gazebo_robot_2024'
[1.828s] INFO:colcon.colcon_core.shell:Skip shell extension 'powershell' for command environment: Not usable outside of PowerShell
[1.828s] DEBUG:colcon.colcon_core.shell:Skip shell extension 'dsv' for command environment
[2.528s] INFO:colcon.colcon_core.task.python.build:Building Python package in '/home/yamashita/robot_2024/src/robot_2024'
[2.529s] INFO:colcon.colcon_core.shell:Skip shell extension 'powershell' for command environment: Not usable outside of PowerShell
[2.529s] DEBUG:colcon.colcon_core.shell:Skip shell extension 'dsv' for command environment
[3.766s] DEBUG:colcon.colcon_core.event_handler.log_command:Invoking command in '/home/yamashita/robot_2024/src/robot_2024': PYTHONPATH=/home/yamashita/robot_2024/build/robot_2024/prefix_override:/home/yamashita/robot_2024/install/robot_2024/lib/python3.10/site-packages:${PYTHONPATH} /usr/bin/python3 -W ignore:setup.py install is deprecated setup.py egg_info --egg-base ../../build/robot_2024 build --build-base /home/yamashita/robot_2024/build/robot_2024/build install --record /home/yamashita/robot_2024/build/robot_2024/install.log --single-version-externally-managed install_data
[3.786s] DEBUG:colcon.colcon_core.event_handler.log_command:Invoking command in '/home/yamashita/robot_2024/src/gazebo_robot_2024': PYTHONPATH=/home/yamashita/robot_2024/build/gazebo_robot_2024/prefix_override:/home/yamashita/robot_2024/install/gazebo_robot_2024/lib/python3.10/site-packages:${PYTHONPATH} /usr/bin/python3 -W ignore:setup.py install is deprecated setup.py egg_info --egg-base ../../build/gazebo_robot_2024 build --build-base /home/yamashita/robot_2024/build/gazebo_robot_2024/build install --record /home/yamashita/robot_2024/build/gazebo_robot_2024/install.log --single-version-externally-managed install_data
[4.721s] DEBUG:colcon.colcon_core.event_handler.log_command:Invoked command in '/home/yamashita/robot_2024/src/robot_2024' returned '0': PYTHONPATH=/home/yamashita/robot_2024/build/robot_2024/prefix_override:/home/yamashita/robot_2024/install/robot_2024/lib/python3.10/site-packages:${PYTHONPATH} /usr/bin/python3 -W ignore:setup.py install is deprecated setup.py egg_info --egg-base ../../build/robot_2024 build --build-base /home/yamashita/robot_2024/build/robot_2024/build install --record /home/yamashita/robot_2024/build/robot_2024/install.log --single-version-externally-managed install_data
[4.728s] Level 1:colcon.colcon_core.environment:checking '/home/yamashita/robot_2024/install/robot_2024' for CMake module files
[4.733s] Level 1:colcon.colcon_core.environment:checking '/home/yamashita/robot_2024/install/robot_2024' for CMake config files
[4.735s] Level 1:colcon.colcon_core.environment:checking '/home/yamashita/robot_2024/install/robot_2024/lib'
[4.736s] Level 1:colcon.colcon_core.environment:checking '/home/yamashita/robot_2024/install/robot_2024/bin'
[4.736s] Level 1:colcon.colcon_core.environment:checking '/home/yamashita/robot_2024/install/robot_2024/lib/pkgconfig/robot_2024.pc'
[4.737s] Level 1:colcon.colcon_core.environment:checking '/home/yamashita/robot_2024/install/robot_2024/lib/python3.10/site-packages'
[4.737s] Level 1:colcon.colcon_core.shell:create_environment_hook('robot_2024', 'pythonpath')
[4.738s] INFO:colcon.colcon_core.shell:Creating environment hook '/home/yamashita/robot_2024/install/robot_2024/share/robot_2024/hook/pythonpath.ps1'
[4.739s] INFO:colcon.colcon_core.shell:Creating environment descriptor '/home/yamashita/robot_2024/install/robot_2024/share/robot_2024/hook/pythonpath.dsv'
[4.740s] INFO:colcon.colcon_core.shell:Creating environment hook '/home/yamashita/robot_2024/install/robot_2024/share/robot_2024/hook/pythonpath.sh'
[4.742s] Level 1:colcon.colcon_core.environment:checking '/home/yamashita/robot_2024/install/robot_2024/bin'
[4.742s] Level 1:colcon.colcon_core.environment:create_environment_scripts_only(robot_2024)
[4.743s] INFO:colcon.colcon_core.shell:Creating package script '/home/yamashita/robot_2024/install/robot_2024/share/robot_2024/package.ps1'
[4.745s] INFO:colcon.colcon_core.shell:Creating package descriptor '/home/yamashita/robot_2024/install/robot_2024/share/robot_2024/package.dsv'
[4.747s] INFO:colcon.colcon_core.shell:Creating package script '/home/yamashita/robot_2024/install/robot_2024/share/robot_2024/package.sh'
[4.748s] INFO:colcon.colcon_core.shell:Creating package script '/home/yamashita/robot_2024/install/robot_2024/share/robot_2024/package.bash'
[4.750s] INFO:colcon.colcon_core.shell:Creating package script '/home/yamashita/robot_2024/install/robot_2024/share/robot_2024/package.zsh'
[4.751s] Level 1:colcon.colcon_core.environment:create_file_with_runtime_dependencies(/home/yamashita/robot_2024/install/robot_2024/share/colcon-core/packages/robot_2024)
[4.757s] Level 1:colcon.colcon_core.environment:checking '/home/yamashita/robot_2024/install/gazebo_robot_2024' for CMake module files
[4.761s] DEBUG:colcon.colcon_core.event_handler.log_command:Invoked command in '/home/yamashita/robot_2024/src/gazebo_robot_2024' returned '0': PYTHONPATH=/home/yamashita/robot_2024/build/gazebo_robot_2024/prefix_override:/home/yamashita/robot_2024/install/gazebo_robot_2024/lib/python3.10/site-packages:${PYTHONPATH} /usr/bin/python3 -W ignore:setup.py install is deprecated setup.py egg_info --egg-base ../../build/gazebo_robot_2024 build --build-base /home/yamashita/robot_2024/build/gazebo_robot_2024/build install --record /home/yamashita/robot_2024/build/gazebo_robot_2024/install.log --single-version-externally-managed install_data
[4.761s] Level 1:colcon.colcon_core.environment:checking '/home/yamashita/robot_2024/install/gazebo_robot_2024' for CMake config files
[4.763s] Level 1:colcon.colcon_core.environment:checking '/home/yamashita/robot_2024/install/gazebo_robot_2024/lib'
[4.764s] Level 1:colcon.colcon_core.environment:checking '/home/yamashita/robot_2024/install/gazebo_robot_2024/bin'
[4.764s] Level 1:colcon.colcon_core.environment:checking '/home/yamashita/robot_2024/install/gazebo_robot_2024/lib/pkgconfig/gazebo_robot_2024.pc'
[4.765s] Level 1:colcon.colcon_core.environment:checking '/home/yamashita/robot_2024/install/gazebo_robot_2024/lib/python3.10/site-packages'
[4.765s] Level 1:colcon.colcon_core.shell:create_environment_hook('gazebo_robot_2024', 'pythonpath')
[4.766s] INFO:colcon.colcon_core.shell:Creating environment hook '/home/yamashita/robot_2024/install/gazebo_robot_2024/share/gazebo_robot_2024/hook/pythonpath.ps1'
[4.766s] INFO:colcon.colcon_core.shell:Creating environment descriptor '/home/yamashita/robot_2024/install/gazebo_robot_2024/share/gazebo_robot_2024/hook/pythonpath.dsv'
[4.767s] INFO:colcon.colcon_core.shell:Creating environment hook '/home/yamashita/robot_2024/install/gazebo_robot_2024/share/gazebo_robot_2024/hook/pythonpath.sh'
[4.768s] Level 1:colcon.colcon_core.environment:checking '/home/yamashita/robot_2024/install/gazebo_robot_2024/bin'
[4.768s] Level 1:colcon.colcon_core.environment:create_environment_scripts_only(gazebo_robot_2024)
[4.769s] INFO:colcon.colcon_core.shell:Creating package script '/home/yamashita/robot_2024/install/gazebo_robot_2024/share/gazebo_robot_2024/package.ps1'
[4.770s] INFO:colcon.colcon_core.shell:Creating package descriptor '/home/yamashita/robot_2024/install/gazebo_robot_2024/share/gazebo_robot_2024/package.dsv'
[4.771s] INFO:colcon.colcon_core.shell:Creating package script '/home/yamashita/robot_2024/install/gazebo_robot_2024/share/gazebo_robot_2024/package.sh'
[4.773s] INFO:colcon.colcon_core.shell:Creating package script '/home/yamashita/robot_2024/install/gazebo_robot_2024/share/gazebo_robot_2024/package.bash'
[4.774s] INFO:colcon.colcon_core.shell:Creating package script '/home/yamashita/robot_2024/install/gazebo_robot_2024/share/gazebo_robot_2024/package.zsh'
[4.775s] Level 1:colcon.colcon_core.environment:create_file_with_runtime_dependencies(/home/yamashita/robot_2024/install/gazebo_robot_2024/share/colcon-core/packages/gazebo_robot_2024)
[4.775s] DEBUG:colcon.colcon_parallel_executor.executor.parallel:closing loop
[4.777s] DEBUG:colcon.colcon_parallel_executor.executor.parallel:loop closed
[4.778s] DEBUG:colcon.colcon_parallel_executor.executor.parallel:run_until_complete finished with '0'
[4.779s] DEBUG:colcon.colcon_core.event_reactor:joining thread
[4.939s] INFO:colcon.colcon_core.plugin_system:Skipping extension 'colcon_notification.desktop_notification.notify_send': Could not find 'notify-send'
[4.939s] INFO:colcon.colcon_core.plugin_system:Skipping extension 'colcon_notification.desktop_notification.terminal_notifier': Not used on non-Darwin systems
[4.939s] INFO:colcon.colcon_core.plugin_system:Skipping extension 'colcon_notification.desktop_notification.win32': Not used on non-Windows systems
[4.939s] INFO:colcon.colcon_notification.desktop_notification:Sending desktop notification using 'notify2'
[4.940s] DEBUG:colcon.colcon_notification.desktop_notification.notify2:Failed to initialize notify2: org.freedesktop.DBus.Error.FileNotFound: Failed to connect to socket /run/user/1000/bus: No such file or directory
[4.940s] DEBUG:colcon.colcon_core.event_reactor:joined thread
[4.941s] INFO:colcon.colcon_core.shell:Creating prefix script '/home/yamashita/robot_2024/install/local_setup.ps1'
[4.944s] INFO:colcon.colcon_core.shell:Creating prefix util module '/home/yamashita/robot_2024/install/_local_setup_util_ps1.py'
[4.947s] INFO:colcon.colcon_core.shell:Creating prefix chain script '/home/yamashita/robot_2024/install/setup.ps1'
[4.951s] INFO:colcon.colcon_core.shell:Creating prefix script '/home/yamashita/robot_2024/install/local_setup.sh'
[4.952s] INFO:colcon.colcon_core.shell:Creating prefix util module '/home/yamashita/robot_2024/install/_local_setup_util_sh.py'
[4.953s] INFO:colcon.colcon_core.shell:Creating prefix chain script '/home/yamashita/robot_2024/install/setup.sh'
[4.955s] INFO:colcon.colcon_core.shell:Creating prefix script '/home/yamashita/robot_2024/install/local_setup.bash'
[4.957s] INFO:colcon.colcon_core.shell:Creating prefix chain script '/home/yamashita/robot_2024/install/setup.bash'
[4.959s] INFO:colcon.colcon_core.shell:Creating prefix script '/home/yamashita/robot_2024/install/local_setup.zsh'
[4.961s] INFO:colcon.colcon_core.shell:Creating prefix chain script '/home/yamashita/robot_2024/install/setup.zsh'
