running egg_info
creating ../../build/robot_2024/robot_2024.egg-info
writing ../../build/robot_2024/robot_2024.egg-info/PKG-INFO
writing dependency_links to ../../build/robot_2024/robot_2024.egg-info/dependency_links.txt
writing entry points to ../../build/robot_2024/robot_2024.egg-info/entry_points.txt
writing requirements to ../../build/robot_2024/robot_2024.egg-info/requires.txt
writing top-level names to ../../build/robot_2024/robot_2024.egg-info/top_level.txt
writing manifest file '../../build/robot_2024/robot_2024.egg-info/SOURCES.txt'
reading manifest file '../../build/robot_2024/robot_2024.egg-info/SOURCES.txt'
writing manifest file '../../build/robot_2024/robot_2024.egg-info/SOURCES.txt'
running build
running build_py
creating /home/yamashita/robot_2024/build/robot_2024/build
creating /home/yamashita/robot_2024/build/robot_2024/build/lib
creating /home/yamashita/robot_2024/build/robot_2024/build/lib/robot_2024
copying robot_2024/__init__.py -> /home/yamashita/robot_2024/build/robot_2024/build/lib/robot_2024
running install
running install_lib
creating /home/yamashita/robot_2024/install/robot_2024/lib/python3.10/site-packages/robot_2024
copying /home/yamashita/robot_2024/build/robot_2024/build/lib/robot_2024/__init__.py -> /home/yamashita/robot_2024/install/robot_2024/lib/python3.10/site-packages/robot_2024
byte-compiling /home/yamashita/robot_2024/install/robot_2024/lib/python3.10/site-packages/robot_2024/__init__.py to __init__.cpython-310.pyc
running install_data
creating /home/yamashita/robot_2024/install/robot_2024/share/ament_index
creating /home/yamashita/robot_2024/install/robot_2024/share/ament_index/resource_index
creating /home/yamashita/robot_2024/install/robot_2024/share/ament_index/resource_index/packages
copying resource/robot_2024 -> /home/yamashita/robot_2024/install/robot_2024/share/ament_index/resource_index/packages
copying package.xml -> /home/yamashita/robot_2024/install/robot_2024/share/robot_2024
running install_egg_info
Copying ../../build/robot_2024/robot_2024.egg-info to /home/yamashita/robot_2024/install/robot_2024/lib/python3.10/site-packages/robot_2024-0.0.0-py3.10.egg-info
running install_scripts
writing list of installed files to '/home/yamashita/robot_2024/build/robot_2024/install.log'
