[1.098s] Invoking command in '/home/yamashita/robot_2024/src/robot_2024': PYTHONPATH=/home/yamashita/robot_2024/build/robot_2024/prefix_override:/home/yamashita/robot_2024/install/robot_2024/lib/python3.10/site-packages:${PYTHONPATH} /usr/bin/python3 -W ignore:setup.py install is deprecated setup.py egg_info --egg-base ../../build/robot_2024 build --build-base /home/yamashita/robot_2024/build/robot_2024/build install --record /home/yamashita/robot_2024/build/robot_2024/install.log --single-version-externally-managed install_data
[1.435s] running egg_info
[1.436s] creating ../../build/robot_2024/robot_2024.egg-info
[1.437s] writing ../../build/robot_2024/robot_2024.egg-info/PKG-INFO
[1.437s] writing dependency_links to ../../build/robot_2024/robot_2024.egg-info/dependency_links.txt
[1.437s] writing entry points to ../../build/robot_2024/robot_2024.egg-info/entry_points.txt
[1.438s] writing requirements to ../../build/robot_2024/robot_2024.egg-info/requires.txt
[1.438s] writing top-level names to ../../build/robot_2024/robot_2024.egg-info/top_level.txt
[1.438s] writing manifest file '../../build/robot_2024/robot_2024.egg-info/SOURCES.txt'
[1.442s] reading manifest file '../../build/robot_2024/robot_2024.egg-info/SOURCES.txt'
[1.443s] writing manifest file '../../build/robot_2024/robot_2024.egg-info/SOURCES.txt'
[1.443s] running build
[1.444s] running build_py
[1.444s] creating /home/yamashita/robot_2024/build/robot_2024/build
[1.445s] creating /home/yamashita/robot_2024/build/robot_2024/build/lib
[1.445s] creating /home/yamashita/robot_2024/build/robot_2024/build/lib/robot_2024
[1.445s] copying robot_2024/__init__.py -> /home/yamashita/robot_2024/build/robot_2024/build/lib/robot_2024
[1.446s] running install
[1.446s] running install_lib
[1.446s] creating /home/yamashita/robot_2024/install/robot_2024/lib/python3.10/site-packages/robot_2024
[1.447s] copying /home/yamashita/robot_2024/build/robot_2024/build/lib/robot_2024/__init__.py -> /home/yamashita/robot_2024/install/robot_2024/lib/python3.10/site-packages/robot_2024
[1.447s] byte-compiling /home/yamashita/robot_2024/install/robot_2024/lib/python3.10/site-packages/robot_2024/__init__.py to __init__.cpython-310.pyc
[1.448s] running install_data
[1.449s] creating /home/yamashita/robot_2024/install/robot_2024/share/ament_index
[1.449s] creating /home/yamashita/robot_2024/install/robot_2024/share/ament_index/resource_index
[1.449s] creating /home/yamashita/robot_2024/install/robot_2024/share/ament_index/resource_index/packages
[1.449s] copying resource/robot_2024 -> /home/yamashita/robot_2024/install/robot_2024/share/ament_index/resource_index/packages
[1.449s] copying package.xml -> /home/yamashita/robot_2024/install/robot_2024/share/robot_2024
[1.450s] running install_egg_info
[1.451s] Copying ../../build/robot_2024/robot_2024.egg-info to /home/yamashita/robot_2024/install/robot_2024/lib/python3.10/site-packages/robot_2024-0.0.0-py3.10.egg-info
[1.452s] running install_scripts
[1.481s] writing list of installed files to '/home/yamashita/robot_2024/build/robot_2024/install.log'
[1.521s] Invoked command in '/home/yamashita/robot_2024/src/robot_2024' returned '0': PYTHONPATH=/home/yamashita/robot_2024/build/robot_2024/prefix_override:/home/yamashita/robot_2024/install/robot_2024/lib/python3.10/site-packages:${PYTHONPATH} /usr/bin/python3 -W ignore:setup.py install is deprecated setup.py egg_info --egg-base ../../build/robot_2024 build --build-base /home/yamashita/robot_2024/build/robot_2024/build install --record /home/yamashita/robot_2024/build/robot_2024/install.log --single-version-externally-managed install_data
