[0.810s] Invoking command in '/home/yamashita/robot_2024/src/robot_2024': PYTHONPATH=/home/yamashita/robot_2024/build/robot_2024/prefix_override:/home/yamashita/robot_2024/install/robot_2024/lib/python3.10/site-packages:${PYTHONPATH} /usr/bin/python3 -W ignore:setup.py install is deprecated setup.py egg_info --egg-base ../../build/robot_2024 build --build-base /home/yamashita/robot_2024/build/robot_2024/build install --record /home/yamashita/robot_2024/build/robot_2024/install.log --single-version-externally-managed install_data
[1.011s] running egg_info
[1.014s] writing ../../build/robot_2024/robot_2024.egg-info/PKG-INFO
[1.014s] writing dependency_links to ../../build/robot_2024/robot_2024.egg-info/dependency_links.txt
[1.014s] writing entry points to ../../build/robot_2024/robot_2024.egg-info/entry_points.txt
[1.015s] writing requirements to ../../build/robot_2024/robot_2024.egg-info/requires.txt
[1.015s] writing top-level names to ../../build/robot_2024/robot_2024.egg-info/top_level.txt
[1.017s] reading manifest file '../../build/robot_2024/robot_2024.egg-info/SOURCES.txt'
[1.018s] writing manifest file '../../build/robot_2024/robot_2024.egg-info/SOURCES.txt'
[1.018s] running build
[1.018s] running build_py
[1.019s] running install
[1.019s] running install_lib
[1.020s] running install_data
[1.020s] running install_egg_info
[1.022s] removing '/home/yamashita/robot_2024/install/robot_2024/lib/python3.10/site-packages/robot_2024-0.0.0-py3.10.egg-info' (and everything under it)
[1.022s] Copying ../../build/robot_2024/robot_2024.egg-info to /home/yamashita/robot_2024/install/robot_2024/lib/python3.10/site-packages/robot_2024-0.0.0-py3.10.egg-info
[1.025s] running install_scripts
[1.043s] writing list of installed files to '/home/yamashita/robot_2024/build/robot_2024/install.log'
[1.068s] Invoked command in '/home/yamashita/robot_2024/src/robot_2024' returned '0': PYTHONPATH=/home/yamashita/robot_2024/build/robot_2024/prefix_override:/home/yamashita/robot_2024/install/robot_2024/lib/python3.10/site-packages:${PYTHONPATH} /usr/bin/python3 -W ignore:setup.py install is deprecated setup.py egg_info --egg-base ../../build/robot_2024 build --build-base /home/yamashita/robot_2024/build/robot_2024/build install --record /home/yamashita/robot_2024/build/robot_2024/install.log --single-version-externally-managed install_data
