[0.682s] Invoking command in '/home/yamashita/robot_2024/src/robot_2024': PYTHONPATH=/home/yamashita/robot_2024/build/robot_2024/prefix_override:/home/yamashita/robot_2024/install/robot_2024/lib/python3.10/site-packages:${PYTHONPATH} /usr/bin/python3 -W ignore:setup.py install is deprecated setup.py egg_info --egg-base ../../build/robot_2024 build --build-base /home/yamashita/robot_2024/build/robot_2024/build install --record /home/yamashita/robot_2024/build/robot_2024/install.log --single-version-externally-managed install_data
[0.866s] running egg_info
[0.867s] writing ../../build/robot_2024/robot_2024.egg-info/PKG-INFO
[0.867s] writing dependency_links to ../../build/robot_2024/robot_2024.egg-info/dependency_links.txt
[0.867s] writing entry points to ../../build/robot_2024/robot_2024.egg-info/entry_points.txt
[0.867s] writing requirements to ../../build/robot_2024/robot_2024.egg-info/requires.txt
[0.867s] writing top-level names to ../../build/robot_2024/robot_2024.egg-info/top_level.txt
[0.868s] reading manifest file '../../build/robot_2024/robot_2024.egg-info/SOURCES.txt'
[0.869s] writing manifest file '../../build/robot_2024/robot_2024.egg-info/SOURCES.txt'
[0.869s] running build
[0.869s] running build_py
[0.869s] copying robot_2024/serial.py -> /home/yamashita/robot_2024/build/robot_2024/build/lib/robot_2024
[0.870s] running install
[0.870s] running install_lib
[0.870s] copying /home/yamashita/robot_2024/build/robot_2024/build/lib/robot_2024/serial.py -> /home/yamashita/robot_2024/install/robot_2024/lib/python3.10/site-packages/robot_2024
[0.871s] byte-compiling /home/yamashita/robot_2024/install/robot_2024/lib/python3.10/site-packages/robot_2024/serial.py to serial.cpython-310.pyc
[0.872s] running install_data
[0.872s] running install_egg_info
[0.874s] removing '/home/yamashita/robot_2024/install/robot_2024/lib/python3.10/site-packages/robot_2024-0.0.0-py3.10.egg-info' (and everything under it)
[0.874s] Copying ../../build/robot_2024/robot_2024.egg-info to /home/yamashita/robot_2024/install/robot_2024/lib/python3.10/site-packages/robot_2024-0.0.0-py3.10.egg-info
[0.875s] running install_scripts
[0.890s] Installing serial script to /home/yamashita/robot_2024/install/robot_2024/lib/robot_2024
[0.890s] Installing webControll script to /home/yamashita/robot_2024/install/robot_2024/lib/robot_2024
[0.890s] Installing yaslam script to /home/yamashita/robot_2024/install/robot_2024/lib/robot_2024
[0.890s] writing list of installed files to '/home/yamashita/robot_2024/build/robot_2024/install.log'
[0.921s] Invoked command in '/home/yamashita/robot_2024/src/robot_2024' returned '0': PYTHONPATH=/home/yamashita/robot_2024/build/robot_2024/prefix_override:/home/yamashita/robot_2024/install/robot_2024/lib/python3.10/site-packages:${PYTHONPATH} /usr/bin/python3 -W ignore:setup.py install is deprecated setup.py egg_info --egg-base ../../build/robot_2024 build --build-base /home/yamashita/robot_2024/build/robot_2024/build install --record /home/yamashita/robot_2024/build/robot_2024/install.log --single-version-externally-managed install_data
