[4.655s] Invoking command in '/home/yamashita/robot_2024/src/gazebo_robot_2024': PYTHONPATH=/home/yamashita/robot_2024/build/gazebo_robot_2024/prefix_override:/home/yamashita/robot_2024/install/gazebo_robot_2024/lib/python3.10/site-packages:${PYTHONPATH} /usr/bin/python3 -W ignore:setup.py install is deprecated setup.py egg_info --egg-base ../../build/gazebo_robot_2024 build --build-base /home/yamashita/robot_2024/build/gazebo_robot_2024/build install --record /home/yamashita/robot_2024/build/gazebo_robot_2024/install.log --single-version-externally-managed install_data
[5.980s] running egg_info
[5.983s] writing ../../build/gazebo_robot_2024/gazebo_robot_2024.egg-info/PKG-INFO
[5.985s] writing dependency_links to ../../build/gazebo_robot_2024/gazebo_robot_2024.egg-info/dependency_links.txt
[5.986s] writing entry points to ../../build/gazebo_robot_2024/gazebo_robot_2024.egg-info/entry_points.txt
[5.986s] writing requirements to ../../build/gazebo_robot_2024/gazebo_robot_2024.egg-info/requires.txt
[5.987s] writing top-level names to ../../build/gazebo_robot_2024/gazebo_robot_2024.egg-info/top_level.txt
[5.995s] reading manifest file '../../build/gazebo_robot_2024/gazebo_robot_2024.egg-info/SOURCES.txt'
[6.000s] writing manifest file '../../build/gazebo_robot_2024/gazebo_robot_2024.egg-info/SOURCES.txt'
[6.001s] running build
[6.001s] running build_py
[6.002s] running install
[6.003s] running install_lib
[6.010s] running install_data
[6.012s] running install_egg_info
[6.019s] removing '/home/yamashita/robot_2024/install/gazebo_robot_2024/lib/python3.10/site-packages/gazebo_robot_2024-0.0.0-py3.10.egg-info' (and everything under it)
[6.021s] Copying ../../build/gazebo_robot_2024/gazebo_robot_2024.egg-info to /home/yamashita/robot_2024/install/gazebo_robot_2024/lib/python3.10/site-packages/gazebo_robot_2024-0.0.0-py3.10.egg-info
[6.028s] running install_scripts
[6.117s] Installing controll script to /home/yamashita/robot_2024/install/gazebo_robot_2024/lib/gazebo_robot_2024
[6.121s] writing list of installed files to '/home/yamashita/robot_2024/build/gazebo_robot_2024/install.log'
[6.352s] Invoked command in '/home/yamashita/robot_2024/src/gazebo_robot_2024' returned '0': PYTHONPATH=/home/yamashita/robot_2024/build/gazebo_robot_2024/prefix_override:/home/yamashita/robot_2024/install/gazebo_robot_2024/lib/python3.10/site-packages:${PYTHONPATH} /usr/bin/python3 -W ignore:setup.py install is deprecated setup.py egg_info --egg-base ../../build/gazebo_robot_2024 build --build-base /home/yamashita/robot_2024/build/gazebo_robot_2024/build install --record /home/yamashita/robot_2024/build/gazebo_robot_2024/install.log --single-version-externally-managed install_data
