[4.587s] Invoking command in '/home/yamashita/robot_2024/src/robot_2024': PYTHONPATH=/home/yamashita/robot_2024/build/robot_2024/prefix_override:/home/yamashita/robot_2024/install/robot_2024/lib/python3.10/site-packages:${PYTHONPATH} /usr/bin/python3 -W ignore:setup.py install is deprecated setup.py egg_info --egg-base ../../build/robot_2024 build --build-base /home/yamashita/robot_2024/build/robot_2024/build install --record /home/yamashita/robot_2024/build/robot_2024/install.log --single-version-externally-managed install_data
[5.919s] running egg_info
[5.922s] writing ../../build/robot_2024/robot_2024.egg-info/PKG-INFO
[5.923s] writing dependency_links to ../../build/robot_2024/robot_2024.egg-info/dependency_links.txt
[5.924s] writing entry points to ../../build/robot_2024/robot_2024.egg-info/entry_points.txt
[5.925s] writing requirements to ../../build/robot_2024/robot_2024.egg-info/requires.txt
[5.925s] writing top-level names to ../../build/robot_2024/robot_2024.egg-info/top_level.txt
[5.935s] reading manifest file '../../build/robot_2024/robot_2024.egg-info/SOURCES.txt'
[5.939s] writing manifest file '../../build/robot_2024/robot_2024.egg-info/SOURCES.txt'
[5.939s] running build
[5.940s] running build_py
[5.942s] running install
[5.943s] running install_lib
[5.950s] running install_data
[5.951s] running install_egg_info
[5.959s] removing '/home/yamashita/robot_2024/install/robot_2024/lib/python3.10/site-packages/robot_2024-0.0.0-py3.10.egg-info' (and everything under it)
[5.960s] Copying ../../build/robot_2024/robot_2024.egg-info to /home/yamashita/robot_2024/install/robot_2024/lib/python3.10/site-packages/robot_2024-0.0.0-py3.10.egg-info
[5.967s] running install_scripts
[6.052s] Installing serial script to /home/yamashita/robot_2024/install/robot_2024/lib/robot_2024
[6.053s] Installing webControll script to /home/yamashita/robot_2024/install/robot_2024/lib/robot_2024
[6.054s] Installing yaslam script to /home/yamashita/robot_2024/install/robot_2024/lib/robot_2024
[6.056s] writing list of installed files to '/home/yamashita/robot_2024/build/robot_2024/install.log'
[6.241s] Invoked command in '/home/yamashita/robot_2024/src/robot_2024' returned '0': PYTHONPATH=/home/yamashita/robot_2024/build/robot_2024/prefix_override:/home/yamashita/robot_2024/install/robot_2024/lib/python3.10/site-packages:${PYTHONPATH} /usr/bin/python3 -W ignore:setup.py install is deprecated setup.py egg_info --egg-base ../../build/robot_2024 build --build-base /home/yamashita/robot_2024/build/robot_2024/build install --record /home/yamashita/robot_2024/build/robot_2024/install.log --single-version-externally-managed install_data
