[2.121s] Invoking command in '/home/yamashita/robot_2024/src/gazebo_robot_2024': PYTHONPATH=/home/yamashita/robot_2024/build/gazebo_robot_2024/prefix_override:/home/yamashita/robot_2024/install/gazebo_robot_2024/lib/python3.10/site-packages:${PYTHONPATH} /usr/bin/python3 -W ignore:setup.py install is deprecated setup.py egg_info --egg-base ../../build/gazebo_robot_2024 build --build-base /home/yamashita/robot_2024/build/gazebo_robot_2024/build install --record /home/yamashita/robot_2024/build/gazebo_robot_2024/install.log --single-version-externally-managed install_data
[2.666s] running egg_info
[2.667s] writing ../../build/gazebo_robot_2024/gazebo_robot_2024.egg-info/PKG-INFO
[2.668s] writing dependency_links to ../../build/gazebo_robot_2024/gazebo_robot_2024.egg-info/dependency_links.txt
[2.669s] writing entry points to ../../build/gazebo_robot_2024/gazebo_robot_2024.egg-info/entry_points.txt
[2.669s] writing requirements to ../../build/gazebo_robot_2024/gazebo_robot_2024.egg-info/requires.txt
[2.670s] writing top-level names to ../../build/gazebo_robot_2024/gazebo_robot_2024.egg-info/top_level.txt
[2.675s] reading manifest file '../../build/gazebo_robot_2024/gazebo_robot_2024.egg-info/SOURCES.txt'
[2.677s] writing manifest file '../../build/gazebo_robot_2024/gazebo_robot_2024.egg-info/SOURCES.txt'
[2.677s] running build
[2.677s] running build_py
[2.678s] running install
[2.679s] running install_lib
[2.681s] running install_data
[2.682s] running install_egg_info
[2.684s] removing '/home/yamashita/robot_2024/install/gazebo_robot_2024/lib/python3.10/site-packages/gazebo_robot_2024-0.0.0-py3.10.egg-info' (and everything under it)
[2.685s] Copying ../../build/gazebo_robot_2024/gazebo_robot_2024.egg-info to /home/yamashita/robot_2024/install/gazebo_robot_2024/lib/python3.10/site-packages/gazebo_robot_2024-0.0.0-py3.10.egg-info
[2.686s] running install_scripts
[2.733s] Installing controll script to /home/yamashita/robot_2024/install/gazebo_robot_2024/lib/gazebo_robot_2024
[2.735s] writing list of installed files to '/home/yamashita/robot_2024/build/gazebo_robot_2024/install.log'
[2.807s] Invoked command in '/home/yamashita/robot_2024/src/gazebo_robot_2024' returned '0': PYTHONPATH=/home/yamashita/robot_2024/build/gazebo_robot_2024/prefix_override:/home/yamashita/robot_2024/install/gazebo_robot_2024/lib/python3.10/site-packages:${PYTHONPATH} /usr/bin/python3 -W ignore:setup.py install is deprecated setup.py egg_info --egg-base ../../build/gazebo_robot_2024 build --build-base /home/yamashita/robot_2024/build/gazebo_robot_2024/build install --record /home/yamashita/robot_2024/build/gazebo_robot_2024/install.log --single-version-externally-managed install_data
