[0.669s] Invoking command in '/home/yamashita/robot_2024/src/robot_2024': PYTHONPATH=/home/yamashita/robot_2024/build/robot_2024/prefix_override:/home/yamashita/robot_2024/install/robot_2024/lib/python3.10/site-packages:${PYTHONPATH} WSLENV=ELECTRON_RUN_AS_NODE/w:WT_SESSION:WT_PROFILE_ID: /usr/bin/python3 -W ignore:setup.py install is deprecated setup.py egg_info --egg-base ../../build/robot_2024 build --build-base /home/yamashita/robot_2024/build/robot_2024/build install --record /home/yamashita/robot_2024/build/robot_2024/install.log --single-version-externally-managed install_data
[0.837s] running egg_info
[0.838s] writing ../../build/robot_2024/robot_2024.egg-info/PKG-INFO
[0.838s] writing dependency_links to ../../build/robot_2024/robot_2024.egg-info/dependency_links.txt
[0.838s] writing entry points to ../../build/robot_2024/robot_2024.egg-info/entry_points.txt
[0.838s] writing requirements to ../../build/robot_2024/robot_2024.egg-info/requires.txt
[0.838s] writing top-level names to ../../build/robot_2024/robot_2024.egg-info/top_level.txt
[0.839s] reading manifest file '../../build/robot_2024/robot_2024.egg-info/SOURCES.txt'
[0.840s] writing manifest file '../../build/robot_2024/robot_2024.egg-info/SOURCES.txt'
[0.840s] running build
[0.840s] running build_py
[0.840s] running install
[0.840s] running install_lib
[0.841s] running install_data
[0.841s] running install_egg_info
[0.842s] removing '/home/yamashita/robot_2024/install/robot_2024/lib/python3.10/site-packages/robot_2024-0.0.0-py3.10.egg-info' (and everything under it)
[0.842s] Copying ../../build/robot_2024/robot_2024.egg-info to /home/yamashita/robot_2024/install/robot_2024/lib/python3.10/site-packages/robot_2024-0.0.0-py3.10.egg-info
[0.843s] running install_scripts
[0.856s] writing list of installed files to '/home/yamashita/robot_2024/build/robot_2024/install.log'
[0.876s] Invoked command in '/home/yamashita/robot_2024/src/robot_2024' returned '0': PYTHONPATH=/home/yamashita/robot_2024/build/robot_2024/prefix_override:/home/yamashita/robot_2024/install/robot_2024/lib/python3.10/site-packages:${PYTHONPATH} WSLENV=ELECTRON_RUN_AS_NODE/w:WT_SESSION:WT_PROFILE_ID: /usr/bin/python3 -W ignore:setup.py install is deprecated setup.py egg_info --egg-base ../../build/robot_2024 build --build-base /home/yamashita/robot_2024/build/robot_2024/build install --record /home/yamashita/robot_2024/build/robot_2024/install.log --single-version-externally-managed install_data
