[4.630s] Invoking command in '/home/yamashita/robot_2024/src/gazebo_robot_2024': PYTHONPATH=/home/yamashita/robot_2024/build/gazebo_robot_2024/prefix_override:/home/yamashita/robot_2024/install/gazebo_robot_2024/lib/python3.10/site-packages:${PYTHONPATH} /usr/bin/python3 -W ignore:setup.py install is deprecated setup.py egg_info --egg-base ../../build/gazebo_robot_2024 build --build-base /home/yamashita/robot_2024/build/gazebo_robot_2024/build install --record /home/yamashita/robot_2024/build/gazebo_robot_2024/install.log --single-version-externally-managed install_data
[5.958s] running egg_info
[5.961s] writing ../../build/gazebo_robot_2024/gazebo_robot_2024.egg-info/PKG-INFO
[5.962s] writing dependency_links to ../../build/gazebo_robot_2024/gazebo_robot_2024.egg-info/dependency_links.txt
[5.964s] writing entry points to ../../build/gazebo_robot_2024/gazebo_robot_2024.egg-info/entry_points.txt
[5.964s] writing requirements to ../../build/gazebo_robot_2024/gazebo_robot_2024.egg-info/requires.txt
[5.965s] writing top-level names to ../../build/gazebo_robot_2024/gazebo_robot_2024.egg-info/top_level.txt
[5.974s] reading manifest file '../../build/gazebo_robot_2024/gazebo_robot_2024.egg-info/SOURCES.txt'
[5.978s] writing manifest file '../../build/gazebo_robot_2024/gazebo_robot_2024.egg-info/SOURCES.txt'
[5.980s] running build
[5.980s] running build_py
[5.981s] running install
[5.982s] running install_lib
[5.987s] running install_data
[5.989s] running install_egg_info
[5.997s] removing '/home/yamashita/robot_2024/install/gazebo_robot_2024/lib/python3.10/site-packages/gazebo_robot_2024-0.0.0-py3.10.egg-info' (and everything under it)
[5.999s] Copying ../../build/gazebo_robot_2024/gazebo_robot_2024.egg-info to /home/yamashita/robot_2024/install/gazebo_robot_2024/lib/python3.10/site-packages/gazebo_robot_2024-0.0.0-py3.10.egg-info
[6.005s] running install_scripts
[6.091s] Installing controll script to /home/yamashita/robot_2024/install/gazebo_robot_2024/lib/gazebo_robot_2024
[6.093s] writing list of installed files to '/home/yamashita/robot_2024/build/gazebo_robot_2024/install.log'
[6.285s] Invoked command in '/home/yamashita/robot_2024/src/gazebo_robot_2024' returned '0': PYTHONPATH=/home/yamashita/robot_2024/build/gazebo_robot_2024/prefix_override:/home/yamashita/robot_2024/install/gazebo_robot_2024/lib/python3.10/site-packages:${PYTHONPATH} /usr/bin/python3 -W ignore:setup.py install is deprecated setup.py egg_info --egg-base ../../build/gazebo_robot_2024 build --build-base /home/yamashita/robot_2024/build/gazebo_robot_2024/build install --record /home/yamashita/robot_2024/build/gazebo_robot_2024/install.log --single-version-externally-managed install_data
