[0.709s] Invoking command in '/home/yamashita/robot_2024/src/robot_2024': PYTHONPATH=/home/yamashita/robot_2024/build/robot_2024/prefix_override:/home/yamashita/robot_2024/install/robot_2024/lib/python3.10/site-packages:${PYTHONPATH} /usr/bin/python3 -W ignore:setup.py install is deprecated setup.py egg_info --egg-base ../../build/robot_2024 build --build-base /home/yamashita/robot_2024/build/robot_2024/build install --record /home/yamashita/robot_2024/build/robot_2024/install.log --single-version-externally-managed install_data
[0.897s] running egg_info
[0.897s] writing ../../build/robot_2024/robot_2024.egg-info/PKG-INFO
[0.898s] writing dependency_links to ../../build/robot_2024/robot_2024.egg-info/dependency_links.txt
[0.898s] writing entry points to ../../build/robot_2024/robot_2024.egg-info/entry_points.txt
[0.898s] writing requirements to ../../build/robot_2024/robot_2024.egg-info/requires.txt
[0.899s] writing top-level names to ../../build/robot_2024/robot_2024.egg-info/top_level.txt
[0.900s] reading manifest file '../../build/robot_2024/robot_2024.egg-info/SOURCES.txt'
[0.900s] writing manifest file '../../build/robot_2024/robot_2024.egg-info/SOURCES.txt'
[0.901s] running build
[0.901s] running build_py
[0.901s] copying robot_2024/ya_slam.py -> /home/yamashita/robot_2024/build/robot_2024/build/lib/robot_2024
[0.901s] running install
[0.901s] running install_lib
[0.902s] copying /home/yamashita/robot_2024/build/robot_2024/build/lib/robot_2024/ya_slam.py -> /home/yamashita/robot_2024/install/robot_2024/lib/python3.10/site-packages/robot_2024
[0.902s] byte-compiling /home/yamashita/robot_2024/install/robot_2024/lib/python3.10/site-packages/robot_2024/ya_slam.py to ya_slam.cpython-310.pyc
[0.904s] running install_data
[0.904s] running install_egg_info
[0.905s] removing '/home/yamashita/robot_2024/install/robot_2024/lib/python3.10/site-packages/robot_2024-0.0.0-py3.10.egg-info' (and everything under it)
[0.906s] Copying ../../build/robot_2024/robot_2024.egg-info to /home/yamashita/robot_2024/install/robot_2024/lib/python3.10/site-packages/robot_2024-0.0.0-py3.10.egg-info
[0.906s] running install_scripts
[0.924s] Installing serial script to /home/yamashita/robot_2024/install/robot_2024/lib/robot_2024
[0.925s] Installing webControll script to /home/yamashita/robot_2024/install/robot_2024/lib/robot_2024
[0.926s] Installing yaslam script to /home/yamashita/robot_2024/install/robot_2024/lib/robot_2024
[0.926s] writing list of installed files to '/home/yamashita/robot_2024/build/robot_2024/install.log'
[0.962s] Invoked command in '/home/yamashita/robot_2024/src/robot_2024' returned '0': PYTHONPATH=/home/yamashita/robot_2024/build/robot_2024/prefix_override:/home/yamashita/robot_2024/install/robot_2024/lib/python3.10/site-packages:${PYTHONPATH} /usr/bin/python3 -W ignore:setup.py install is deprecated setup.py egg_info --egg-base ../../build/robot_2024 build --build-base /home/yamashita/robot_2024/build/robot_2024/build install --record /home/yamashita/robot_2024/build/robot_2024/install.log --single-version-externally-managed install_data
