[0.027s] Invoking command in '/home/yamashita/robot_2024/build/gazebo_2024': CMAKE_PREFIX_PATH=${CMAKE_PREFIX_PATH}:/home/yamashita/Robot_ws/install/bezier_root:/home/yamashita/LegControll/install/test_controll:/home/yamashita/LegControll/install/monitor_node:/home/yamashita/LegControll/install/monitor:/home/yamashita/auto_robot_2024/install/controll_robot:/opt/ros/humble /usr/bin/cmake /home/yamashita/robot_2024/src/gazebo_2024 -DCMAKE_INSTALL_PREFIX=/home/yamashita/robot_2024/install/gazebo_2024
[0.361s] -- The C compiler identification is GNU 11.4.0
[1.018s] -- The CXX compiler identification is GNU 11.4.0
[1.539s] -- Detecting C compiler ABI info
[1.727s] -- Detecting C compiler ABI info - done
[1.735s] -- Check for working C compiler: /usr/bin/cc - skipped
[1.736s] -- Detecting C compile features
[1.738s] -- Detecting C compile features - done
[1.745s] -- Detecting CXX compiler ABI info
[1.946s] -- Detecting CXX compiler ABI info - done
[1.954s] -- Check for working CXX compiler: /usr/bin/c++ - skipped
[1.954s] -- Detecting CXX compile features
[1.954s] -- Detecting CXX compile features - done
[1.968s] -- Found ament_cmake: 1.3.8 (/opt/ros/humble/share/ament_cmake/cmake)
[2.155s] -- Found Python3: /usr/bin/python3 (found version "3.10.12") found components: Interpreter 
[2.311s] -- Found ament_lint_auto: 0.12.10 (/opt/ros/humble/share/ament_lint_auto/cmake)
[2.414s] -- Added test 'flake8' to check Python code syntax and style conventions
[2.416s] -- Added test 'lint_cmake' to check CMake code style
[2.417s] -- Added test 'pep257' to check Python code against some of the docstring style conventions in PEP 257
[2.419s] -- Added test 'xmllint' to check XML markup files
[2.422s] -- Configuring done
[2.427s] -- Generating done
[2.428s] -- Build files have been written to: /home/yamashita/robot_2024/build/gazebo_2024
[2.433s] Invoked command in '/home/yamashita/robot_2024/build/gazebo_2024' returned '0': CMAKE_PREFIX_PATH=${CMAKE_PREFIX_PATH}:/home/yamashita/Robot_ws/install/bezier_root:/home/yamashita/LegControll/install/test_controll:/home/yamashita/LegControll/install/monitor_node:/home/yamashita/LegControll/install/monitor:/home/yamashita/auto_robot_2024/install/controll_robot:/opt/ros/humble /usr/bin/cmake /home/yamashita/robot_2024/src/gazebo_2024 -DCMAKE_INSTALL_PREFIX=/home/yamashita/robot_2024/install/gazebo_2024
[2.438s] Invoking command in '/home/yamashita/robot_2024/build/gazebo_2024': CMAKE_PREFIX_PATH=${CMAKE_PREFIX_PATH}:/home/yamashita/Robot_ws/install/bezier_root:/home/yamashita/LegControll/install/test_controll:/home/yamashita/LegControll/install/monitor_node:/home/yamashita/LegControll/install/monitor:/home/yamashita/auto_robot_2024/install/controll_robot:/opt/ros/humble /usr/bin/cmake --build /home/yamashita/robot_2024/build/gazebo_2024 -- -j12 -l12
[2.479s] Invoked command in '/home/yamashita/robot_2024/build/gazebo_2024' returned '0': CMAKE_PREFIX_PATH=${CMAKE_PREFIX_PATH}:/home/yamashita/Robot_ws/install/bezier_root:/home/yamashita/LegControll/install/test_controll:/home/yamashita/LegControll/install/monitor_node:/home/yamashita/LegControll/install/monitor:/home/yamashita/auto_robot_2024/install/controll_robot:/opt/ros/humble /usr/bin/cmake --build /home/yamashita/robot_2024/build/gazebo_2024 -- -j12 -l12
[2.514s] Invoking command in '/home/yamashita/robot_2024/build/gazebo_2024': CMAKE_PREFIX_PATH=${CMAKE_PREFIX_PATH}:/home/yamashita/Robot_ws/install/bezier_root:/home/yamashita/LegControll/install/test_controll:/home/yamashita/LegControll/install/monitor_node:/home/yamashita/LegControll/install/monitor:/home/yamashita/auto_robot_2024/install/controll_robot:/opt/ros/humble /usr/bin/cmake --install /home/yamashita/robot_2024/build/gazebo_2024
[2.520s] -- Install configuration: ""
[2.521s] -- Installing: /home/yamashita/robot_2024/install/gazebo_2024/share/ament_index/resource_index/package_run_dependencies/gazebo_2024
[2.521s] -- Installing: /home/yamashita/robot_2024/install/gazebo_2024/share/ament_index/resource_index/parent_prefix_path/gazebo_2024
[2.522s] -- Installing: /home/yamashita/robot_2024/install/gazebo_2024/share/gazebo_2024/environment/ament_prefix_path.sh
[2.522s] -- Installing: /home/yamashita/robot_2024/install/gazebo_2024/share/gazebo_2024/environment/ament_prefix_path.dsv
[2.523s] -- Installing: /home/yamashita/robot_2024/install/gazebo_2024/share/gazebo_2024/environment/path.sh
[2.523s] -- Installing: /home/yamashita/robot_2024/install/gazebo_2024/share/gazebo_2024/environment/path.dsv
[2.523s] -- Installing: /home/yamashita/robot_2024/install/gazebo_2024/share/gazebo_2024/local_setup.bash
[2.523s] -- Installing: /home/yamashita/robot_2024/install/gazebo_2024/share/gazebo_2024/local_setup.sh
[2.523s] -- Installing: /home/yamashita/robot_2024/install/gazebo_2024/share/gazebo_2024/local_setup.zsh
[2.524s] -- Installing: /home/yamashita/robot_2024/install/gazebo_2024/share/gazebo_2024/local_setup.dsv
[2.524s] -- Installing: /home/yamashita/robot_2024/install/gazebo_2024/share/gazebo_2024/package.dsv
[2.524s] -- Installing: /home/yamashita/robot_2024/install/gazebo_2024/share/ament_index/resource_index/packages/gazebo_2024
[2.524s] -- Installing: /home/yamashita/robot_2024/install/gazebo_2024/share/gazebo_2024/cmake/gazebo_2024Config.cmake
[2.525s] -- Installing: /home/yamashita/robot_2024/install/gazebo_2024/share/gazebo_2024/cmake/gazebo_2024Config-version.cmake
[2.525s] -- Installing: /home/yamashita/robot_2024/install/gazebo_2024/share/gazebo_2024/package.xml
[2.527s] Invoked command in '/home/yamashita/robot_2024/build/gazebo_2024' returned '0': CMAKE_PREFIX_PATH=${CMAKE_PREFIX_PATH}:/home/yamashita/Robot_ws/install/bezier_root:/home/yamashita/LegControll/install/test_controll:/home/yamashita/LegControll/install/monitor_node:/home/yamashita/LegControll/install/monitor:/home/yamashita/auto_robot_2024/install/controll_robot:/opt/ros/humble /usr/bin/cmake --install /home/yamashita/robot_2024/build/gazebo_2024
