[4.588s] Invoking command in '/home/yamashita/robot_2024/src/robot_2024': PYTHONPATH=/home/yamashita/robot_2024/build/robot_2024/prefix_override:/home/yamashita/robot_2024/install/robot_2024/lib/python3.10/site-packages:${PYTHONPATH} /usr/bin/python3 -W ignore:setup.py install is deprecated setup.py egg_info --egg-base ../../build/robot_2024 build --build-base /home/yamashita/robot_2024/build/robot_2024/build install --record /home/yamashita/robot_2024/build/robot_2024/install.log --single-version-externally-managed install_data
[5.893s] running egg_info
[5.896s] writing ../../build/robot_2024/robot_2024.egg-info/PKG-INFO
[5.897s] writing dependency_links to ../../build/robot_2024/robot_2024.egg-info/dependency_links.txt
[5.898s] writing entry points to ../../build/robot_2024/robot_2024.egg-info/entry_points.txt
[5.899s] writing requirements to ../../build/robot_2024/robot_2024.egg-info/requires.txt
[5.900s] writing top-level names to ../../build/robot_2024/robot_2024.egg-info/top_level.txt
[5.909s] reading manifest file '../../build/robot_2024/robot_2024.egg-info/SOURCES.txt'
[5.913s] writing manifest file '../../build/robot_2024/robot_2024.egg-info/SOURCES.txt'
[5.914s] running build
[5.914s] running build_py
[5.915s] copying robot_2024/webControll.py -> /home/yamashita/robot_2024/build/robot_2024/build/lib/robot_2024
[5.917s] copying robot_2024/serial.py -> /home/yamashita/robot_2024/build/robot_2024/build/lib/robot_2024
[5.918s] running install
[5.919s] running install_lib
[5.923s] copying /home/yamashita/robot_2024/build/robot_2024/build/lib/robot_2024/webControll.py -> /home/yamashita/robot_2024/install/robot_2024/lib/python3.10/site-packages/robot_2024
[5.924s] copying /home/yamashita/robot_2024/build/robot_2024/build/lib/robot_2024/serial.py -> /home/yamashita/robot_2024/install/robot_2024/lib/python3.10/site-packages/robot_2024
[5.928s] byte-compiling /home/yamashita/robot_2024/install/robot_2024/lib/python3.10/site-packages/robot_2024/webControll.py to webControll.cpython-310.pyc
[5.929s]   File "/home/yamashita/robot_2024/install/robot_2024/lib/python3.10/site-packages/robot_2024/webControll.py", line 23
[5.929s]     msg.data = 'speed:{}:deg:{}'.format(int(arg),int(45)))
[5.930s]                                                          ^
[5.930s] SyntaxError: unmatched ')'
[5.931s] 
[5.931s] byte-compiling /home/yamashita/robot_2024/install/robot_2024/lib/python3.10/site-packages/robot_2024/serial.py to serial.cpython-310.pyc
[5.933s] running install_data
[5.934s] running install_egg_info
[5.942s] removing '/home/yamashita/robot_2024/install/robot_2024/lib/python3.10/site-packages/robot_2024-0.0.0-py3.10.egg-info' (and everything under it)
[5.944s] Copying ../../build/robot_2024/robot_2024.egg-info to /home/yamashita/robot_2024/install/robot_2024/lib/python3.10/site-packages/robot_2024-0.0.0-py3.10.egg-info
[5.950s] running install_scripts
[6.046s] Installing serial script to /home/yamashita/robot_2024/install/robot_2024/lib/robot_2024
[6.048s] Installing webControll script to /home/yamashita/robot_2024/install/robot_2024/lib/robot_2024
[6.049s] Installing yaslam script to /home/yamashita/robot_2024/install/robot_2024/lib/robot_2024
[6.051s] writing list of installed files to '/home/yamashita/robot_2024/build/robot_2024/install.log'
[6.268s] Invoked command in '/home/yamashita/robot_2024/src/robot_2024' returned '0': PYTHONPATH=/home/yamashita/robot_2024/build/robot_2024/prefix_override:/home/yamashita/robot_2024/install/robot_2024/lib/python3.10/site-packages:${PYTHONPATH} /usr/bin/python3 -W ignore:setup.py install is deprecated setup.py egg_info --egg-base ../../build/robot_2024 build --build-base /home/yamashita/robot_2024/build/robot_2024/build install --record /home/yamashita/robot_2024/build/robot_2024/install.log --single-version-externally-managed install_data
