[0.939s] Invoking command in '/home/yamashita/robot_2024/src/robot_2024': PYTHONPATH=/home/yamashita/robot_2024/build/robot_2024/prefix_override:/home/yamashita/robot_2024/install/robot_2024/lib/python3.10/site-packages:${PYTHONPATH} /usr/bin/python3 -W ignore:setup.py install is deprecated setup.py egg_info --egg-base ../../build/robot_2024 build --build-base /home/yamashita/robot_2024/build/robot_2024/build install --record /home/yamashita/robot_2024/build/robot_2024/install.log --single-version-externally-managed install_data
[1.071s] running egg_info
[1.072s] writing ../../build/robot_2024/robot_2024.egg-info/PKG-INFO
[1.072s] writing dependency_links to ../../build/robot_2024/robot_2024.egg-info/dependency_links.txt
[1.072s] writing entry points to ../../build/robot_2024/robot_2024.egg-info/entry_points.txt
[1.072s] writing requirements to ../../build/robot_2024/robot_2024.egg-info/requires.txt
[1.073s] writing top-level names to ../../build/robot_2024/robot_2024.egg-info/top_level.txt
[1.075s] reading manifest file '../../build/robot_2024/robot_2024.egg-info/SOURCES.txt'
[1.075s] writing manifest file '../../build/robot_2024/robot_2024.egg-info/SOURCES.txt'
[1.075s] running build
[1.076s] running build_py
[1.076s] copying robot_2024/yaSlam.py -> /home/yamashita/robot_2024/build/robot_2024/build/lib/robot_2024
[1.076s] running install
[1.076s] running install_lib
[1.077s] copying /home/yamashita/robot_2024/build/robot_2024/build/lib/robot_2024/yaSlam.py -> /home/yamashita/robot_2024/install/robot_2024/lib/python3.10/site-packages/robot_2024
[1.078s] byte-compiling /home/yamashita/robot_2024/install/robot_2024/lib/python3.10/site-packages/robot_2024/yaSlam.py to yaSlam.cpython-310.pyc
[1.080s] running install_data
[1.080s] running install_egg_info
[1.081s] removing '/home/yamashita/robot_2024/install/robot_2024/lib/python3.10/site-packages/robot_2024-0.0.0-py3.10.egg-info' (and everything under it)
[1.082s] Copying ../../build/robot_2024/robot_2024.egg-info to /home/yamashita/robot_2024/install/robot_2024/lib/python3.10/site-packages/robot_2024-0.0.0-py3.10.egg-info
[1.083s] running install_scripts
[1.101s] Installing serial script to /home/yamashita/robot_2024/install/robot_2024/lib/robot_2024
[1.101s] Installing webControll script to /home/yamashita/robot_2024/install/robot_2024/lib/robot_2024
[1.101s] Installing yaslam script to /home/yamashita/robot_2024/install/robot_2024/lib/robot_2024
[1.101s] writing list of installed files to '/home/yamashita/robot_2024/build/robot_2024/install.log'
[1.129s] Invoked command in '/home/yamashita/robot_2024/src/robot_2024' returned '0': PYTHONPATH=/home/yamashita/robot_2024/build/robot_2024/prefix_override:/home/yamashita/robot_2024/install/robot_2024/lib/python3.10/site-packages:${PYTHONPATH} /usr/bin/python3 -W ignore:setup.py install is deprecated setup.py egg_info --egg-base ../../build/robot_2024 build --build-base /home/yamashita/robot_2024/build/robot_2024/build install --record /home/yamashita/robot_2024/build/robot_2024/install.log --single-version-externally-managed install_data
