[4.594s] Invoking command in '/home/yamashita/robot_2024/src/robot_2024': PYTHONPATH=/home/yamashita/robot_2024/build/robot_2024/prefix_override:/home/yamashita/robot_2024/install/robot_2024/lib/python3.10/site-packages:${PYTHONPATH} /usr/bin/python3 -W ignore:setup.py install is deprecated setup.py egg_info --egg-base ../../build/robot_2024 build --build-base /home/yamashita/robot_2024/build/robot_2024/build install --record /home/yamashita/robot_2024/build/robot_2024/install.log --single-version-externally-managed install_data
[5.934s] running egg_info
[5.936s] writing ../../build/robot_2024/robot_2024.egg-info/PKG-INFO
[5.938s] writing dependency_links to ../../build/robot_2024/robot_2024.egg-info/dependency_links.txt
[5.939s] writing entry points to ../../build/robot_2024/robot_2024.egg-info/entry_points.txt
[5.940s] writing requirements to ../../build/robot_2024/robot_2024.egg-info/requires.txt
[5.941s] writing top-level names to ../../build/robot_2024/robot_2024.egg-info/top_level.txt
[5.949s] reading manifest file '../../build/robot_2024/robot_2024.egg-info/SOURCES.txt'
[5.953s] writing manifest file '../../build/robot_2024/robot_2024.egg-info/SOURCES.txt'
[5.954s] running build
[5.955s] running build_py
[5.957s] copying robot_2024/webControll.py -> /home/yamashita/robot_2024/build/robot_2024/build/lib/robot_2024
[5.958s] running install
[5.959s] running install_lib
[5.963s] copying /home/yamashita/robot_2024/build/robot_2024/build/lib/robot_2024/webControll.py -> /home/yamashita/robot_2024/install/robot_2024/lib/python3.10/site-packages/robot_2024
[5.966s] byte-compiling /home/yamashita/robot_2024/install/robot_2024/lib/python3.10/site-packages/robot_2024/webControll.py to webControll.cpython-310.pyc
[5.970s] running install_data
[5.971s] running install_egg_info
[5.979s] removing '/home/yamashita/robot_2024/install/robot_2024/lib/python3.10/site-packages/robot_2024-0.0.0-py3.10.egg-info' (and everything under it)
[5.980s] Copying ../../build/robot_2024/robot_2024.egg-info to /home/yamashita/robot_2024/install/robot_2024/lib/python3.10/site-packages/robot_2024-0.0.0-py3.10.egg-info
[5.987s] running install_scripts
[6.078s] Installing serial script to /home/yamashita/robot_2024/install/robot_2024/lib/robot_2024
[6.080s] Installing webControll script to /home/yamashita/robot_2024/install/robot_2024/lib/robot_2024
[6.082s] Installing yaslam script to /home/yamashita/robot_2024/install/robot_2024/lib/robot_2024
[6.086s] writing list of installed files to '/home/yamashita/robot_2024/build/robot_2024/install.log'
[6.312s] Invoked command in '/home/yamashita/robot_2024/src/robot_2024' returned '0': PYTHONPATH=/home/yamashita/robot_2024/build/robot_2024/prefix_override:/home/yamashita/robot_2024/install/robot_2024/lib/python3.10/site-packages:${PYTHONPATH} /usr/bin/python3 -W ignore:setup.py install is deprecated setup.py egg_info --egg-base ../../build/robot_2024 build --build-base /home/yamashita/robot_2024/build/robot_2024/build install --record /home/yamashita/robot_2024/build/robot_2024/install.log --single-version-externally-managed install_data
