[4.586s] Invoking command in '/home/yamashita/robot_2024/src/robot_2024': PYTHONPATH=/home/yamashita/robot_2024/build/robot_2024/prefix_override:/home/yamashita/robot_2024/install/robot_2024/lib/python3.10/site-packages:${PYTHONPATH} /usr/bin/python3 -W ignore:setup.py install is deprecated setup.py egg_info --egg-base ../../build/robot_2024 build --build-base /home/yamashita/robot_2024/build/robot_2024/build install --record /home/yamashita/robot_2024/build/robot_2024/install.log --single-version-externally-managed install_data
[5.911s] running egg_info
[5.913s] writing ../../build/robot_2024/robot_2024.egg-info/PKG-INFO
[5.914s] writing dependency_links to ../../build/robot_2024/robot_2024.egg-info/dependency_links.txt
[5.915s] writing entry points to ../../build/robot_2024/robot_2024.egg-info/entry_points.txt
[5.916s] writing requirements to ../../build/robot_2024/robot_2024.egg-info/requires.txt
[5.917s] writing top-level names to ../../build/robot_2024/robot_2024.egg-info/top_level.txt
[5.927s] reading manifest file '../../build/robot_2024/robot_2024.egg-info/SOURCES.txt'
[5.931s] writing manifest file '../../build/robot_2024/robot_2024.egg-info/SOURCES.txt'
[5.931s] running build
[5.932s] running build_py
[5.934s] running install
[5.935s] running install_lib
[5.942s] running install_data
[5.943s] copying launch/SwaveDrive.launch.py -> /home/yamashita/robot_2024/install/robot_2024/share/robot_2024
[5.943s] running install_egg_info
[5.951s] removing '/home/yamashita/robot_2024/install/robot_2024/lib/python3.10/site-packages/robot_2024-0.0.0-py3.10.egg-info' (and everything under it)
[5.953s] Copying ../../build/robot_2024/robot_2024.egg-info to /home/yamashita/robot_2024/install/robot_2024/lib/python3.10/site-packages/robot_2024-0.0.0-py3.10.egg-info
[5.960s] running install_scripts
[6.055s] Installing serial script to /home/yamashita/robot_2024/install/robot_2024/lib/robot_2024
[6.057s] Installing webControll script to /home/yamashita/robot_2024/install/robot_2024/lib/robot_2024
[6.058s] Installing yaslam script to /home/yamashita/robot_2024/install/robot_2024/lib/robot_2024
[6.061s] writing list of installed files to '/home/yamashita/robot_2024/build/robot_2024/install.log'
[6.277s] Invoked command in '/home/yamashita/robot_2024/src/robot_2024' returned '0': PYTHONPATH=/home/yamashita/robot_2024/build/robot_2024/prefix_override:/home/yamashita/robot_2024/install/robot_2024/lib/python3.10/site-packages:${PYTHONPATH} /usr/bin/python3 -W ignore:setup.py install is deprecated setup.py egg_info --egg-base ../../build/robot_2024 build --build-base /home/yamashita/robot_2024/build/robot_2024/build install --record /home/yamashita/robot_2024/build/robot_2024/install.log --single-version-externally-managed install_data
