[5.073s] Invoking command in '/home/yamashita/robot_2024/src/robot_2024': PYTHONPATH=/home/yamashita/robot_2024/build/robot_2024/prefix_override:/home/yamashita/robot_2024/install/robot_2024/lib/python3.10/site-packages:${PYTHONPATH} /usr/bin/python3 -W ignore:setup.py install is deprecated setup.py egg_info --egg-base ../../build/robot_2024 build --build-base /home/yamashita/robot_2024/build/robot_2024/build install --record /home/yamashita/robot_2024/build/robot_2024/install.log --single-version-externally-managed install_data
[6.410s] running egg_info
[6.413s] writing ../../build/robot_2024/robot_2024.egg-info/PKG-INFO
[6.415s] writing dependency_links to ../../build/robot_2024/robot_2024.egg-info/dependency_links.txt
[6.416s] writing entry points to ../../build/robot_2024/robot_2024.egg-info/entry_points.txt
[6.417s] writing requirements to ../../build/robot_2024/robot_2024.egg-info/requires.txt
[6.418s] writing top-level names to ../../build/robot_2024/robot_2024.egg-info/top_level.txt
[6.428s] reading manifest file '../../build/robot_2024/robot_2024.egg-info/SOURCES.txt'
[6.433s] writing manifest file '../../build/robot_2024/robot_2024.egg-info/SOURCES.txt'
[6.434s] running build
[6.435s] running build_py
[6.438s] copying robot_2024/webControll.py -> /home/yamashita/robot_2024/build/robot_2024/build/lib/robot_2024
[6.442s] running install
[6.442s] running install_lib
[6.448s] copying /home/yamashita/robot_2024/build/robot_2024/build/lib/robot_2024/webControll.py -> /home/yamashita/robot_2024/install/robot_2024/lib/python3.10/site-packages/robot_2024
[6.452s] byte-compiling /home/yamashita/robot_2024/install/robot_2024/lib/python3.10/site-packages/robot_2024/webControll.py to webControll.cpython-310.pyc
[6.456s] running install_data
[6.457s] running install_egg_info
[6.465s] removing '/home/yamashita/robot_2024/install/robot_2024/lib/python3.10/site-packages/robot_2024-0.0.0-py3.10.egg-info' (and everything under it)
[6.466s] Copying ../../build/robot_2024/robot_2024.egg-info to /home/yamashita/robot_2024/install/robot_2024/lib/python3.10/site-packages/robot_2024-0.0.0-py3.10.egg-info
[6.473s] running install_scripts
[6.561s] Installing serial script to /home/yamashita/robot_2024/install/robot_2024/lib/robot_2024
[6.562s] Installing webControll script to /home/yamashita/robot_2024/install/robot_2024/lib/robot_2024
[6.563s] Installing yaslam script to /home/yamashita/robot_2024/install/robot_2024/lib/robot_2024
[6.565s] writing list of installed files to '/home/yamashita/robot_2024/build/robot_2024/install.log'
[6.853s] Invoked command in '/home/yamashita/robot_2024/src/robot_2024' returned '0': PYTHONPATH=/home/yamashita/robot_2024/build/robot_2024/prefix_override:/home/yamashita/robot_2024/install/robot_2024/lib/python3.10/site-packages:${PYTHONPATH} /usr/bin/python3 -W ignore:setup.py install is deprecated setup.py egg_info --egg-base ../../build/robot_2024 build --build-base /home/yamashita/robot_2024/build/robot_2024/build install --record /home/yamashita/robot_2024/build/robot_2024/install.log --single-version-externally-managed install_data
