running egg_info
writing ../../build/gazebo_robot_2024/gazebo_robot_2024.egg-info/PKG-INFO
writing dependency_links to ../../build/gazebo_robot_2024/gazebo_robot_2024.egg-info/dependency_links.txt
writing entry points to ../../build/gazebo_robot_2024/gazebo_robot_2024.egg-info/entry_points.txt
writing requirements to ../../build/gazebo_robot_2024/gazebo_robot_2024.egg-info/requires.txt
writing top-level names to ../../build/gazebo_robot_2024/gazebo_robot_2024.egg-info/top_level.txt
reading manifest file '../../build/gazebo_robot_2024/gazebo_robot_2024.egg-info/SOURCES.txt'
writing manifest file '../../build/gazebo_robot_2024/gazebo_robot_2024.egg-info/SOURCES.txt'
running build
running build_py
running install
running install_lib
running install_data
copying launch/Mymodel.launch.py -> /home/yamashita/robot_2024/install/gazebo_robot_2024/share/gazebo_robot_2024/launch
copying worlds/mymodel.world -> /home/yamashita/robot_2024/install/gazebo_robot_2024/share/gazebo_robot_2024/worlds
running install_egg_info
removing '/home/yamashita/robot_2024/install/gazebo_robot_2024/lib/python3.10/site-packages/gazebo_robot_2024-0.0.0-py3.10.egg-info' (and everything under it)
Copying ../../build/gazebo_robot_2024/gazebo_robot_2024.egg-info to /home/yamashita/robot_2024/install/gazebo_robot_2024/lib/python3.10/site-packages/gazebo_robot_2024-0.0.0-py3.10.egg-info
running install_scripts
writing list of installed files to '/home/yamashita/robot_2024/build/gazebo_robot_2024/install.log'
