[0.565s] DEBUG:colcon:Command line arguments: ['/usr/bin/colcon', 'build']
[0.565s] DEBUG:colcon:Parsed command line arguments: Namespace(log_base=None, log_level=None, verb_name='build', build_base='build', install_base='install', merge_install=False, symlink_install=False, test_result_base=None, continue_on_error=False, executor='parallel', parallel_workers=12, event_handlers=None, ignore_user_meta=False, metas=['./colcon.meta'], base_paths=['.'], packages_ignore=None, packages_ignore_regex=None, paths=None, packages_up_to=None, packages_up_to_regex=None, packages_above=None, packages_above_and_dependencies=None, packages_above_depth=None, packages_select_by_dep=None, packages_skip_by_dep=None, packages_skip_up_to=None, packages_select_build_failed=False, packages_skip_build_finished=False, packages_select_test_failures=False, packages_skip_test_passed=False, packages_select=None, packages_skip=None, packages_select_regex=None, packages_skip_regex=None, packages_start=None, packages_end=None, allow_overriding=[], cmake_args=None, cmake_target=None, cmake_target_skip_unavailable=False, cmake_clean_cache=False, cmake_clean_first=False, cmake_force_configure=False, ament_cmake_args=None, catkin_cmake_args=None, catkin_skip_building_tests=False, verb_parser=<colcon_defaults.argument_parser.defaults.DefaultArgumentsDecorator object at 0x7f43e0061f30>, verb_extension=<colcon_core.verb.build.BuildVerb object at 0x7f43e01c7550>, main=<bound method BuildVerb.main of <colcon_core.verb.build.BuildVerb object at 0x7f43e01c7550>>)
[1.208s] Level 1:colcon.colcon_core.package_discovery:discover_packages(colcon_meta) check parameters
[1.208s] Level 1:colcon.colcon_core.package_discovery:discover_packages(recursive) check parameters
[1.208s] Level 1:colcon.colcon_core.package_discovery:discover_packages(ignore) check parameters
[1.208s] Level 1:colcon.colcon_core.package_discovery:discover_packages(path) check parameters
[1.208s] Level 1:colcon.colcon_core.package_discovery:discover_packages(colcon_meta) discover
[1.209s] Level 1:colcon.colcon_core.package_discovery:discover_packages(recursive) discover
[1.209s] INFO:colcon.colcon_core.package_discovery:Crawling recursively for packages in '/home/yamashita/robot_2024'
[1.209s] Level 1:colcon.colcon_core.package_identification:_identify(.) by extensions ['ignore', 'ignore_ament_install']
[1.209s] Level 1:colcon.colcon_core.package_identification:_identify(.) by extension 'ignore'
[1.209s] Level 1:colcon.colcon_core.package_identification:_identify(.) by extension 'ignore_ament_install'
[1.209s] Level 1:colcon.colcon_core.package_identification:_identify(.) by extensions ['colcon_pkg']
[1.209s] Level 1:colcon.colcon_core.package_identification:_identify(.) by extension 'colcon_pkg'
[1.210s] Level 1:colcon.colcon_core.package_identification:_identify(.) by extensions ['colcon_meta']
[1.210s] Level 1:colcon.colcon_core.package_identification:_identify(.) by extension 'colcon_meta'
[1.210s] Level 1:colcon.colcon_core.package_identification:_identify(.) by extensions ['ros']
[1.210s] Level 1:colcon.colcon_core.package_identification:_identify(.) by extension 'ros'
[1.259s] Level 1:colcon.colcon_core.package_identification:_identify(.) by extensions ['cmake', 'python']
[1.259s] Level 1:colcon.colcon_core.package_identification:_identify(.) by extension 'cmake'
[1.259s] Level 1:colcon.colcon_core.package_identification:_identify(.) by extension 'python'
[1.259s] Level 1:colcon.colcon_core.package_identification:_identify(.) by extensions ['python_setup_py']
[1.259s] Level 1:colcon.colcon_core.package_identification:_identify(.) by extension 'python_setup_py'
[1.260s] Level 1:colcon.colcon_core.package_identification:_identify(build) by extensions ['ignore', 'ignore_ament_install']
[1.260s] Level 1:colcon.colcon_core.package_identification:_identify(build) by extension 'ignore'
[1.260s] Level 1:colcon.colcon_core.package_identification:_identify(build) ignored
[1.261s] Level 1:colcon.colcon_core.package_identification:_identify(install) by extensions ['ignore', 'ignore_ament_install']
[1.261s] Level 1:colcon.colcon_core.package_identification:_identify(install) by extension 'ignore'
[1.261s] Level 1:colcon.colcon_core.package_identification:_identify(install) ignored
[1.262s] Level 1:colcon.colcon_core.package_identification:_identify(log) by extensions ['ignore', 'ignore_ament_install']
[1.263s] Level 1:colcon.colcon_core.package_identification:_identify(log) by extension 'ignore'
[1.263s] Level 1:colcon.colcon_core.package_identification:_identify(log) ignored
[1.263s] Level 1:colcon.colcon_core.package_identification:_identify(src) by extensions ['ignore', 'ignore_ament_install']
[1.263s] Level 1:colcon.colcon_core.package_identification:_identify(src) by extension 'ignore'
[1.263s] Level 1:colcon.colcon_core.package_identification:_identify(src) by extension 'ignore_ament_install'
[1.263s] Level 1:colcon.colcon_core.package_identification:_identify(src) by extensions ['colcon_pkg']
[1.264s] Level 1:colcon.colcon_core.package_identification:_identify(src) by extension 'colcon_pkg'
[1.264s] Level 1:colcon.colcon_core.package_identification:_identify(src) by extensions ['colcon_meta']
[1.264s] Level 1:colcon.colcon_core.package_identification:_identify(src) by extension 'colcon_meta'
[1.264s] Level 1:colcon.colcon_core.package_identification:_identify(src) by extensions ['ros']
[1.264s] Level 1:colcon.colcon_core.package_identification:_identify(src) by extension 'ros'
[1.264s] Level 1:colcon.colcon_core.package_identification:_identify(src) by extensions ['cmake', 'python']
[1.265s] Level 1:colcon.colcon_core.package_identification:_identify(src) by extension 'cmake'
[1.265s] Level 1:colcon.colcon_core.package_identification:_identify(src) by extension 'python'
[1.265s] Level 1:colcon.colcon_core.package_identification:_identify(src) by extensions ['python_setup_py']
[1.265s] Level 1:colcon.colcon_core.package_identification:_identify(src) by extension 'python_setup_py'
[1.265s] Level 1:colcon.colcon_core.package_identification:_identify(src/gazebo_robot_2024) by extensions ['ignore', 'ignore_ament_install']
[1.265s] Level 1:colcon.colcon_core.package_identification:_identify(src/gazebo_robot_2024) by extension 'ignore'
[1.266s] Level 1:colcon.colcon_core.package_identification:_identify(src/gazebo_robot_2024) by extension 'ignore_ament_install'
[1.266s] Level 1:colcon.colcon_core.package_identification:_identify(src/gazebo_robot_2024) by extensions ['colcon_pkg']
[1.266s] Level 1:colcon.colcon_core.package_identification:_identify(src/gazebo_robot_2024) by extension 'colcon_pkg'
[1.266s] Level 1:colcon.colcon_core.package_identification:_identify(src/gazebo_robot_2024) by extensions ['colcon_meta']
[1.266s] Level 1:colcon.colcon_core.package_identification:_identify(src/gazebo_robot_2024) by extension 'colcon_meta'
[1.266s] Level 1:colcon.colcon_core.package_identification:_identify(src/gazebo_robot_2024) by extensions ['ros']
[1.266s] Level 1:colcon.colcon_core.package_identification:_identify(src/gazebo_robot_2024) by extension 'ros'
[1.273s] DEBUG:colcon.colcon_core.package_identification:Package 'src/gazebo_robot_2024' with type 'ros.ament_python' and name 'gazebo_robot_2024'
[1.273s] Level 1:colcon.colcon_core.package_identification:_identify(src/robot_2024) by extensions ['ignore', 'ignore_ament_install']
[1.273s] Level 1:colcon.colcon_core.package_identification:_identify(src/robot_2024) by extension 'ignore'
[1.273s] Level 1:colcon.colcon_core.package_identification:_identify(src/robot_2024) by extension 'ignore_ament_install'
[1.273s] Level 1:colcon.colcon_core.package_identification:_identify(src/robot_2024) by extensions ['colcon_pkg']
[1.273s] Level 1:colcon.colcon_core.package_identification:_identify(src/robot_2024) by extension 'colcon_pkg'
[1.273s] Level 1:colcon.colcon_core.package_identification:_identify(src/robot_2024) by extensions ['colcon_meta']
[1.273s] Level 1:colcon.colcon_core.package_identification:_identify(src/robot_2024) by extension 'colcon_meta'
[1.273s] Level 1:colcon.colcon_core.package_identification:_identify(src/robot_2024) by extensions ['ros']
[1.273s] Level 1:colcon.colcon_core.package_identification:_identify(src/robot_2024) by extension 'ros'
[1.274s] DEBUG:colcon.colcon_core.package_identification:Package 'src/robot_2024' with type 'ros.ament_python' and name 'robot_2024'
[1.274s] Level 1:colcon.colcon_core.package_discovery:discover_packages(recursive) using defaults
[1.275s] Level 1:colcon.colcon_core.package_discovery:discover_packages(ignore) discover
[1.275s] Level 1:colcon.colcon_core.package_discovery:discover_packages(ignore) using defaults
[1.275s] Level 1:colcon.colcon_core.package_discovery:discover_packages(path) discover
[1.275s] Level 1:colcon.colcon_core.package_discovery:discover_packages(path) using defaults
[1.333s] Level 1:colcon.colcon_core.package_discovery:discover_packages(prefix_path) check parameters
[1.333s] Level 1:colcon.colcon_core.package_discovery:discover_packages(prefix_path) discover
[1.347s] DEBUG:colcon.colcon_installed_package_information.package_discovery:Found 3 installed packages in /home/yamashita/robot_2024/install
[1.348s] DEBUG:colcon.colcon_installed_package_information.package_discovery:Found 3 installed packages in /home/yamashita/Robot_ws/install
[1.349s] DEBUG:colcon.colcon_installed_package_information.package_discovery:Found 4 installed packages in /home/yamashita/LegControll/install
[1.350s] DEBUG:colcon.colcon_installed_package_information.package_discovery:Found 3 installed packages in /home/yamashita/auto_robot_2024/install
[1.353s] DEBUG:colcon.colcon_installed_package_information.package_discovery:Found 417 installed packages in /opt/ros/humble
[1.361s] Level 1:colcon.colcon_core.package_discovery:discover_packages(prefix_path) using defaults
[1.500s] Level 5:colcon.colcon_core.verb:set package 'gazebo_robot_2024' build argument 'cmake_args' from command line to 'None'
[1.500s] Level 5:colcon.colcon_core.verb:set package 'gazebo_robot_2024' build argument 'cmake_target' from command line to 'None'
[1.500s] Level 5:colcon.colcon_core.verb:set package 'gazebo_robot_2024' build argument 'cmake_target_skip_unavailable' from command line to 'False'
[1.500s] Level 5:colcon.colcon_core.verb:set package 'gazebo_robot_2024' build argument 'cmake_clean_cache' from command line to 'False'
[1.500s] Level 5:colcon.colcon_core.verb:set package 'gazebo_robot_2024' build argument 'cmake_clean_first' from command line to 'False'
[1.500s] Level 5:colcon.colcon_core.verb:set package 'gazebo_robot_2024' build argument 'cmake_force_configure' from command line to 'False'
[1.500s] Level 5:colcon.colcon_core.verb:set package 'gazebo_robot_2024' build argument 'ament_cmake_args' from command line to 'None'
[1.500s] Level 5:colcon.colcon_core.verb:set package 'gazebo_robot_2024' build argument 'catkin_cmake_args' from command line to 'None'
[1.500s] Level 5:colcon.colcon_core.verb:set package 'gazebo_robot_2024' build argument 'catkin_skip_building_tests' from command line to 'False'
[1.500s] DEBUG:colcon.colcon_core.verb:Building package 'gazebo_robot_2024' with the following arguments: {'ament_cmake_args': None, 'build_base': '/home/yamashita/robot_2024/build/gazebo_robot_2024', 'catkin_cmake_args': None, 'catkin_skip_building_tests': False, 'cmake_args': None, 'cmake_clean_cache': False, 'cmake_clean_first': False, 'cmake_force_configure': False, 'cmake_target': None, 'cmake_target_skip_unavailable': False, 'install_base': '/home/yamashita/robot_2024/install/gazebo_robot_2024', 'merge_install': False, 'path': '/home/yamashita/robot_2024/src/gazebo_robot_2024', 'symlink_install': False, 'test_result_base': None}
[1.501s] Level 5:colcon.colcon_core.verb:set package 'robot_2024' build argument 'cmake_args' from command line to 'None'
[1.501s] Level 5:colcon.colcon_core.verb:set package 'robot_2024' build argument 'cmake_target' from command line to 'None'
[1.501s] Level 5:colcon.colcon_core.verb:set package 'robot_2024' build argument 'cmake_target_skip_unavailable' from command line to 'False'
[1.501s] Level 5:colcon.colcon_core.verb:set package 'robot_2024' build argument 'cmake_clean_cache' from command line to 'False'
[1.501s] Level 5:colcon.colcon_core.verb:set package 'robot_2024' build argument 'cmake_clean_first' from command line to 'False'
[1.501s] Level 5:colcon.colcon_core.verb:set package 'robot_2024' build argument 'cmake_force_configure' from command line to 'False'
[1.501s] Level 5:colcon.colcon_core.verb:set package 'robot_2024' build argument 'ament_cmake_args' from command line to 'None'
[1.501s] Level 5:colcon.colcon_core.verb:set package 'robot_2024' build argument 'catkin_cmake_args' from command line to 'None'
[1.501s] Level 5:colcon.colcon_core.verb:set package 'robot_2024' build argument 'catkin_skip_building_tests' from command line to 'False'
[1.501s] DEBUG:colcon.colcon_core.verb:Building package 'robot_2024' with the following arguments: {'ament_cmake_args': None, 'build_base': '/home/yamashita/robot_2024/build/robot_2024', 'catkin_cmake_args': None, 'catkin_skip_building_tests': False, 'cmake_args': None, 'cmake_clean_cache': False, 'cmake_clean_first': False, 'cmake_force_configure': False, 'cmake_target': None, 'cmake_target_skip_unavailable': False, 'install_base': '/home/yamashita/robot_2024/install/robot_2024', 'merge_install': False, 'path': '/home/yamashita/robot_2024/src/robot_2024', 'symlink_install': False, 'test_result_base': None}
[1.502s] INFO:colcon.colcon_core.executor:Executing jobs using 'parallel' executor
[1.504s] DEBUG:colcon.colcon_parallel_executor.executor.parallel:run_until_complete
[1.505s] INFO:colcon.colcon_ros.task.ament_python.build:Building ROS package in '/home/yamashita/robot_2024/src/gazebo_robot_2024' with build type 'ament_python'
[1.505s] Level 1:colcon.colcon_core.shell:create_environment_hook('gazebo_robot_2024', 'ament_prefix_path')
[1.524s] INFO:colcon.colcon_core.plugin_system:Skipping extension 'colcon_core.shell.bat': Not used on non-Windows systems
[1.525s] INFO:colcon.colcon_core.shell:Creating environment hook '/home/yamashita/robot_2024/install/gazebo_robot_2024/share/gazebo_robot_2024/hook/ament_prefix_path.ps1'
[1.529s] INFO:colcon.colcon_core.shell:Creating environment descriptor '/home/yamashita/robot_2024/install/gazebo_robot_2024/share/gazebo_robot_2024/hook/ament_prefix_path.dsv'
[1.531s] INFO:colcon.colcon_core.shell:Creating environment hook '/home/yamashita/robot_2024/install/gazebo_robot_2024/share/gazebo_robot_2024/hook/ament_prefix_path.sh'
[1.534s] INFO:colcon.colcon_core.shell:Skip shell extension 'powershell' for command environment: Not usable outside of PowerShell
[1.534s] DEBUG:colcon.colcon_core.shell:Skip shell extension 'dsv' for command environment
[1.544s] INFO:colcon.colcon_ros.task.ament_python.build:Building ROS package in '/home/yamashita/robot_2024/src/robot_2024' with build type 'ament_python'
[1.545s] Level 1:colcon.colcon_core.shell:create_environment_hook('robot_2024', 'ament_prefix_path')
[1.545s] INFO:colcon.colcon_core.shell:Creating environment hook '/home/yamashita/robot_2024/install/robot_2024/share/robot_2024/hook/ament_prefix_path.ps1'
[1.547s] INFO:colcon.colcon_core.shell:Creating environment descriptor '/home/yamashita/robot_2024/install/robot_2024/share/robot_2024/hook/ament_prefix_path.dsv'
[1.548s] INFO:colcon.colcon_core.shell:Creating environment hook '/home/yamashita/robot_2024/install/robot_2024/share/robot_2024/hook/ament_prefix_path.sh'
[1.549s] INFO:colcon.colcon_core.shell:Skip shell extension 'powershell' for command environment: Not usable outside of PowerShell
[1.549s] DEBUG:colcon.colcon_core.shell:Skip shell extension 'dsv' for command environment
[2.385s] INFO:colcon.colcon_core.task.python.build:Building Python package in '/home/yamashita/robot_2024/src/gazebo_robot_2024'
[2.385s] INFO:colcon.colcon_core.shell:Skip shell extension 'powershell' for command environment: Not usable outside of PowerShell
[2.385s] DEBUG:colcon.colcon_core.shell:Skip shell extension 'dsv' for command environment
[3.000s] INFO:colcon.colcon_core.task.python.build:Building Python package in '/home/yamashita/robot_2024/src/robot_2024'
[3.000s] INFO:colcon.colcon_core.shell:Skip shell extension 'powershell' for command environment: Not usable outside of PowerShell
[3.000s] DEBUG:colcon.colcon_core.shell:Skip shell extension 'dsv' for command environment
[3.997s] DEBUG:colcon.colcon_core.event_handler.log_command:Invoking command in '/home/yamashita/robot_2024/src/gazebo_robot_2024': PYTHONPATH=/home/yamashita/robot_2024/build/gazebo_robot_2024/prefix_override:/home/yamashita/robot_2024/install/gazebo_robot_2024/lib/python3.10/site-packages:${PYTHONPATH} /usr/bin/python3 -W ignore:setup.py install is deprecated setup.py egg_info --egg-base ../../build/gazebo_robot_2024 build --build-base /home/yamashita/robot_2024/build/gazebo_robot_2024/build install --record /home/yamashita/robot_2024/build/gazebo_robot_2024/install.log --single-version-externally-managed install_data
[4.007s] DEBUG:colcon.colcon_core.event_handler.log_command:Invoking command in '/home/yamashita/robot_2024/src/robot_2024': PYTHONPATH=/home/yamashita/robot_2024/build/robot_2024/prefix_override:/home/yamashita/robot_2024/install/robot_2024/lib/python3.10/site-packages:${PYTHONPATH} /usr/bin/python3 -W ignore:setup.py install is deprecated setup.py egg_info --egg-base ../../build/robot_2024 build --build-base /home/yamashita/robot_2024/build/robot_2024/build install --record /home/yamashita/robot_2024/build/robot_2024/install.log --single-version-externally-managed install_data
[4.487s] DEBUG:colcon.colcon_core.event_handler.log_command:Invoked command in '/home/yamashita/robot_2024/src/robot_2024' returned '0': PYTHONPATH=/home/yamashita/robot_2024/build/robot_2024/prefix_override:/home/yamashita/robot_2024/install/robot_2024/lib/python3.10/site-packages:${PYTHONPATH} /usr/bin/python3 -W ignore:setup.py install is deprecated setup.py egg_info --egg-base ../../build/robot_2024 build --build-base /home/yamashita/robot_2024/build/robot_2024/build install --record /home/yamashita/robot_2024/build/robot_2024/install.log --single-version-externally-managed install_data
[4.497s] Level 1:colcon.colcon_core.environment:checking '/home/yamashita/robot_2024/install/robot_2024' for CMake module files
[4.498s] Level 1:colcon.colcon_core.environment:checking '/home/yamashita/robot_2024/install/robot_2024' for CMake config files
[4.500s] Level 1:colcon.colcon_core.environment:checking '/home/yamashita/robot_2024/install/robot_2024/lib'
[4.500s] Level 1:colcon.colcon_core.environment:checking '/home/yamashita/robot_2024/install/robot_2024/bin'
[4.500s] Level 1:colcon.colcon_core.environment:checking '/home/yamashita/robot_2024/install/robot_2024/lib/pkgconfig/robot_2024.pc'
[4.501s] Level 1:colcon.colcon_core.environment:checking '/home/yamashita/robot_2024/install/robot_2024/lib/python3.10/site-packages'
[4.501s] Level 1:colcon.colcon_core.shell:create_environment_hook('robot_2024', 'pythonpath')
[4.501s] INFO:colcon.colcon_core.shell:Creating environment hook '/home/yamashita/robot_2024/install/robot_2024/share/robot_2024/hook/pythonpath.ps1'
[4.502s] INFO:colcon.colcon_core.shell:Creating environment descriptor '/home/yamashita/robot_2024/install/robot_2024/share/robot_2024/hook/pythonpath.dsv'
[4.502s] INFO:colcon.colcon_core.shell:Creating environment hook '/home/yamashita/robot_2024/install/robot_2024/share/robot_2024/hook/pythonpath.sh'
[4.503s] Level 1:colcon.colcon_core.environment:checking '/home/yamashita/robot_2024/install/robot_2024/bin'
[4.503s] Level 1:colcon.colcon_core.environment:create_environment_scripts_only(robot_2024)
[4.503s] INFO:colcon.colcon_core.shell:Creating package script '/home/yamashita/robot_2024/install/robot_2024/share/robot_2024/package.ps1'
[4.505s] INFO:colcon.colcon_core.shell:Creating package descriptor '/home/yamashita/robot_2024/install/robot_2024/share/robot_2024/package.dsv'
[4.506s] INFO:colcon.colcon_core.shell:Creating package script '/home/yamashita/robot_2024/install/robot_2024/share/robot_2024/package.sh'
[4.508s] INFO:colcon.colcon_core.shell:Creating package script '/home/yamashita/robot_2024/install/robot_2024/share/robot_2024/package.bash'
[4.510s] INFO:colcon.colcon_core.shell:Creating package script '/home/yamashita/robot_2024/install/robot_2024/share/robot_2024/package.zsh'
[4.511s] Level 1:colcon.colcon_core.environment:create_file_with_runtime_dependencies(/home/yamashita/robot_2024/install/robot_2024/share/colcon-core/packages/robot_2024)
[4.515s] Level 1:colcon.colcon_core.environment:checking '/home/yamashita/robot_2024/install/gazebo_robot_2024' for CMake module files
[4.516s] DEBUG:colcon.colcon_core.event_handler.log_command:Invoked command in '/home/yamashita/robot_2024/src/gazebo_robot_2024' returned '0': PYTHONPATH=/home/yamashita/robot_2024/build/gazebo_robot_2024/prefix_override:/home/yamashita/robot_2024/install/gazebo_robot_2024/lib/python3.10/site-packages:${PYTHONPATH} /usr/bin/python3 -W ignore:setup.py install is deprecated setup.py egg_info --egg-base ../../build/gazebo_robot_2024 build --build-base /home/yamashita/robot_2024/build/gazebo_robot_2024/build install --record /home/yamashita/robot_2024/build/gazebo_robot_2024/install.log --single-version-externally-managed install_data
[4.516s] Level 1:colcon.colcon_core.environment:checking '/home/yamashita/robot_2024/install/gazebo_robot_2024' for CMake config files
[4.518s] Level 1:colcon.colcon_core.environment:checking '/home/yamashita/robot_2024/install/gazebo_robot_2024/lib'
[4.518s] Level 1:colcon.colcon_core.environment:checking '/home/yamashita/robot_2024/install/gazebo_robot_2024/bin'
[4.518s] Level 1:colcon.colcon_core.environment:checking '/home/yamashita/robot_2024/install/gazebo_robot_2024/lib/pkgconfig/gazebo_robot_2024.pc'
[4.518s] Level 1:colcon.colcon_core.environment:checking '/home/yamashita/robot_2024/install/gazebo_robot_2024/lib/python3.10/site-packages'
[4.518s] Level 1:colcon.colcon_core.shell:create_environment_hook('gazebo_robot_2024', 'pythonpath')
[4.518s] INFO:colcon.colcon_core.shell:Creating environment hook '/home/yamashita/robot_2024/install/gazebo_robot_2024/share/gazebo_robot_2024/hook/pythonpath.ps1'
[4.519s] INFO:colcon.colcon_core.shell:Creating environment descriptor '/home/yamashita/robot_2024/install/gazebo_robot_2024/share/gazebo_robot_2024/hook/pythonpath.dsv'
[4.520s] INFO:colcon.colcon_core.shell:Creating environment hook '/home/yamashita/robot_2024/install/gazebo_robot_2024/share/gazebo_robot_2024/hook/pythonpath.sh'
[4.520s] Level 1:colcon.colcon_core.environment:checking '/home/yamashita/robot_2024/install/gazebo_robot_2024/bin'
[4.521s] Level 1:colcon.colcon_core.environment:create_environment_scripts_only(gazebo_robot_2024)
[4.521s] INFO:colcon.colcon_core.shell:Creating package script '/home/yamashita/robot_2024/install/gazebo_robot_2024/share/gazebo_robot_2024/package.ps1'
[4.521s] INFO:colcon.colcon_core.shell:Creating package descriptor '/home/yamashita/robot_2024/install/gazebo_robot_2024/share/gazebo_robot_2024/package.dsv'
[4.522s] INFO:colcon.colcon_core.shell:Creating package script '/home/yamashita/robot_2024/install/gazebo_robot_2024/share/gazebo_robot_2024/package.sh'
[4.522s] INFO:colcon.colcon_core.shell:Creating package script '/home/yamashita/robot_2024/install/gazebo_robot_2024/share/gazebo_robot_2024/package.bash'
[4.523s] INFO:colcon.colcon_core.shell:Creating package script '/home/yamashita/robot_2024/install/gazebo_robot_2024/share/gazebo_robot_2024/package.zsh'
[4.523s] Level 1:colcon.colcon_core.environment:create_file_with_runtime_dependencies(/home/yamashita/robot_2024/install/gazebo_robot_2024/share/colcon-core/packages/gazebo_robot_2024)
[4.523s] DEBUG:colcon.colcon_parallel_executor.executor.parallel:closing loop
[4.524s] DEBUG:colcon.colcon_parallel_executor.executor.parallel:loop closed
[4.524s] DEBUG:colcon.colcon_parallel_executor.executor.parallel:run_until_complete finished with '0'
[4.524s] DEBUG:colcon.colcon_core.event_reactor:joining thread
[4.596s] INFO:colcon.colcon_core.plugin_system:Skipping extension 'colcon_notification.desktop_notification.notify_send': Could not find 'notify-send'
[4.597s] INFO:colcon.colcon_core.plugin_system:Skipping extension 'colcon_notification.desktop_notification.terminal_notifier': Not used on non-Darwin systems
[4.597s] INFO:colcon.colcon_core.plugin_system:Skipping extension 'colcon_notification.desktop_notification.win32': Not used on non-Windows systems
[4.597s] INFO:colcon.colcon_notification.desktop_notification:Sending desktop notification using 'notify2'
[4.597s] DEBUG:colcon.colcon_notification.desktop_notification.notify2:Failed to initialize notify2: org.freedesktop.DBus.Error.FileNotFound: Failed to connect to socket /run/user/1000/bus: No such file or directory
[4.597s] DEBUG:colcon.colcon_core.event_reactor:joined thread
[4.598s] INFO:colcon.colcon_core.shell:Creating prefix script '/home/yamashita/robot_2024/install/local_setup.ps1'
[4.600s] INFO:colcon.colcon_core.shell:Creating prefix util module '/home/yamashita/robot_2024/install/_local_setup_util_ps1.py'
[4.603s] INFO:colcon.colcon_core.shell:Creating prefix chain script '/home/yamashita/robot_2024/install/setup.ps1'
[4.605s] INFO:colcon.colcon_core.shell:Creating prefix script '/home/yamashita/robot_2024/install/local_setup.sh'
[4.606s] INFO:colcon.colcon_core.shell:Creating prefix util module '/home/yamashita/robot_2024/install/_local_setup_util_sh.py'
[4.607s] INFO:colcon.colcon_core.shell:Creating prefix chain script '/home/yamashita/robot_2024/install/setup.sh'
[4.610s] INFO:colcon.colcon_core.shell:Creating prefix script '/home/yamashita/robot_2024/install/local_setup.bash'
[4.611s] INFO:colcon.colcon_core.shell:Creating prefix chain script '/home/yamashita/robot_2024/install/setup.bash'
[4.613s] INFO:colcon.colcon_core.shell:Creating prefix script '/home/yamashita/robot_2024/install/local_setup.zsh'
[4.614s] INFO:colcon.colcon_core.shell:Creating prefix chain script '/home/yamashita/robot_2024/install/setup.zsh'
