[0.735s] Invoking command in '/home/yamashita/robot_2024/src/robot_2024': PYTHONPATH=/home/yamashita/robot_2024/build/robot_2024/prefix_override:/home/yamashita/robot_2024/install/robot_2024/lib/python3.10/site-packages:${PYTHONPATH} /usr/bin/python3 -W ignore:setup.py install is deprecated setup.py egg_info --egg-base ../../build/robot_2024 build --build-base /home/yamashita/robot_2024/build/robot_2024/build install --record /home/yamashita/robot_2024/build/robot_2024/install.log --single-version-externally-managed install_data
[0.935s] running egg_info
[0.935s] writing ../../build/robot_2024/robot_2024.egg-info/PKG-INFO
[0.935s] writing dependency_links to ../../build/robot_2024/robot_2024.egg-info/dependency_links.txt
[0.936s] writing entry points to ../../build/robot_2024/robot_2024.egg-info/entry_points.txt
[0.936s] writing requirements to ../../build/robot_2024/robot_2024.egg-info/requires.txt
[0.936s] writing top-level names to ../../build/robot_2024/robot_2024.egg-info/top_level.txt
[0.938s] reading manifest file '../../build/robot_2024/robot_2024.egg-info/SOURCES.txt'
[0.938s] writing manifest file '../../build/robot_2024/robot_2024.egg-info/SOURCES.txt'
[0.938s] running build
[0.939s] running build_py
[0.939s] copying robot_2024/ya_slam.py -> /home/yamashita/robot_2024/build/robot_2024/build/lib/robot_2024
[0.939s] running install
[0.939s] running install_lib
[0.940s] copying /home/yamashita/robot_2024/build/robot_2024/build/lib/robot_2024/ya_slam.py -> /home/yamashita/robot_2024/install/robot_2024/lib/python3.10/site-packages/robot_2024
[0.940s] byte-compiling /home/yamashita/robot_2024/install/robot_2024/lib/python3.10/site-packages/robot_2024/ya_slam.py to ya_slam.cpython-310.pyc
[0.942s] running install_data
[0.942s] running install_egg_info
[0.944s] removing '/home/yamashita/robot_2024/install/robot_2024/lib/python3.10/site-packages/robot_2024-0.0.0-py3.10.egg-info' (and everything under it)
[0.944s] Copying ../../build/robot_2024/robot_2024.egg-info to /home/yamashita/robot_2024/install/robot_2024/lib/python3.10/site-packages/robot_2024-0.0.0-py3.10.egg-info
[0.944s] running install_scripts
[0.961s] Installing serial script to /home/yamashita/robot_2024/install/robot_2024/lib/robot_2024
[0.961s] Installing webControll script to /home/yamashita/robot_2024/install/robot_2024/lib/robot_2024
[0.961s] Installing yaslam script to /home/yamashita/robot_2024/install/robot_2024/lib/robot_2024
[0.961s] writing list of installed files to '/home/yamashita/robot_2024/build/robot_2024/install.log'
[0.986s] Invoked command in '/home/yamashita/robot_2024/src/robot_2024' returned '0': PYTHONPATH=/home/yamashita/robot_2024/build/robot_2024/prefix_override:/home/yamashita/robot_2024/install/robot_2024/lib/python3.10/site-packages:${PYTHONPATH} /usr/bin/python3 -W ignore:setup.py install is deprecated setup.py egg_info --egg-base ../../build/robot_2024 build --build-base /home/yamashita/robot_2024/build/robot_2024/build install --record /home/yamashita/robot_2024/build/robot_2024/install.log --single-version-externally-managed install_data
