[0.486s] DEBUG:colcon:Command line arguments: ['/usr/bin/colcon', 'build']
[0.486s] DEBUG:colcon:Parsed command line arguments: Namespace(log_base=None, log_level=None, verb_name='build', build_base='build', install_base='install', merge_install=False, symlink_install=False, test_result_base=None, continue_on_error=False, executor='parallel', parallel_workers=12, event_handlers=None, ignore_user_meta=False, metas=['./colcon.meta'], base_paths=['.'], packages_ignore=None, packages_ignore_regex=None, paths=None, packages_up_to=None, packages_up_to_regex=None, packages_above=None, packages_above_and_dependencies=None, packages_above_depth=None, packages_select_by_dep=None, packages_skip_by_dep=None, packages_skip_up_to=None, packages_select_build_failed=False, packages_skip_build_finished=False, packages_select_test_failures=False, packages_skip_test_passed=False, packages_select=None, packages_skip=None, packages_select_regex=None, packages_skip_regex=None, packages_start=None, packages_end=None, allow_overriding=[], cmake_args=None, cmake_target=None, cmake_target_skip_unavailable=False, cmake_clean_cache=False, cmake_clean_first=False, cmake_force_configure=False, ament_cmake_args=None, catkin_cmake_args=None, catkin_skip_building_tests=False, verb_parser=<colcon_defaults.argument_parser.defaults.DefaultArgumentsDecorator object at 0x7f5c6f305ed0>, verb_extension=<colcon_core.verb.build.BuildVerb object at 0x7f5c6f4774f0>, main=<bound method BuildVerb.main of <colcon_core.verb.build.BuildVerb object at 0x7f5c6f4774f0>>)
[1.024s] Level 1:colcon.colcon_core.package_discovery:discover_packages(colcon_meta) check parameters
[1.024s] Level 1:colcon.colcon_core.package_discovery:discover_packages(recursive) check parameters
[1.024s] Level 1:colcon.colcon_core.package_discovery:discover_packages(ignore) check parameters
[1.024s] Level 1:colcon.colcon_core.package_discovery:discover_packages(path) check parameters
[1.024s] Level 1:colcon.colcon_core.package_discovery:discover_packages(colcon_meta) discover
[1.025s] Level 1:colcon.colcon_core.package_discovery:discover_packages(recursive) discover
[1.025s] INFO:colcon.colcon_core.package_discovery:Crawling recursively for packages in '/home/yamashita/robot_2024'
[1.025s] Level 1:colcon.colcon_core.package_identification:_identify(.) by extensions ['ignore', 'ignore_ament_install']
[1.025s] Level 1:colcon.colcon_core.package_identification:_identify(.) by extension 'ignore'
[1.026s] Level 1:colcon.colcon_core.package_identification:_identify(.) by extension 'ignore_ament_install'
[1.026s] Level 1:colcon.colcon_core.package_identification:_identify(.) by extensions ['colcon_pkg']
[1.026s] Level 1:colcon.colcon_core.package_identification:_identify(.) by extension 'colcon_pkg'
[1.026s] Level 1:colcon.colcon_core.package_identification:_identify(.) by extensions ['colcon_meta']
[1.026s] Level 1:colcon.colcon_core.package_identification:_identify(.) by extension 'colcon_meta'
[1.026s] Level 1:colcon.colcon_core.package_identification:_identify(.) by extensions ['ros']
[1.026s] Level 1:colcon.colcon_core.package_identification:_identify(.) by extension 'ros'
[1.081s] Level 1:colcon.colcon_core.package_identification:_identify(.) by extensions ['cmake', 'python']
[1.081s] Level 1:colcon.colcon_core.package_identification:_identify(.) by extension 'cmake'
[1.081s] Level 1:colcon.colcon_core.package_identification:_identify(.) by extension 'python'
[1.082s] Level 1:colcon.colcon_core.package_identification:_identify(.) by extensions ['python_setup_py']
[1.082s] Level 1:colcon.colcon_core.package_identification:_identify(.) by extension 'python_setup_py'
[1.082s] Level 1:colcon.colcon_core.package_identification:_identify(build) by extensions ['ignore', 'ignore_ament_install']
[1.082s] Level 1:colcon.colcon_core.package_identification:_identify(build) by extension 'ignore'
[1.083s] Level 1:colcon.colcon_core.package_identification:_identify(build) ignored
[1.083s] Level 1:colcon.colcon_core.package_identification:_identify(install) by extensions ['ignore', 'ignore_ament_install']
[1.083s] Level 1:colcon.colcon_core.package_identification:_identify(install) by extension 'ignore'
[1.083s] Level 1:colcon.colcon_core.package_identification:_identify(install) ignored
[1.084s] Level 1:colcon.colcon_core.package_identification:_identify(log) by extensions ['ignore', 'ignore_ament_install']
[1.084s] Level 1:colcon.colcon_core.package_identification:_identify(log) by extension 'ignore'
[1.085s] Level 1:colcon.colcon_core.package_identification:_identify(log) ignored
[1.085s] Level 1:colcon.colcon_core.package_identification:_identify(src) by extensions ['ignore', 'ignore_ament_install']
[1.085s] Level 1:colcon.colcon_core.package_identification:_identify(src) by extension 'ignore'
[1.086s] Level 1:colcon.colcon_core.package_identification:_identify(src) by extension 'ignore_ament_install'
[1.086s] Level 1:colcon.colcon_core.package_identification:_identify(src) by extensions ['colcon_pkg']
[1.086s] Level 1:colcon.colcon_core.package_identification:_identify(src) by extension 'colcon_pkg'
[1.086s] Level 1:colcon.colcon_core.package_identification:_identify(src) by extensions ['colcon_meta']
[1.086s] Level 1:colcon.colcon_core.package_identification:_identify(src) by extension 'colcon_meta'
[1.086s] Level 1:colcon.colcon_core.package_identification:_identify(src) by extensions ['ros']
[1.086s] Level 1:colcon.colcon_core.package_identification:_identify(src) by extension 'ros'
[1.087s] Level 1:colcon.colcon_core.package_identification:_identify(src) by extensions ['cmake', 'python']
[1.087s] Level 1:colcon.colcon_core.package_identification:_identify(src) by extension 'cmake'
[1.087s] Level 1:colcon.colcon_core.package_identification:_identify(src) by extension 'python'
[1.087s] Level 1:colcon.colcon_core.package_identification:_identify(src) by extensions ['python_setup_py']
[1.087s] Level 1:colcon.colcon_core.package_identification:_identify(src) by extension 'python_setup_py'
[1.087s] Level 1:colcon.colcon_core.package_identification:_identify(src/gazebo_robot_2024) by extensions ['ignore', 'ignore_ament_install']
[1.088s] Level 1:colcon.colcon_core.package_identification:_identify(src/gazebo_robot_2024) by extension 'ignore'
[1.088s] Level 1:colcon.colcon_core.package_identification:_identify(src/gazebo_robot_2024) by extension 'ignore_ament_install'
[1.088s] Level 1:colcon.colcon_core.package_identification:_identify(src/gazebo_robot_2024) by extensions ['colcon_pkg']
[1.088s] Level 1:colcon.colcon_core.package_identification:_identify(src/gazebo_robot_2024) by extension 'colcon_pkg'
[1.088s] Level 1:colcon.colcon_core.package_identification:_identify(src/gazebo_robot_2024) by extensions ['colcon_meta']
[1.088s] Level 1:colcon.colcon_core.package_identification:_identify(src/gazebo_robot_2024) by extension 'colcon_meta'
[1.089s] Level 1:colcon.colcon_core.package_identification:_identify(src/gazebo_robot_2024) by extensions ['ros']
[1.089s] Level 1:colcon.colcon_core.package_identification:_identify(src/gazebo_robot_2024) by extension 'ros'
[1.094s] DEBUG:colcon.colcon_core.package_identification:Package 'src/gazebo_robot_2024' with type 'ros.ament_python' and name 'gazebo_robot_2024'
[1.095s] Level 1:colcon.colcon_core.package_identification:_identify(src/robot_2024) by extensions ['ignore', 'ignore_ament_install']
[1.095s] Level 1:colcon.colcon_core.package_identification:_identify(src/robot_2024) by extension 'ignore'
[1.096s] Level 1:colcon.colcon_core.package_identification:_identify(src/robot_2024) by extension 'ignore_ament_install'
[1.096s] Level 1:colcon.colcon_core.package_identification:_identify(src/robot_2024) by extensions ['colcon_pkg']
[1.096s] Level 1:colcon.colcon_core.package_identification:_identify(src/robot_2024) by extension 'colcon_pkg'
[1.096s] Level 1:colcon.colcon_core.package_identification:_identify(src/robot_2024) by extensions ['colcon_meta']
[1.096s] Level 1:colcon.colcon_core.package_identification:_identify(src/robot_2024) by extension 'colcon_meta'
[1.096s] Level 1:colcon.colcon_core.package_identification:_identify(src/robot_2024) by extensions ['ros']
[1.096s] Level 1:colcon.colcon_core.package_identification:_identify(src/robot_2024) by extension 'ros'
[1.097s] DEBUG:colcon.colcon_core.package_identification:Package 'src/robot_2024' with type 'ros.ament_python' and name 'robot_2024'
[1.098s] Level 1:colcon.colcon_core.package_discovery:discover_packages(recursive) using defaults
[1.098s] Level 1:colcon.colcon_core.package_discovery:discover_packages(ignore) discover
[1.098s] Level 1:colcon.colcon_core.package_discovery:discover_packages(ignore) using defaults
[1.098s] Level 1:colcon.colcon_core.package_discovery:discover_packages(path) discover
[1.098s] Level 1:colcon.colcon_core.package_discovery:discover_packages(path) using defaults
[1.149s] Level 1:colcon.colcon_core.package_discovery:discover_packages(prefix_path) check parameters
[1.150s] Level 1:colcon.colcon_core.package_discovery:discover_packages(prefix_path) discover
[1.154s] DEBUG:colcon.colcon_installed_package_information.package_discovery:Found 3 installed packages in /home/yamashita/robot_2024/install
[1.156s] DEBUG:colcon.colcon_installed_package_information.package_discovery:Found 3 installed packages in /home/yamashita/Robot_ws/install
[1.158s] DEBUG:colcon.colcon_installed_package_information.package_discovery:Found 4 installed packages in /home/yamashita/LegControll/install
[1.160s] DEBUG:colcon.colcon_installed_package_information.package_discovery:Found 3 installed packages in /home/yamashita/auto_robot_2024/install
[1.163s] DEBUG:colcon.colcon_installed_package_information.package_discovery:Found 417 installed packages in /opt/ros/humble
[1.170s] Level 1:colcon.colcon_core.package_discovery:discover_packages(prefix_path) using defaults
[1.293s] Level 5:colcon.colcon_core.verb:set package 'gazebo_robot_2024' build argument 'cmake_args' from command line to 'None'
[1.293s] Level 5:colcon.colcon_core.verb:set package 'gazebo_robot_2024' build argument 'cmake_target' from command line to 'None'
[1.294s] Level 5:colcon.colcon_core.verb:set package 'gazebo_robot_2024' build argument 'cmake_target_skip_unavailable' from command line to 'False'
[1.294s] Level 5:colcon.colcon_core.verb:set package 'gazebo_robot_2024' build argument 'cmake_clean_cache' from command line to 'False'
[1.294s] Level 5:colcon.colcon_core.verb:set package 'gazebo_robot_2024' build argument 'cmake_clean_first' from command line to 'False'
[1.294s] Level 5:colcon.colcon_core.verb:set package 'gazebo_robot_2024' build argument 'cmake_force_configure' from command line to 'False'
[1.294s] Level 5:colcon.colcon_core.verb:set package 'gazebo_robot_2024' build argument 'ament_cmake_args' from command line to 'None'
[1.294s] Level 5:colcon.colcon_core.verb:set package 'gazebo_robot_2024' build argument 'catkin_cmake_args' from command line to 'None'
[1.294s] Level 5:colcon.colcon_core.verb:set package 'gazebo_robot_2024' build argument 'catkin_skip_building_tests' from command line to 'False'
[1.294s] DEBUG:colcon.colcon_core.verb:Building package 'gazebo_robot_2024' with the following arguments: {'ament_cmake_args': None, 'build_base': '/home/yamashita/robot_2024/build/gazebo_robot_2024', 'catkin_cmake_args': None, 'catkin_skip_building_tests': False, 'cmake_args': None, 'cmake_clean_cache': False, 'cmake_clean_first': False, 'cmake_force_configure': False, 'cmake_target': None, 'cmake_target_skip_unavailable': False, 'install_base': '/home/yamashita/robot_2024/install/gazebo_robot_2024', 'merge_install': False, 'path': '/home/yamashita/robot_2024/src/gazebo_robot_2024', 'symlink_install': False, 'test_result_base': None}
[1.295s] Level 5:colcon.colcon_core.verb:set package 'robot_2024' build argument 'cmake_args' from command line to 'None'
[1.296s] Level 5:colcon.colcon_core.verb:set package 'robot_2024' build argument 'cmake_target' from command line to 'None'
[1.296s] Level 5:colcon.colcon_core.verb:set package 'robot_2024' build argument 'cmake_target_skip_unavailable' from command line to 'False'
[1.296s] Level 5:colcon.colcon_core.verb:set package 'robot_2024' build argument 'cmake_clean_cache' from command line to 'False'
[1.296s] Level 5:colcon.colcon_core.verb:set package 'robot_2024' build argument 'cmake_clean_first' from command line to 'False'
[1.296s] Level 5:colcon.colcon_core.verb:set package 'robot_2024' build argument 'cmake_force_configure' from command line to 'False'
[1.296s] Level 5:colcon.colcon_core.verb:set package 'robot_2024' build argument 'ament_cmake_args' from command line to 'None'
[1.296s] Level 5:colcon.colcon_core.verb:set package 'robot_2024' build argument 'catkin_cmake_args' from command line to 'None'
[1.296s] Level 5:colcon.colcon_core.verb:set package 'robot_2024' build argument 'catkin_skip_building_tests' from command line to 'False'
[1.296s] DEBUG:colcon.colcon_core.verb:Building package 'robot_2024' with the following arguments: {'ament_cmake_args': None, 'build_base': '/home/yamashita/robot_2024/build/robot_2024', 'catkin_cmake_args': None, 'catkin_skip_building_tests': False, 'cmake_args': None, 'cmake_clean_cache': False, 'cmake_clean_first': False, 'cmake_force_configure': False, 'cmake_target': None, 'cmake_target_skip_unavailable': False, 'install_base': '/home/yamashita/robot_2024/install/robot_2024', 'merge_install': False, 'path': '/home/yamashita/robot_2024/src/robot_2024', 'symlink_install': False, 'test_result_base': None}
[1.297s] INFO:colcon.colcon_core.executor:Executing jobs using 'parallel' executor
[1.301s] DEBUG:colcon.colcon_parallel_executor.executor.parallel:run_until_complete
[1.303s] INFO:colcon.colcon_ros.task.ament_python.build:Building ROS package in '/home/yamashita/robot_2024/src/gazebo_robot_2024' with build type 'ament_python'
[1.304s] Level 1:colcon.colcon_core.shell:create_environment_hook('gazebo_robot_2024', 'ament_prefix_path')
[1.313s] INFO:colcon.colcon_core.plugin_system:Skipping extension 'colcon_core.shell.bat': Not used on non-Windows systems
[1.314s] INFO:colcon.colcon_core.shell:Creating environment hook '/home/yamashita/robot_2024/install/gazebo_robot_2024/share/gazebo_robot_2024/hook/ament_prefix_path.ps1'
[1.318s] INFO:colcon.colcon_core.shell:Creating environment descriptor '/home/yamashita/robot_2024/install/gazebo_robot_2024/share/gazebo_robot_2024/hook/ament_prefix_path.dsv'
[1.320s] INFO:colcon.colcon_core.shell:Creating environment hook '/home/yamashita/robot_2024/install/gazebo_robot_2024/share/gazebo_robot_2024/hook/ament_prefix_path.sh'
[1.323s] INFO:colcon.colcon_core.shell:Skip shell extension 'powershell' for command environment: Not usable outside of PowerShell
[1.323s] DEBUG:colcon.colcon_core.shell:Skip shell extension 'dsv' for command environment
[1.345s] INFO:colcon.colcon_ros.task.ament_python.build:Building ROS package in '/home/yamashita/robot_2024/src/robot_2024' with build type 'ament_python'
[1.346s] Level 1:colcon.colcon_core.shell:create_environment_hook('robot_2024', 'ament_prefix_path')
[1.347s] INFO:colcon.colcon_core.shell:Creating environment hook '/home/yamashita/robot_2024/install/robot_2024/share/robot_2024/hook/ament_prefix_path.ps1'
[1.350s] INFO:colcon.colcon_core.shell:Creating environment descriptor '/home/yamashita/robot_2024/install/robot_2024/share/robot_2024/hook/ament_prefix_path.dsv'
[1.351s] INFO:colcon.colcon_core.shell:Creating environment hook '/home/yamashita/robot_2024/install/robot_2024/share/robot_2024/hook/ament_prefix_path.sh'
[1.352s] INFO:colcon.colcon_core.shell:Skip shell extension 'powershell' for command environment: Not usable outside of PowerShell
[1.352s] DEBUG:colcon.colcon_core.shell:Skip shell extension 'dsv' for command environment
[2.298s] INFO:colcon.colcon_core.task.python.build:Building Python package in '/home/yamashita/robot_2024/src/gazebo_robot_2024'
[2.298s] INFO:colcon.colcon_core.shell:Skip shell extension 'powershell' for command environment: Not usable outside of PowerShell
[2.298s] DEBUG:colcon.colcon_core.shell:Skip shell extension 'dsv' for command environment
[3.281s] INFO:colcon.colcon_core.task.python.build:Building Python package in '/home/yamashita/robot_2024/src/robot_2024'
[3.281s] INFO:colcon.colcon_core.shell:Skip shell extension 'powershell' for command environment: Not usable outside of PowerShell
[3.282s] DEBUG:colcon.colcon_core.shell:Skip shell extension 'dsv' for command environment
[4.746s] DEBUG:colcon.colcon_core.event_handler.log_command:Invoking command in '/home/yamashita/robot_2024/src/gazebo_robot_2024': PYTHONPATH=/home/yamashita/robot_2024/build/gazebo_robot_2024/prefix_override:/home/yamashita/robot_2024/install/gazebo_robot_2024/lib/python3.10/site-packages:${PYTHONPATH} /usr/bin/python3 -W ignore:setup.py install is deprecated setup.py egg_info --egg-base ../../build/gazebo_robot_2024 build --build-base /home/yamashita/robot_2024/build/gazebo_robot_2024/build install --record /home/yamashita/robot_2024/build/gazebo_robot_2024/install.log --single-version-externally-managed install_data
[4.767s] DEBUG:colcon.colcon_core.event_handler.log_command:Invoking command in '/home/yamashita/robot_2024/src/robot_2024': PYTHONPATH=/home/yamashita/robot_2024/build/robot_2024/prefix_override:/home/yamashita/robot_2024/install/robot_2024/lib/python3.10/site-packages:${PYTHONPATH} /usr/bin/python3 -W ignore:setup.py install is deprecated setup.py egg_info --egg-base ../../build/robot_2024 build --build-base /home/yamashita/robot_2024/build/robot_2024/build install --record /home/yamashita/robot_2024/build/robot_2024/install.log --single-version-externally-managed install_data
[5.928s] DEBUG:colcon.colcon_core.event_handler.log_command:Invoked command in '/home/yamashita/robot_2024/src/gazebo_robot_2024' returned '0': PYTHONPATH=/home/yamashita/robot_2024/build/gazebo_robot_2024/prefix_override:/home/yamashita/robot_2024/install/gazebo_robot_2024/lib/python3.10/site-packages:${PYTHONPATH} /usr/bin/python3 -W ignore:setup.py install is deprecated setup.py egg_info --egg-base ../../build/gazebo_robot_2024 build --build-base /home/yamashita/robot_2024/build/gazebo_robot_2024/build install --record /home/yamashita/robot_2024/build/gazebo_robot_2024/install.log --single-version-externally-managed install_data
[5.936s] Level 1:colcon.colcon_core.environment:checking '/home/yamashita/robot_2024/install/gazebo_robot_2024' for CMake module files
[5.937s] Level 1:colcon.colcon_core.environment:checking '/home/yamashita/robot_2024/install/gazebo_robot_2024' for CMake config files
[5.939s] Level 1:colcon.colcon_core.environment:checking '/home/yamashita/robot_2024/install/gazebo_robot_2024/lib'
[5.940s] Level 1:colcon.colcon_core.environment:checking '/home/yamashita/robot_2024/install/gazebo_robot_2024/bin'
[5.940s] Level 1:colcon.colcon_core.environment:checking '/home/yamashita/robot_2024/install/gazebo_robot_2024/lib/pkgconfig/gazebo_robot_2024.pc'
[5.942s] Level 1:colcon.colcon_core.environment:checking '/home/yamashita/robot_2024/install/gazebo_robot_2024/lib/python3.10/site-packages'
[5.943s] Level 1:colcon.colcon_core.shell:create_environment_hook('gazebo_robot_2024', 'pythonpath')
[5.944s] INFO:colcon.colcon_core.shell:Creating environment hook '/home/yamashita/robot_2024/install/gazebo_robot_2024/share/gazebo_robot_2024/hook/pythonpath.ps1'
[5.946s] INFO:colcon.colcon_core.shell:Creating environment descriptor '/home/yamashita/robot_2024/install/gazebo_robot_2024/share/gazebo_robot_2024/hook/pythonpath.dsv'
[5.947s] INFO:colcon.colcon_core.shell:Creating environment hook '/home/yamashita/robot_2024/install/gazebo_robot_2024/share/gazebo_robot_2024/hook/pythonpath.sh'
[5.949s] Level 1:colcon.colcon_core.environment:checking '/home/yamashita/robot_2024/install/gazebo_robot_2024/bin'
[5.949s] Level 1:colcon.colcon_core.environment:create_environment_scripts_only(gazebo_robot_2024)
[5.950s] INFO:colcon.colcon_core.shell:Creating package script '/home/yamashita/robot_2024/install/gazebo_robot_2024/share/gazebo_robot_2024/package.ps1'
[5.952s] INFO:colcon.colcon_core.shell:Creating package descriptor '/home/yamashita/robot_2024/install/gazebo_robot_2024/share/gazebo_robot_2024/package.dsv'
[5.954s] INFO:colcon.colcon_core.shell:Creating package script '/home/yamashita/robot_2024/install/gazebo_robot_2024/share/gazebo_robot_2024/package.sh'
[5.956s] INFO:colcon.colcon_core.shell:Creating package script '/home/yamashita/robot_2024/install/gazebo_robot_2024/share/gazebo_robot_2024/package.bash'
[5.958s] INFO:colcon.colcon_core.shell:Creating package script '/home/yamashita/robot_2024/install/gazebo_robot_2024/share/gazebo_robot_2024/package.zsh'
[5.963s] Level 1:colcon.colcon_core.environment:create_file_with_runtime_dependencies(/home/yamashita/robot_2024/install/gazebo_robot_2024/share/colcon-core/packages/gazebo_robot_2024)
[5.980s] Level 1:colcon.colcon_core.environment:checking '/home/yamashita/robot_2024/install/robot_2024' for CMake module files
[5.981s] DEBUG:colcon.colcon_core.event_handler.log_command:Invoked command in '/home/yamashita/robot_2024/src/robot_2024' returned '0': PYTHONPATH=/home/yamashita/robot_2024/build/robot_2024/prefix_override:/home/yamashita/robot_2024/install/robot_2024/lib/python3.10/site-packages:${PYTHONPATH} /usr/bin/python3 -W ignore:setup.py install is deprecated setup.py egg_info --egg-base ../../build/robot_2024 build --build-base /home/yamashita/robot_2024/build/robot_2024/build install --record /home/yamashita/robot_2024/build/robot_2024/install.log --single-version-externally-managed install_data
[5.984s] Level 1:colcon.colcon_core.environment:checking '/home/yamashita/robot_2024/install/robot_2024' for CMake config files
[5.986s] Level 1:colcon.colcon_core.environment:checking '/home/yamashita/robot_2024/install/robot_2024/lib'
[5.986s] Level 1:colcon.colcon_core.environment:checking '/home/yamashita/robot_2024/install/robot_2024/bin'
[5.987s] Level 1:colcon.colcon_core.environment:checking '/home/yamashita/robot_2024/install/robot_2024/lib/pkgconfig/robot_2024.pc'
[5.987s] Level 1:colcon.colcon_core.environment:checking '/home/yamashita/robot_2024/install/robot_2024/lib/python3.10/site-packages'
[5.987s] Level 1:colcon.colcon_core.shell:create_environment_hook('robot_2024', 'pythonpath')
[5.989s] INFO:colcon.colcon_core.shell:Creating environment hook '/home/yamashita/robot_2024/install/robot_2024/share/robot_2024/hook/pythonpath.ps1'
[5.991s] INFO:colcon.colcon_core.shell:Creating environment descriptor '/home/yamashita/robot_2024/install/robot_2024/share/robot_2024/hook/pythonpath.dsv'
[5.994s] INFO:colcon.colcon_core.shell:Creating environment hook '/home/yamashita/robot_2024/install/robot_2024/share/robot_2024/hook/pythonpath.sh'
[5.997s] Level 1:colcon.colcon_core.environment:checking '/home/yamashita/robot_2024/install/robot_2024/bin'
[5.998s] Level 1:colcon.colcon_core.environment:create_environment_scripts_only(robot_2024)
[5.999s] INFO:colcon.colcon_core.shell:Creating package script '/home/yamashita/robot_2024/install/robot_2024/share/robot_2024/package.ps1'
[6.000s] INFO:colcon.colcon_core.shell:Creating package descriptor '/home/yamashita/robot_2024/install/robot_2024/share/robot_2024/package.dsv'
[6.002s] INFO:colcon.colcon_core.shell:Creating package script '/home/yamashita/robot_2024/install/robot_2024/share/robot_2024/package.sh'
[6.004s] INFO:colcon.colcon_core.shell:Creating package script '/home/yamashita/robot_2024/install/robot_2024/share/robot_2024/package.bash'
[6.005s] INFO:colcon.colcon_core.shell:Creating package script '/home/yamashita/robot_2024/install/robot_2024/share/robot_2024/package.zsh'
[6.007s] Level 1:colcon.colcon_core.environment:create_file_with_runtime_dependencies(/home/yamashita/robot_2024/install/robot_2024/share/colcon-core/packages/robot_2024)
[6.009s] DEBUG:colcon.colcon_parallel_executor.executor.parallel:closing loop
[6.011s] DEBUG:colcon.colcon_parallel_executor.executor.parallel:loop closed
[6.012s] DEBUG:colcon.colcon_parallel_executor.executor.parallel:run_until_complete finished with '0'
[6.013s] DEBUG:colcon.colcon_core.event_reactor:joining thread
[6.123s] INFO:colcon.colcon_core.plugin_system:Skipping extension 'colcon_notification.desktop_notification.notify_send': Could not find 'notify-send'
[6.124s] INFO:colcon.colcon_core.plugin_system:Skipping extension 'colcon_notification.desktop_notification.terminal_notifier': Not used on non-Darwin systems
[6.124s] INFO:colcon.colcon_core.plugin_system:Skipping extension 'colcon_notification.desktop_notification.win32': Not used on non-Windows systems
[6.124s] INFO:colcon.colcon_notification.desktop_notification:Sending desktop notification using 'notify2'
[6.124s] DEBUG:colcon.colcon_notification.desktop_notification.notify2:Failed to initialize notify2: org.freedesktop.DBus.Error.FileNotFound: Failed to connect to socket /run/user/1000/bus: No such file or directory
[6.125s] DEBUG:colcon.colcon_core.event_reactor:joined thread
[6.126s] INFO:colcon.colcon_core.shell:Creating prefix script '/home/yamashita/robot_2024/install/local_setup.ps1'
[6.128s] INFO:colcon.colcon_core.shell:Creating prefix util module '/home/yamashita/robot_2024/install/_local_setup_util_ps1.py'
[6.132s] INFO:colcon.colcon_core.shell:Creating prefix chain script '/home/yamashita/robot_2024/install/setup.ps1'
[6.138s] INFO:colcon.colcon_core.shell:Creating prefix script '/home/yamashita/robot_2024/install/local_setup.sh'
[6.144s] INFO:colcon.colcon_core.shell:Creating prefix util module '/home/yamashita/robot_2024/install/_local_setup_util_sh.py'
[6.146s] INFO:colcon.colcon_core.shell:Creating prefix chain script '/home/yamashita/robot_2024/install/setup.sh'
[6.149s] INFO:colcon.colcon_core.shell:Creating prefix script '/home/yamashita/robot_2024/install/local_setup.bash'
[6.150s] INFO:colcon.colcon_core.shell:Creating prefix chain script '/home/yamashita/robot_2024/install/setup.bash'
[6.152s] INFO:colcon.colcon_core.shell:Creating prefix script '/home/yamashita/robot_2024/install/local_setup.zsh'
[6.153s] INFO:colcon.colcon_core.shell:Creating prefix chain script '/home/yamashita/robot_2024/install/setup.zsh'
