[2.461s] Invoking command in '/home/yamashita/robot_2024/src/robot_2024': PYTHONPATH=/home/yamashita/robot_2024/build/robot_2024/prefix_override:/home/yamashita/robot_2024/install/robot_2024/lib/python3.10/site-packages:${PYTHONPATH} /usr/bin/python3 -W ignore:setup.py install is deprecated setup.py egg_info --egg-base ../../build/robot_2024 build --build-base /home/yamashita/robot_2024/build/robot_2024/build install --record /home/yamashita/robot_2024/build/robot_2024/install.log --single-version-externally-managed install_data
[2.858s] running egg_info
[2.859s] writing ../../build/robot_2024/robot_2024.egg-info/PKG-INFO
[2.860s] writing dependency_links to ../../build/robot_2024/robot_2024.egg-info/dependency_links.txt
[2.860s] writing entry points to ../../build/robot_2024/robot_2024.egg-info/entry_points.txt
[2.861s] writing requirements to ../../build/robot_2024/robot_2024.egg-info/requires.txt
[2.861s] writing top-level names to ../../build/robot_2024/robot_2024.egg-info/top_level.txt
[2.862s] reading manifest file '../../build/robot_2024/robot_2024.egg-info/SOURCES.txt'
[2.864s] writing manifest file '../../build/robot_2024/robot_2024.egg-info/SOURCES.txt'
[2.865s] running build
[2.865s] running build_py
[2.867s] running install
[2.867s] running install_lib
[2.870s] running install_data
[2.871s] running install_egg_info
[2.874s] removing '/home/yamashita/robot_2024/install/robot_2024/lib/python3.10/site-packages/robot_2024-0.0.0-py3.10.egg-info' (and everything under it)
[2.874s] Copying ../../build/robot_2024/robot_2024.egg-info to /home/yamashita/robot_2024/install/robot_2024/lib/python3.10/site-packages/robot_2024-0.0.0-py3.10.egg-info
[2.876s] running install_scripts
[2.904s] Installing yaslam script to /home/yamashita/robot_2024/install/robot_2024/lib/robot_2024
[2.905s] writing list of installed files to '/home/yamashita/robot_2024/build/robot_2024/install.log'
[2.941s] Invoked command in '/home/yamashita/robot_2024/src/robot_2024' returned '0': PYTHONPATH=/home/yamashita/robot_2024/build/robot_2024/prefix_override:/home/yamashita/robot_2024/install/robot_2024/lib/python3.10/site-packages:${PYTHONPATH} /usr/bin/python3 -W ignore:setup.py install is deprecated setup.py egg_info --egg-base ../../build/robot_2024 build --build-base /home/yamashita/robot_2024/build/robot_2024/build install --record /home/yamashita/robot_2024/build/robot_2024/install.log --single-version-externally-managed install_data
