[4.590s] Invoking command in '/home/yamashita/robot_2024/src/robot_2024': PYTHONPATH=/home/yamashita/robot_2024/build/robot_2024/prefix_override:/home/yamashita/robot_2024/install/robot_2024/lib/python3.10/site-packages:${PYTHONPATH} /usr/bin/python3 -W ignore:setup.py install is deprecated setup.py egg_info --egg-base ../../build/robot_2024 build --build-base /home/yamashita/robot_2024/build/robot_2024/build install --record /home/yamashita/robot_2024/build/robot_2024/install.log --single-version-externally-managed install_data
[5.936s] running egg_info
[5.939s] writing ../../build/robot_2024/robot_2024.egg-info/PKG-INFO
[5.940s] writing dependency_links to ../../build/robot_2024/robot_2024.egg-info/dependency_links.txt
[5.942s] writing entry points to ../../build/robot_2024/robot_2024.egg-info/entry_points.txt
[5.942s] writing requirements to ../../build/robot_2024/robot_2024.egg-info/requires.txt
[5.943s] writing top-level names to ../../build/robot_2024/robot_2024.egg-info/top_level.txt
[5.951s] reading manifest file '../../build/robot_2024/robot_2024.egg-info/SOURCES.txt'
[5.955s] writing manifest file '../../build/robot_2024/robot_2024.egg-info/SOURCES.txt'
[5.956s] running build
[5.957s] running build_py
[5.959s] running install
[5.960s] running install_lib
[5.967s] running install_data
[5.968s] running install_egg_info
[5.975s] removing '/home/yamashita/robot_2024/install/robot_2024/lib/python3.10/site-packages/robot_2024-0.0.0-py3.10.egg-info' (and everything under it)
[5.977s] Copying ../../build/robot_2024/robot_2024.egg-info to /home/yamashita/robot_2024/install/robot_2024/lib/python3.10/site-packages/robot_2024-0.0.0-py3.10.egg-info
[5.983s] running install_scripts
[6.069s] Installing serial script to /home/yamashita/robot_2024/install/robot_2024/lib/robot_2024
[6.071s] Installing webControll script to /home/yamashita/robot_2024/install/robot_2024/lib/robot_2024
[6.072s] Installing yaslam script to /home/yamashita/robot_2024/install/robot_2024/lib/robot_2024
[6.074s] writing list of installed files to '/home/yamashita/robot_2024/build/robot_2024/install.log'
[6.265s] Invoked command in '/home/yamashita/robot_2024/src/robot_2024' returned '0': PYTHONPATH=/home/yamashita/robot_2024/build/robot_2024/prefix_override:/home/yamashita/robot_2024/install/robot_2024/lib/python3.10/site-packages:${PYTHONPATH} /usr/bin/python3 -W ignore:setup.py install is deprecated setup.py egg_info --egg-base ../../build/robot_2024 build --build-base /home/yamashita/robot_2024/build/robot_2024/build install --record /home/yamashita/robot_2024/build/robot_2024/install.log --single-version-externally-managed install_data
