[0.612s] Invoking command in '/home/yamashita/robot_2024/src/gazebo_robot_2024': PYTHONPATH=/home/yamashita/robot_2024/build/gazebo_robot_2024/prefix_override:/home/yamashita/robot_2024/install/gazebo_robot_2024/lib/python3.10/site-packages:${PYTHONPATH} /usr/bin/python3 -W ignore:setup.py install is deprecated setup.py egg_info --egg-base ../../build/gazebo_robot_2024 build --build-base /home/yamashita/robot_2024/build/gazebo_robot_2024/build install --record /home/yamashita/robot_2024/build/gazebo_robot_2024/install.log --single-version-externally-managed install_data
[0.772s] running egg_info
[0.772s] creating ../../build/gazebo_robot_2024/gazebo_robot_2024.egg-info
[0.773s] writing ../../build/gazebo_robot_2024/gazebo_robot_2024.egg-info/PKG-INFO
[0.773s] writing dependency_links to ../../build/gazebo_robot_2024/gazebo_robot_2024.egg-info/dependency_links.txt
[0.774s] writing entry points to ../../build/gazebo_robot_2024/gazebo_robot_2024.egg-info/entry_points.txt
[0.774s] writing requirements to ../../build/gazebo_robot_2024/gazebo_robot_2024.egg-info/requires.txt
[0.774s] writing top-level names to ../../build/gazebo_robot_2024/gazebo_robot_2024.egg-info/top_level.txt
[0.777s] writing manifest file '../../build/gazebo_robot_2024/gazebo_robot_2024.egg-info/SOURCES.txt'
[0.778s] reading manifest file '../../build/gazebo_robot_2024/gazebo_robot_2024.egg-info/SOURCES.txt'
[0.778s] writing manifest file '../../build/gazebo_robot_2024/gazebo_robot_2024.egg-info/SOURCES.txt'
[0.778s] running build
[0.778s] running build_py
[0.778s] creating /home/yamashita/robot_2024/build/gazebo_robot_2024/build
[0.778s] creating /home/yamashita/robot_2024/build/gazebo_robot_2024/build/lib
[0.778s] creating /home/yamashita/robot_2024/build/gazebo_robot_2024/build/lib/gazebo_robot_2024
[0.778s] copying gazebo_robot_2024/__init__.py -> /home/yamashita/robot_2024/build/gazebo_robot_2024/build/lib/gazebo_robot_2024
[0.778s] running install
[0.779s] running install_lib
[0.779s] creating /home/yamashita/robot_2024/install/gazebo_robot_2024/lib/python3.10/site-packages/gazebo_robot_2024
[0.779s] copying /home/yamashita/robot_2024/build/gazebo_robot_2024/build/lib/gazebo_robot_2024/__init__.py -> /home/yamashita/robot_2024/install/gazebo_robot_2024/lib/python3.10/site-packages/gazebo_robot_2024
[0.780s] byte-compiling /home/yamashita/robot_2024/install/gazebo_robot_2024/lib/python3.10/site-packages/gazebo_robot_2024/__init__.py to __init__.cpython-310.pyc
[0.780s] running install_data
[0.780s] creating /home/yamashita/robot_2024/install/gazebo_robot_2024/share/ament_index
[0.781s] creating /home/yamashita/robot_2024/install/gazebo_robot_2024/share/ament_index/resource_index
[0.781s] creating /home/yamashita/robot_2024/install/gazebo_robot_2024/share/ament_index/resource_index/packages
[0.781s] copying resource/gazebo_robot_2024 -> /home/yamashita/robot_2024/install/gazebo_robot_2024/share/ament_index/resource_index/packages
[0.781s] copying package.xml -> /home/yamashita/robot_2024/install/gazebo_robot_2024/share/gazebo_robot_2024
[0.781s] creating /home/yamashita/robot_2024/install/gazebo_robot_2024/share/gazebo_robot_2024/launch
[0.781s] copying launch/Mymodel.launch.py -> /home/yamashita/robot_2024/install/gazebo_robot_2024/share/gazebo_robot_2024/launch
[0.782s] creating /home/yamashita/robot_2024/install/gazebo_robot_2024/share/gazebo_robot_2024/world
[0.782s] running install_egg_info
[0.782s] Copying ../../build/gazebo_robot_2024/gazebo_robot_2024.egg-info to /home/yamashita/robot_2024/install/gazebo_robot_2024/lib/python3.10/site-packages/gazebo_robot_2024-0.0.0-py3.10.egg-info
[0.783s] running install_scripts
[0.795s] writing list of installed files to '/home/yamashita/robot_2024/build/gazebo_robot_2024/install.log'
[0.824s] Invoked command in '/home/yamashita/robot_2024/src/gazebo_robot_2024' returned '0': PYTHONPATH=/home/yamashita/robot_2024/build/gazebo_robot_2024/prefix_override:/home/yamashita/robot_2024/install/gazebo_robot_2024/lib/python3.10/site-packages:${PYTHONPATH} /usr/bin/python3 -W ignore:setup.py install is deprecated setup.py egg_info --egg-base ../../build/gazebo_robot_2024 build --build-base /home/yamashita/robot_2024/build/gazebo_robot_2024/build install --record /home/yamashita/robot_2024/build/gazebo_robot_2024/install.log --single-version-externally-managed install_data
