[4.574s] Invoking command in '/home/yamashita/robot_2024/src/robot_2024': PYTHONPATH=/home/yamashita/robot_2024/build/robot_2024/prefix_override:/home/yamashita/robot_2024/install/robot_2024/lib/python3.10/site-packages:${PYTHONPATH} /usr/bin/python3 -W ignore:setup.py install is deprecated setup.py egg_info --egg-base ../../build/robot_2024 build --build-base /home/yamashita/robot_2024/build/robot_2024/build install --record /home/yamashita/robot_2024/build/robot_2024/install.log --single-version-externally-managed install_data
[5.904s] running egg_info
[5.907s] writing ../../build/robot_2024/robot_2024.egg-info/PKG-INFO
[5.908s] writing dependency_links to ../../build/robot_2024/robot_2024.egg-info/dependency_links.txt
[5.909s] writing entry points to ../../build/robot_2024/robot_2024.egg-info/entry_points.txt
[5.910s] writing requirements to ../../build/robot_2024/robot_2024.egg-info/requires.txt
[5.911s] writing top-level names to ../../build/robot_2024/robot_2024.egg-info/top_level.txt
[5.921s] reading manifest file '../../build/robot_2024/robot_2024.egg-info/SOURCES.txt'
[5.925s] writing manifest file '../../build/robot_2024/robot_2024.egg-info/SOURCES.txt'
[5.926s] running build
[5.926s] running build_py
[5.928s] running install
[5.930s] running install_lib
[5.936s] running install_data
[5.939s] copying launch/SwaveDrive.launch.py -> /home/yamashita/robot_2024/install/robot_2024/share/robot_2024
[5.939s] running install_egg_info
[5.946s] removing '/home/yamashita/robot_2024/install/robot_2024/lib/python3.10/site-packages/robot_2024-0.0.0-py3.10.egg-info' (and everything under it)
[5.947s] Copying ../../build/robot_2024/robot_2024.egg-info to /home/yamashita/robot_2024/install/robot_2024/lib/python3.10/site-packages/robot_2024-0.0.0-py3.10.egg-info
[5.954s] running install_scripts
[6.041s] Installing serial script to /home/yamashita/robot_2024/install/robot_2024/lib/robot_2024
[6.042s] Installing webControll script to /home/yamashita/robot_2024/install/robot_2024/lib/robot_2024
[6.043s] Installing yaslam script to /home/yamashita/robot_2024/install/robot_2024/lib/robot_2024
[6.045s] writing list of installed files to '/home/yamashita/robot_2024/build/robot_2024/install.log'
[6.234s] Invoked command in '/home/yamashita/robot_2024/src/robot_2024' returned '0': PYTHONPATH=/home/yamashita/robot_2024/build/robot_2024/prefix_override:/home/yamashita/robot_2024/install/robot_2024/lib/python3.10/site-packages:${PYTHONPATH} /usr/bin/python3 -W ignore:setup.py install is deprecated setup.py egg_info --egg-base ../../build/robot_2024 build --build-base /home/yamashita/robot_2024/build/robot_2024/build install --record /home/yamashita/robot_2024/build/robot_2024/install.log --single-version-externally-managed install_data
