[1.934s] Invoking command in '/home/yamashita/robot_2024/src/robot_2024': PYTHONPATH=/home/yamashita/robot_2024/build/robot_2024/prefix_override:/home/yamashita/robot_2024/install/robot_2024/lib/python3.10/site-packages:${PYTHONPATH} /usr/bin/python3 -W ignore:setup.py install is deprecated setup.py egg_info --egg-base ../../build/robot_2024 build --build-base /home/yamashita/robot_2024/build/robot_2024/build install --record /home/yamashita/robot_2024/build/robot_2024/install.log --single-version-externally-managed install_data
[2.507s] running egg_info
[2.509s] writing ../../build/robot_2024/robot_2024.egg-info/PKG-INFO
[2.509s] writing dependency_links to ../../build/robot_2024/robot_2024.egg-info/dependency_links.txt
[2.510s] writing entry points to ../../build/robot_2024/robot_2024.egg-info/entry_points.txt
[2.510s] writing requirements to ../../build/robot_2024/robot_2024.egg-info/requires.txt
[2.510s] writing top-level names to ../../build/robot_2024/robot_2024.egg-info/top_level.txt
[2.514s] reading manifest file '../../build/robot_2024/robot_2024.egg-info/SOURCES.txt'
[2.515s] writing manifest file '../../build/robot_2024/robot_2024.egg-info/SOURCES.txt'
[2.516s] running build
[2.516s] running build_py
[2.516s] copying robot_2024/ya_slam.py -> /home/yamashita/robot_2024/build/robot_2024/build/lib/robot_2024
[2.517s] running install
[2.517s] running install_lib
[2.518s] copying /home/yamashita/robot_2024/build/robot_2024/build/lib/robot_2024/ya_slam.py -> /home/yamashita/robot_2024/install/robot_2024/lib/python3.10/site-packages/robot_2024
[2.520s] byte-compiling /home/yamashita/robot_2024/install/robot_2024/lib/python3.10/site-packages/robot_2024/ya_slam.py to ya_slam.cpython-310.pyc
[2.527s] running install_data
[2.528s] running install_egg_info
[2.531s] removing '/home/yamashita/robot_2024/install/robot_2024/lib/python3.10/site-packages/robot_2024-0.0.0-py3.10.egg-info' (and everything under it)
[2.532s] Copying ../../build/robot_2024/robot_2024.egg-info to /home/yamashita/robot_2024/install/robot_2024/lib/python3.10/site-packages/robot_2024-0.0.0-py3.10.egg-info
[2.537s] running install_scripts
[2.584s] Installing serial script to /home/yamashita/robot_2024/install/robot_2024/lib/robot_2024
[2.585s] Installing webControll script to /home/yamashita/robot_2024/install/robot_2024/lib/robot_2024
[2.585s] Installing yaslam script to /home/yamashita/robot_2024/install/robot_2024/lib/robot_2024
[2.586s] writing list of installed files to '/home/yamashita/robot_2024/build/robot_2024/install.log'
[2.660s] Invoked command in '/home/yamashita/robot_2024/src/robot_2024' returned '0': PYTHONPATH=/home/yamashita/robot_2024/build/robot_2024/prefix_override:/home/yamashita/robot_2024/install/robot_2024/lib/python3.10/site-packages:${PYTHONPATH} /usr/bin/python3 -W ignore:setup.py install is deprecated setup.py egg_info --egg-base ../../build/robot_2024 build --build-base /home/yamashita/robot_2024/build/robot_2024/build install --record /home/yamashita/robot_2024/build/robot_2024/install.log --single-version-externally-managed install_data
