[4.611s] Invoking command in '/home/yamashita/robot_2024/src/robot_2024': PYTHONPATH=/home/yamashita/robot_2024/build/robot_2024/prefix_override:/home/yamashita/robot_2024/install/robot_2024/lib/python3.10/site-packages:${PYTHONPATH} /usr/bin/python3 -W ignore:setup.py install is deprecated setup.py egg_info --egg-base ../../build/robot_2024 build --build-base /home/yamashita/robot_2024/build/robot_2024/build install --record /home/yamashita/robot_2024/build/robot_2024/install.log --single-version-externally-managed install_data
[5.924s] running egg_info
[5.929s] writing ../../build/robot_2024/robot_2024.egg-info/PKG-INFO
[5.929s] writing dependency_links to ../../build/robot_2024/robot_2024.egg-info/dependency_links.txt
[5.930s] writing entry points to ../../build/robot_2024/robot_2024.egg-info/entry_points.txt
[5.931s] writing requirements to ../../build/robot_2024/robot_2024.egg-info/requires.txt
[5.931s] writing top-level names to ../../build/robot_2024/robot_2024.egg-info/top_level.txt
[5.940s] reading manifest file '../../build/robot_2024/robot_2024.egg-info/SOURCES.txt'
[5.944s] writing manifest file '../../build/robot_2024/robot_2024.egg-info/SOURCES.txt'
[5.945s] running build
[5.946s] running build_py
[5.947s] copying robot_2024/webControll.py -> /home/yamashita/robot_2024/build/robot_2024/build/lib/robot_2024
[5.948s] running install
[5.949s] running install_lib
[5.953s] copying /home/yamashita/robot_2024/build/robot_2024/build/lib/robot_2024/webControll.py -> /home/yamashita/robot_2024/install/robot_2024/lib/python3.10/site-packages/robot_2024
[5.956s] byte-compiling /home/yamashita/robot_2024/install/robot_2024/lib/python3.10/site-packages/robot_2024/webControll.py to webControll.cpython-310.pyc
[5.959s] running install_data
[5.961s] running install_egg_info
[5.968s] removing '/home/yamashita/robot_2024/install/robot_2024/lib/python3.10/site-packages/robot_2024-0.0.0-py3.10.egg-info' (and everything under it)
[5.969s] Copying ../../build/robot_2024/robot_2024.egg-info to /home/yamashita/robot_2024/install/robot_2024/lib/python3.10/site-packages/robot_2024-0.0.0-py3.10.egg-info
[5.976s] running install_scripts
[6.066s] Installing serial script to /home/yamashita/robot_2024/install/robot_2024/lib/robot_2024
[6.068s] Installing webControll script to /home/yamashita/robot_2024/install/robot_2024/lib/robot_2024
[6.070s] Installing yaslam script to /home/yamashita/robot_2024/install/robot_2024/lib/robot_2024
[6.073s] writing list of installed files to '/home/yamashita/robot_2024/build/robot_2024/install.log'
[6.299s] Invoked command in '/home/yamashita/robot_2024/src/robot_2024' returned '0': PYTHONPATH=/home/yamashita/robot_2024/build/robot_2024/prefix_override:/home/yamashita/robot_2024/install/robot_2024/lib/python3.10/site-packages:${PYTHONPATH} /usr/bin/python3 -W ignore:setup.py install is deprecated setup.py egg_info --egg-base ../../build/robot_2024 build --build-base /home/yamashita/robot_2024/build/robot_2024/build install --record /home/yamashita/robot_2024/build/robot_2024/install.log --single-version-externally-managed install_data
