/home/yamashita/robot_2024/install/robot_2024/lib/python3.10/site-packages/robot_2024/ya_slam.py
/home/yamashita/robot_2024/install/robot_2024/lib/python3.10/site-packages/robot_2024/__init__.py
/home/yamashita/robot_2024/install/robot_2024/lib/python3.10/site-packages/robot_2024/webControll.py
/home/yamashita/robot_2024/install/robot_2024/lib/python3.10/site-packages/robot_2024/serial.py
/home/yamashita/robot_2024/install/robot_2024/lib/python3.10/site-packages/robot_2024/__pycache__/ya_slam.cpython-310.pyc
/home/yamashita/robot_2024/install/robot_2024/lib/python3.10/site-packages/robot_2024/__pycache__/__init__.cpython-310.pyc
/home/yamashita/robot_2024/install/robot_2024/lib/python3.10/site-packages/robot_2024/__pycache__/webControll.cpython-310.pyc
/home/yamashita/robot_2024/install/robot_2024/lib/python3.10/site-packages/robot_2024/__pycache__/serial.cpython-310.pyc
/home/yamashita/robot_2024/install/robot_2024/share/ament_index/resource_index/packages/robot_2024
/home/yamashita/robot_2024/install/robot_2024/share/robot_2024/package.xml
/home/yamashita/robot_2024/install/robot_2024/share/robot_2024/SwaveDrive.launch.py
/home/yamashita/robot_2024/install/robot_2024/lib/python3.10/site-packages/robot_2024-0.0.0-py3.10.egg-info/SOURCES.txt
/home/yamashita/robot_2024/install/robot_2024/lib/python3.10/site-packages/robot_2024-0.0.0-py3.10.egg-info/dependency_links.txt
/home/yamashita/robot_2024/install/robot_2024/lib/python3.10/site-packages/robot_2024-0.0.0-py3.10.egg-info/PKG-INFO
/home/yamashita/robot_2024/install/robot_2024/lib/python3.10/site-packages/robot_2024-0.0.0-py3.10.egg-info/requires.txt
/home/yamashita/robot_2024/install/robot_2024/lib/python3.10/site-packages/robot_2024-0.0.0-py3.10.egg-info/entry_points.txt
/home/yamashita/robot_2024/install/robot_2024/lib/python3.10/site-packages/robot_2024-0.0.0-py3.10.egg-info/zip-safe
/home/yamashita/robot_2024/install/robot_2024/lib/python3.10/site-packages/robot_2024-0.0.0-py3.10.egg-info/top_level.txt
/home/yamashita/robot_2024/install/robot_2024/lib/robot_2024/serial
/home/yamashita/robot_2024/install/robot_2024/lib/robot_2024/webControll
/home/yamashita/robot_2024/install/robot_2024/lib/robot_2024/yaslam
