[4.580s] Invoking command in '/home/yamashita/robot_2024/src/robot_2024': PYTHONPATH=/home/yamashita/robot_2024/build/robot_2024/prefix_override:/home/yamashita/robot_2024/install/robot_2024/lib/python3.10/site-packages:${PYTHONPATH} /usr/bin/python3 -W ignore:setup.py install is deprecated setup.py egg_info --egg-base ../../build/robot_2024 build --build-base /home/yamashita/robot_2024/build/robot_2024/build install --record /home/yamashita/robot_2024/build/robot_2024/install.log --single-version-externally-managed install_data
[5.900s] running egg_info
[5.903s] writing ../../build/robot_2024/robot_2024.egg-info/PKG-INFO
[5.905s] writing dependency_links to ../../build/robot_2024/robot_2024.egg-info/dependency_links.txt
[5.906s] writing entry points to ../../build/robot_2024/robot_2024.egg-info/entry_points.txt
[5.907s] writing requirements to ../../build/robot_2024/robot_2024.egg-info/requires.txt
[5.907s] writing top-level names to ../../build/robot_2024/robot_2024.egg-info/top_level.txt
[5.918s] reading manifest file '../../build/robot_2024/robot_2024.egg-info/SOURCES.txt'
[5.921s] writing manifest file '../../build/robot_2024/robot_2024.egg-info/SOURCES.txt'
[5.922s] running build
[5.922s] running build_py
[5.924s] copying robot_2024/serial.py -> /home/yamashita/robot_2024/build/robot_2024/build/lib/robot_2024
[5.925s] running install
[5.926s] running install_lib
[5.930s] copying /home/yamashita/robot_2024/build/robot_2024/build/lib/robot_2024/serial.py -> /home/yamashita/robot_2024/install/robot_2024/lib/python3.10/site-packages/robot_2024
[5.933s] byte-compiling /home/yamashita/robot_2024/install/robot_2024/lib/python3.10/site-packages/robot_2024/serial.py to serial.cpython-310.pyc
[5.936s] running install_data
[5.936s] running install_egg_info
[5.944s] removing '/home/yamashita/robot_2024/install/robot_2024/lib/python3.10/site-packages/robot_2024-0.0.0-py3.10.egg-info' (and everything under it)
[5.946s] Copying ../../build/robot_2024/robot_2024.egg-info to /home/yamashita/robot_2024/install/robot_2024/lib/python3.10/site-packages/robot_2024-0.0.0-py3.10.egg-info
[5.952s] running install_scripts
[6.047s] Installing serial script to /home/yamashita/robot_2024/install/robot_2024/lib/robot_2024
[6.049s] Installing yaslam script to /home/yamashita/robot_2024/install/robot_2024/lib/robot_2024
[6.053s] writing list of installed files to '/home/yamashita/robot_2024/build/robot_2024/install.log'
[6.273s] Invoked command in '/home/yamashita/robot_2024/src/robot_2024' returned '0': PYTHONPATH=/home/yamashita/robot_2024/build/robot_2024/prefix_override:/home/yamashita/robot_2024/install/robot_2024/lib/python3.10/site-packages:${PYTHONPATH} /usr/bin/python3 -W ignore:setup.py install is deprecated setup.py egg_info --egg-base ../../build/robot_2024 build --build-base /home/yamashita/robot_2024/build/robot_2024/build install --record /home/yamashita/robot_2024/build/robot_2024/install.log --single-version-externally-managed install_data
