[1.141s] Invoking command in '/home/yamashita/robot_2024/src/robot_2024': PYTHONPATH=/home/yamashita/robot_2024/build/robot_2024/prefix_override:/home/yamashita/robot_2024/install/robot_2024/lib/python3.10/site-packages:${PYTHONPATH} /usr/bin/python3 -W ignore:setup.py install is deprecated setup.py egg_info --egg-base ../../build/robot_2024 build --build-base /home/yamashita/robot_2024/build/robot_2024/build install --record /home/yamashita/robot_2024/build/robot_2024/install.log --single-version-externally-managed install_data
[1.429s] running egg_info
[1.430s] writing ../../build/robot_2024/robot_2024.egg-info/PKG-INFO
[1.430s] writing dependency_links to ../../build/robot_2024/robot_2024.egg-info/dependency_links.txt
[1.431s] writing entry points to ../../build/robot_2024/robot_2024.egg-info/entry_points.txt
[1.431s] writing requirements to ../../build/robot_2024/robot_2024.egg-info/requires.txt
[1.431s] writing top-level names to ../../build/robot_2024/robot_2024.egg-info/top_level.txt
[1.433s] reading manifest file '../../build/robot_2024/robot_2024.egg-info/SOURCES.txt'
[1.434s] writing manifest file '../../build/robot_2024/robot_2024.egg-info/SOURCES.txt'
[1.434s] running build
[1.434s] running build_py
[1.434s] copying robot_2024/ya_slam.py -> /home/yamashita/robot_2024/build/robot_2024/build/lib/robot_2024
[1.434s] running install
[1.435s] running install_lib
[1.436s] copying /home/yamashita/robot_2024/build/robot_2024/build/lib/robot_2024/ya_slam.py -> /home/yamashita/robot_2024/install/robot_2024/lib/python3.10/site-packages/robot_2024
[1.440s] byte-compiling /home/yamashita/robot_2024/install/robot_2024/lib/python3.10/site-packages/robot_2024/ya_slam.py to ya_slam.cpython-310.pyc
[1.442s] running install_data
[1.442s] running install_egg_info
[1.445s] removing '/home/yamashita/robot_2024/install/robot_2024/lib/python3.10/site-packages/robot_2024-0.0.0-py3.10.egg-info' (and everything under it)
[1.446s] Copying ../../build/robot_2024/robot_2024.egg-info to /home/yamashita/robot_2024/install/robot_2024/lib/python3.10/site-packages/robot_2024-0.0.0-py3.10.egg-info
[1.447s] running install_scripts
[1.474s] Installing yaslam script to /home/yamashita/robot_2024/install/robot_2024/lib/robot_2024
[1.475s] writing list of installed files to '/home/yamashita/robot_2024/build/robot_2024/install.log'
[1.530s] Invoked command in '/home/yamashita/robot_2024/src/robot_2024' returned '0': PYTHONPATH=/home/yamashita/robot_2024/build/robot_2024/prefix_override:/home/yamashita/robot_2024/install/robot_2024/lib/python3.10/site-packages:${PYTHONPATH} /usr/bin/python3 -W ignore:setup.py install is deprecated setup.py egg_info --egg-base ../../build/robot_2024 build --build-base /home/yamashita/robot_2024/build/robot_2024/build install --record /home/yamashita/robot_2024/build/robot_2024/install.log --single-version-externally-managed install_data
