[2.600s] Invoking command in '/home/yamashita/robot_2024/src/gazebo_robot_2024': PYTHONPATH=/home/yamashita/robot_2024/build/gazebo_robot_2024/prefix_override:/home/yamashita/robot_2024/install/gazebo_robot_2024/lib/python3.10/site-packages:${PYTHONPATH} /usr/bin/python3 -W ignore:setup.py install is deprecated setup.py egg_info --egg-base ../../build/gazebo_robot_2024 build --build-base /home/yamashita/robot_2024/build/gazebo_robot_2024/build install --record /home/yamashita/robot_2024/build/gazebo_robot_2024/install.log --single-version-externally-managed install_data
[3.325s] running egg_info
[3.327s] writing ../../build/gazebo_robot_2024/gazebo_robot_2024.egg-info/PKG-INFO
[3.328s] writing dependency_links to ../../build/gazebo_robot_2024/gazebo_robot_2024.egg-info/dependency_links.txt
[3.328s] writing entry points to ../../build/gazebo_robot_2024/gazebo_robot_2024.egg-info/entry_points.txt
[3.328s] writing requirements to ../../build/gazebo_robot_2024/gazebo_robot_2024.egg-info/requires.txt
[3.329s] writing top-level names to ../../build/gazebo_robot_2024/gazebo_robot_2024.egg-info/top_level.txt
[3.335s] reading manifest file '../../build/gazebo_robot_2024/gazebo_robot_2024.egg-info/SOURCES.txt'
[3.337s] writing manifest file '../../build/gazebo_robot_2024/gazebo_robot_2024.egg-info/SOURCES.txt'
[3.339s] running build
[3.340s] running build_py
[3.340s] running install
[3.341s] running install_lib
[3.342s] running install_data
[3.343s] running install_egg_info
[3.349s] removing '/home/yamashita/robot_2024/install/gazebo_robot_2024/lib/python3.10/site-packages/gazebo_robot_2024-0.0.0-py3.10.egg-info' (and everything under it)
[3.352s] Copying ../../build/gazebo_robot_2024/gazebo_robot_2024.egg-info to /home/yamashita/robot_2024/install/gazebo_robot_2024/lib/python3.10/site-packages/gazebo_robot_2024-0.0.0-py3.10.egg-info
[3.352s] running install_scripts
[3.402s] Installing controll script to /home/yamashita/robot_2024/install/gazebo_robot_2024/lib/gazebo_robot_2024
[3.403s] writing list of installed files to '/home/yamashita/robot_2024/build/gazebo_robot_2024/install.log'
[3.486s] Invoked command in '/home/yamashita/robot_2024/src/gazebo_robot_2024' returned '0': PYTHONPATH=/home/yamashita/robot_2024/build/gazebo_robot_2024/prefix_override:/home/yamashita/robot_2024/install/gazebo_robot_2024/lib/python3.10/site-packages:${PYTHONPATH} /usr/bin/python3 -W ignore:setup.py install is deprecated setup.py egg_info --egg-base ../../build/gazebo_robot_2024 build --build-base /home/yamashita/robot_2024/build/gazebo_robot_2024/build install --record /home/yamashita/robot_2024/build/gazebo_robot_2024/install.log --single-version-externally-managed install_data
