[5.118s] Invoking command in '/home/yamashita/robot_2024/src/robot_2024': PYTHONPATH=/home/yamashita/robot_2024/build/robot_2024/prefix_override:/home/yamashita/robot_2024/install/robot_2024/lib/python3.10/site-packages:${PYTHONPATH} /usr/bin/python3 -W ignore:setup.py install is deprecated setup.py egg_info --egg-base ../../build/robot_2024 build --build-base /home/yamashita/robot_2024/build/robot_2024/build install --record /home/yamashita/robot_2024/build/robot_2024/install.log --single-version-externally-managed install_data
[6.450s] running egg_info
[6.452s] writing ../../build/robot_2024/robot_2024.egg-info/PKG-INFO
[6.454s] writing dependency_links to ../../build/robot_2024/robot_2024.egg-info/dependency_links.txt
[6.456s] writing entry points to ../../build/robot_2024/robot_2024.egg-info/entry_points.txt
[6.456s] writing requirements to ../../build/robot_2024/robot_2024.egg-info/requires.txt
[6.457s] writing top-level names to ../../build/robot_2024/robot_2024.egg-info/top_level.txt
[6.472s] reading manifest file '../../build/robot_2024/robot_2024.egg-info/SOURCES.txt'
[6.479s] writing manifest file '../../build/robot_2024/robot_2024.egg-info/SOURCES.txt'
[6.480s] running build
[6.481s] running build_py
[6.485s] running install
[6.485s] running install_lib
[6.493s] running install_data
[6.495s] copying launch/SwaveDrive.launch.py -> /home/yamashita/robot_2024/install/robot_2024/share/robot_2024
[6.496s] running install_egg_info
[6.503s] removing '/home/yamashita/robot_2024/install/robot_2024/lib/python3.10/site-packages/robot_2024-0.0.0-py3.10.egg-info' (and everything under it)
[6.505s] Copying ../../build/robot_2024/robot_2024.egg-info to /home/yamashita/robot_2024/install/robot_2024/lib/python3.10/site-packages/robot_2024-0.0.0-py3.10.egg-info
[6.513s] running install_scripts
[6.600s] Installing serial script to /home/yamashita/robot_2024/install/robot_2024/lib/robot_2024
[6.602s] Installing webControll script to /home/yamashita/robot_2024/install/robot_2024/lib/robot_2024
[6.603s] Installing yaslam script to /home/yamashita/robot_2024/install/robot_2024/lib/robot_2024
[6.605s] writing list of installed files to '/home/yamashita/robot_2024/build/robot_2024/install.log'
[6.797s] Invoked command in '/home/yamashita/robot_2024/src/robot_2024' returned '0': PYTHONPATH=/home/yamashita/robot_2024/build/robot_2024/prefix_override:/home/yamashita/robot_2024/install/robot_2024/lib/python3.10/site-packages:${PYTHONPATH} /usr/bin/python3 -W ignore:setup.py install is deprecated setup.py egg_info --egg-base ../../build/robot_2024 build --build-base /home/yamashita/robot_2024/build/robot_2024/build install --record /home/yamashita/robot_2024/build/robot_2024/install.log --single-version-externally-managed install_data
