[3.026s] Invoking command in '/home/yamashita/robot_2024/src/robot_2024': PYTHONPATH=/home/yamashita/robot_2024/build/robot_2024/prefix_override:/home/yamashita/robot_2024/install/robot_2024/lib/python3.10/site-packages:${PYTHONPATH} /usr/bin/python3 -W ignore:setup.py install is deprecated setup.py egg_info --egg-base ../../build/robot_2024 build --build-base /home/yamashita/robot_2024/build/robot_2024/build install --record /home/yamashita/robot_2024/build/robot_2024/install.log --single-version-externally-managed install_data
[3.827s] running egg_info
[3.830s] writing ../../build/robot_2024/robot_2024.egg-info/PKG-INFO
[3.831s] writing dependency_links to ../../build/robot_2024/robot_2024.egg-info/dependency_links.txt
[3.832s] writing entry points to ../../build/robot_2024/robot_2024.egg-info/entry_points.txt
[3.832s] writing requirements to ../../build/robot_2024/robot_2024.egg-info/requires.txt
[3.833s] writing top-level names to ../../build/robot_2024/robot_2024.egg-info/top_level.txt
[3.838s] reading manifest file '../../build/robot_2024/robot_2024.egg-info/SOURCES.txt'
[3.841s] writing manifest file '../../build/robot_2024/robot_2024.egg-info/SOURCES.txt'
[3.841s] running build
[3.843s] running build_py
[3.843s] copying robot_2024/ya_slam.py -> /home/yamashita/robot_2024/build/robot_2024/build/lib/robot_2024
[3.843s] running install
[3.843s] running install_lib
[3.845s] copying /home/yamashita/robot_2024/build/robot_2024/build/lib/robot_2024/ya_slam.py -> /home/yamashita/robot_2024/install/robot_2024/lib/python3.10/site-packages/robot_2024
[3.847s] byte-compiling /home/yamashita/robot_2024/install/robot_2024/lib/python3.10/site-packages/robot_2024/ya_slam.py to ya_slam.cpython-310.pyc
[3.849s] running install_data
[3.850s] running install_egg_info
[3.854s] removing '/home/yamashita/robot_2024/install/robot_2024/lib/python3.10/site-packages/robot_2024-0.0.0-py3.10.egg-info' (and everything under it)
[3.855s] Copying ../../build/robot_2024/robot_2024.egg-info to /home/yamashita/robot_2024/install/robot_2024/lib/python3.10/site-packages/robot_2024-0.0.0-py3.10.egg-info
[3.863s] running install_scripts
[3.925s] Installing yaslam script to /home/yamashita/robot_2024/install/robot_2024/lib/robot_2024
[3.927s] writing list of installed files to '/home/yamashita/robot_2024/build/robot_2024/install.log'
[4.043s] Invoked command in '/home/yamashita/robot_2024/src/robot_2024' returned '0': PYTHONPATH=/home/yamashita/robot_2024/build/robot_2024/prefix_override:/home/yamashita/robot_2024/install/robot_2024/lib/python3.10/site-packages:${PYTHONPATH} /usr/bin/python3 -W ignore:setup.py install is deprecated setup.py egg_info --egg-base ../../build/robot_2024 build --build-base /home/yamashita/robot_2024/build/robot_2024/build install --record /home/yamashita/robot_2024/build/robot_2024/install.log --single-version-externally-managed install_data
