[0.000000] (-) TimerEvent: {}
[0.001629] (gazebo_robot_2024) JobQueued: {'identifier': 'gazebo_robot_2024', 'dependencies': OrderedDict()}
[0.002162] (robot_2024) JobQueued: {'identifier': 'robot_2024', 'dependencies': OrderedDict()}
[0.002347] (gazebo_robot_2024) JobStarted: {'identifier': 'gazebo_robot_2024'}
[0.047214] (robot_2024) JobStarted: {'identifier': 'robot_2024'}
[0.098827] (-) TimerEvent: {}
[0.199589] (-) TimerEvent: {}
[0.300229] (-) TimerEvent: {}
[0.400862] (-) TimerEvent: {}
[0.501553] (-) TimerEvent: {}
[0.602167] (-) TimerEvent: {}
[0.702755] (-) TimerEvent: {}
[0.803364] (-) TimerEvent: {}
[0.903949] (-) TimerEvent: {}
[1.004565] (-) TimerEvent: {}
[1.105142] (-) TimerEvent: {}
[1.205736] (-) TimerEvent: {}
[1.306469] (-) TimerEvent: {}
[1.407269] (-) TimerEvent: {}
[1.507928] (-) TimerEvent: {}
[1.608600] (-) TimerEvent: {}
[1.709235] (-) TimerEvent: {}
[1.809829] (-) TimerEvent: {}
[1.910419] (-) TimerEvent: {}
[2.011052] (-) TimerEvent: {}
[2.111621] (-) TimerEvent: {}
[2.212209] (-) TimerEvent: {}
[2.312848] (-) TimerEvent: {}
[2.413456] (-) TimerEvent: {}
[2.514243] (-) TimerEvent: {}
[2.600359] (robot_2024) StderrLine: {'line': b'Traceback (most recent call last):\n  File "/usr/lib/python3/dist-packages/colcon_core/executor/__init__.py", line 91, in __call__\n    rc = await self.task(*args, **kwargs)\n  File "/usr/lib/python3/dist-packages/colcon_core/task/__init__.py", line 93, in __call__\n    return await task_method(*args, **kwargs)\n  File "/usr/lib/python3/dist-packages/colcon_ros/task/ament_python/build.py", line 51, in build\n    setup_py_data = get_setup_data(self.context.pkg, env)\n  File "/usr/lib/python3/dist-packages/colcon_core/task/python/__init__.py", line 20, in get_setup_data\n    return dict(pkg.metadata[key](env))\n  File "/usr/lib/python3/dist-packages/colcon_ros/package_augmentation/ros_ament_python.py", line 57, in getter\n    return get_setup_information(\n  File "/usr/lib/python3/dist-packages/colcon_python_setup_py/package_identification/python_setup_py.py", line 241, in get_setup_information\n    _setup_information_cache[hashable_env] = _get_setup_information(\n  File "/usr/lib/python3/dist-packages/colcon_python_setup_py/package_identification/python_setup_py.py", line 288, in _get_setup_information\n    result = subprocess.run(\n  File "/usr/lib/python3.10/subprocess.py", line 526, in run\n    raise CalledProcessError(retcode, process.args,\nsubprocess.CalledProcessError: Command \'[\'/usr/bin/python3\', \'-c\', \'import sys;from contextlib import suppress;exec("with suppress(ImportError):    from setuptools.extern.packaging.specifiers    import SpecifierSet");exec("with suppress(ImportError):    from packaging.specifiers import SpecifierSet");from distutils.core import run_setup;dist = run_setup(    \\\'setup.py\\\', script_args=(\\\'--dry-run\\\',), stop_after=\\\'config\\\');skip_keys = (\\\'cmdclass\\\', \\\'distclass\\\', \\\'ext_modules\\\', \\\'metadata\\\');data = {    key: value for key, value in dist.__dict__.items()     if (        not key.startswith(\\\'_\\\') and         not callable(value) and         key not in skip_keys and         key not in dist.display_option_names    )};data[\\\'metadata\\\'] = {    k: v for k, v in dist.metadata.__dict__.items()     if k not in (\\\'license_files\\\', \\\'provides_extras\\\')};sys.stdout.buffer.write(repr(data).encode(\\\'utf-8\\\'))\']\' returned non-zero exit status 1.\n'}
[2.604858] (robot_2024) JobEnded: {'identifier': 'robot_2024', 'rc': 1}
[2.607250] (gazebo_robot_2024) JobEnded: {'identifier': 'gazebo_robot_2024', 'rc': 'SIGINT'}
[2.614406] (-) TimerEvent: {}
[2.615040] (-) EventReactorShutdown: {}
