[0.445s] DEBUG:colcon:Command line arguments: ['/usr/bin/colcon', 'build']
[0.446s] DEBUG:colcon:Parsed command line arguments: Namespace(log_base=None, log_level=None, verb_name='build', build_base='build', install_base='install', merge_install=False, symlink_install=False, test_result_base=None, continue_on_error=False, executor='parallel', parallel_workers=4, event_handlers=None, ignore_user_meta=False, metas=['./colcon.meta'], base_paths=['.'], packages_ignore=None, packages_ignore_regex=None, paths=None, packages_up_to=None, packages_up_to_regex=None, packages_above=None, packages_above_and_dependencies=None, packages_above_depth=None, packages_select_by_dep=None, packages_skip_by_dep=None, packages_skip_up_to=None, packages_select_build_failed=False, packages_skip_build_finished=False, packages_select_test_failures=False, packages_skip_test_passed=False, packages_select=None, packages_skip=None, packages_select_regex=None, packages_skip_regex=None, packages_start=None, packages_end=None, allow_overriding=[], cmake_args=None, cmake_target=None, cmake_target_skip_unavailable=False, cmake_clean_cache=False, cmake_clean_first=False, cmake_force_configure=False, ament_cmake_args=None, catkin_cmake_args=None, catkin_skip_building_tests=False, verb_parser=<colcon_defaults.argument_parser.defaults.DefaultArgumentsDecorator object at 0xffff8c144910>, verb_extension=<colcon_core.verb.build.BuildVerb object at 0xffff8c144430>, main=<bound method BuildVerb.main of <colcon_core.verb.build.BuildVerb object at 0xffff8c144430>>)
[1.312s] Level 1:colcon.colcon_core.package_discovery:discover_packages(colcon_meta) check parameters
[1.312s] Level 1:colcon.colcon_core.package_discovery:discover_packages(recursive) check parameters
[1.312s] Level 1:colcon.colcon_core.package_discovery:discover_packages(ignore) check parameters
[1.312s] Level 1:colcon.colcon_core.package_discovery:discover_packages(path) check parameters
[1.313s] Level 1:colcon.colcon_core.package_discovery:discover_packages(colcon_meta) discover
[1.313s] Level 1:colcon.colcon_core.package_discovery:discover_packages(recursive) discover
[1.313s] INFO:colcon.colcon_core.package_discovery:Crawling recursively for packages in '/home/yamashita/robot_2024'
[1.313s] Level 1:colcon.colcon_core.package_identification:_identify(.) by extensions ['ignore', 'ignore_ament_install']
[1.314s] Level 1:colcon.colcon_core.package_identification:_identify(.) by extension 'ignore'
[1.314s] Level 1:colcon.colcon_core.package_identification:_identify(.) by extension 'ignore_ament_install'
[1.314s] Level 1:colcon.colcon_core.package_identification:_identify(.) by extensions ['colcon_pkg']
[1.314s] Level 1:colcon.colcon_core.package_identification:_identify(.) by extension 'colcon_pkg'
[1.314s] Level 1:colcon.colcon_core.package_identification:_identify(.) by extensions ['colcon_meta']
[1.315s] Level 1:colcon.colcon_core.package_identification:_identify(.) by extension 'colcon_meta'
[1.315s] Level 1:colcon.colcon_core.package_identification:_identify(.) by extensions ['ros']
[1.315s] Level 1:colcon.colcon_core.package_identification:_identify(.) by extension 'ros'
[1.358s] Level 1:colcon.colcon_core.package_identification:_identify(.) by extensions ['cmake', 'python']
[1.358s] Level 1:colcon.colcon_core.package_identification:_identify(.) by extension 'cmake'
[1.358s] Level 1:colcon.colcon_core.package_identification:_identify(.) by extension 'python'
[1.359s] Level 1:colcon.colcon_core.package_identification:_identify(.) by extensions ['python_setup_py']
[1.359s] Level 1:colcon.colcon_core.package_identification:_identify(.) by extension 'python_setup_py'
[1.359s] Level 1:colcon.colcon_core.package_identification:_identify(build) by extensions ['ignore', 'ignore_ament_install']
[1.360s] Level 1:colcon.colcon_core.package_identification:_identify(build) by extension 'ignore'
[1.360s] Level 1:colcon.colcon_core.package_identification:_identify(build) ignored
[1.360s] Level 1:colcon.colcon_core.package_identification:_identify(install) by extensions ['ignore', 'ignore_ament_install']
[1.361s] Level 1:colcon.colcon_core.package_identification:_identify(install) by extension 'ignore'
[1.361s] Level 1:colcon.colcon_core.package_identification:_identify(install) ignored
[1.364s] Level 1:colcon.colcon_core.package_identification:_identify(log) by extensions ['ignore', 'ignore_ament_install']
[1.364s] Level 1:colcon.colcon_core.package_identification:_identify(log) by extension 'ignore'
[1.365s] Level 1:colcon.colcon_core.package_identification:_identify(log) ignored
[1.365s] Level 1:colcon.colcon_core.package_identification:_identify(src) by extensions ['ignore', 'ignore_ament_install']
[1.365s] Level 1:colcon.colcon_core.package_identification:_identify(src) by extension 'ignore'
[1.366s] Level 1:colcon.colcon_core.package_identification:_identify(src) by extension 'ignore_ament_install'
[1.366s] Level 1:colcon.colcon_core.package_identification:_identify(src) by extensions ['colcon_pkg']
[1.366s] Level 1:colcon.colcon_core.package_identification:_identify(src) by extension 'colcon_pkg'
[1.366s] Level 1:colcon.colcon_core.package_identification:_identify(src) by extensions ['colcon_meta']
[1.366s] Level 1:colcon.colcon_core.package_identification:_identify(src) by extension 'colcon_meta'
[1.366s] Level 1:colcon.colcon_core.package_identification:_identify(src) by extensions ['ros']
[1.366s] Level 1:colcon.colcon_core.package_identification:_identify(src) by extension 'ros'
[1.367s] Level 1:colcon.colcon_core.package_identification:_identify(src) by extensions ['cmake', 'python']
[1.367s] Level 1:colcon.colcon_core.package_identification:_identify(src) by extension 'cmake'
[1.367s] Level 1:colcon.colcon_core.package_identification:_identify(src) by extension 'python'
[1.367s] Level 1:colcon.colcon_core.package_identification:_identify(src) by extensions ['python_setup_py']
[1.367s] Level 1:colcon.colcon_core.package_identification:_identify(src) by extension 'python_setup_py'
[1.368s] Level 1:colcon.colcon_core.package_identification:_identify(src/gazebo_robot_2024) by extensions ['ignore', 'ignore_ament_install']
[1.368s] Level 1:colcon.colcon_core.package_identification:_identify(src/gazebo_robot_2024) by extension 'ignore'
[1.368s] Level 1:colcon.colcon_core.package_identification:_identify(src/gazebo_robot_2024) by extension 'ignore_ament_install'
[1.368s] Level 1:colcon.colcon_core.package_identification:_identify(src/gazebo_robot_2024) by extensions ['colcon_pkg']
[1.369s] Level 1:colcon.colcon_core.package_identification:_identify(src/gazebo_robot_2024) by extension 'colcon_pkg'
[1.369s] Level 1:colcon.colcon_core.package_identification:_identify(src/gazebo_robot_2024) by extensions ['colcon_meta']
[1.369s] Level 1:colcon.colcon_core.package_identification:_identify(src/gazebo_robot_2024) by extension 'colcon_meta'
[1.369s] Level 1:colcon.colcon_core.package_identification:_identify(src/gazebo_robot_2024) by extensions ['ros']
[1.369s] Level 1:colcon.colcon_core.package_identification:_identify(src/gazebo_robot_2024) by extension 'ros'
[1.377s] DEBUG:colcon.colcon_core.package_identification:Package 'src/gazebo_robot_2024' with type 'ros.ament_python' and name 'gazebo_robot_2024'
[1.378s] Level 1:colcon.colcon_core.package_identification:_identify(src/robot_2024) by extensions ['ignore', 'ignore_ament_install']
[1.378s] Level 1:colcon.colcon_core.package_identification:_identify(src/robot_2024) by extension 'ignore'
[1.378s] Level 1:colcon.colcon_core.package_identification:_identify(src/robot_2024) by extension 'ignore_ament_install'
[1.379s] Level 1:colcon.colcon_core.package_identification:_identify(src/robot_2024) by extensions ['colcon_pkg']
[1.379s] Level 1:colcon.colcon_core.package_identification:_identify(src/robot_2024) by extension 'colcon_pkg'
[1.379s] Level 1:colcon.colcon_core.package_identification:_identify(src/robot_2024) by extensions ['colcon_meta']
[1.379s] Level 1:colcon.colcon_core.package_identification:_identify(src/robot_2024) by extension 'colcon_meta'
[1.379s] Level 1:colcon.colcon_core.package_identification:_identify(src/robot_2024) by extensions ['ros']
[1.379s] Level 1:colcon.colcon_core.package_identification:_identify(src/robot_2024) by extension 'ros'
[1.382s] DEBUG:colcon.colcon_core.package_identification:Package 'src/robot_2024' with type 'ros.ament_python' and name 'robot_2024'
[1.382s] Level 1:colcon.colcon_core.package_discovery:discover_packages(recursive) using defaults
[1.382s] Level 1:colcon.colcon_core.package_discovery:discover_packages(ignore) discover
[1.382s] Level 1:colcon.colcon_core.package_discovery:discover_packages(ignore) using defaults
[1.382s] Level 1:colcon.colcon_core.package_discovery:discover_packages(path) discover
[1.382s] Level 1:colcon.colcon_core.package_discovery:discover_packages(path) using defaults
[1.498s] Level 1:colcon.colcon_core.package_discovery:discover_packages(prefix_path) check parameters
[1.498s] Level 1:colcon.colcon_core.package_discovery:discover_packages(prefix_path) discover
[1.509s] DEBUG:colcon.colcon_installed_package_information.package_discovery:Found 3 installed packages in /home/yamashita/robot_2024/install
[1.512s] DEBUG:colcon.colcon_installed_package_information.package_discovery:Found 6 installed packages in /home/yamashita/LegControll/install
[1.514s] DEBUG:colcon.colcon_installed_package_information.package_discovery:Found 2 installed packages in /home/yamashita/car_ws/install
[1.523s] DEBUG:colcon.colcon_installed_package_information.package_discovery:Found 304 installed packages in /opt/ros/humble
[1.530s] Level 1:colcon.colcon_core.package_discovery:discover_packages(prefix_path) using defaults
[1.711s] Level 5:colcon.colcon_core.verb:set package 'gazebo_robot_2024' build argument 'cmake_args' from command line to 'None'
[1.711s] Level 5:colcon.colcon_core.verb:set package 'gazebo_robot_2024' build argument 'cmake_target' from command line to 'None'
[1.711s] Level 5:colcon.colcon_core.verb:set package 'gazebo_robot_2024' build argument 'cmake_target_skip_unavailable' from command line to 'False'
[1.711s] Level 5:colcon.colcon_core.verb:set package 'gazebo_robot_2024' build argument 'cmake_clean_cache' from command line to 'False'
[1.711s] Level 5:colcon.colcon_core.verb:set package 'gazebo_robot_2024' build argument 'cmake_clean_first' from command line to 'False'
[1.711s] Level 5:colcon.colcon_core.verb:set package 'gazebo_robot_2024' build argument 'cmake_force_configure' from command line to 'False'
[1.712s] Level 5:colcon.colcon_core.verb:set package 'gazebo_robot_2024' build argument 'ament_cmake_args' from command line to 'None'
[1.712s] Level 5:colcon.colcon_core.verb:set package 'gazebo_robot_2024' build argument 'catkin_cmake_args' from command line to 'None'
[1.712s] Level 5:colcon.colcon_core.verb:set package 'gazebo_robot_2024' build argument 'catkin_skip_building_tests' from command line to 'False'
[1.712s] DEBUG:colcon.colcon_core.verb:Building package 'gazebo_robot_2024' with the following arguments: {'ament_cmake_args': None, 'build_base': '/home/yamashita/robot_2024/build/gazebo_robot_2024', 'catkin_cmake_args': None, 'catkin_skip_building_tests': False, 'cmake_args': None, 'cmake_clean_cache': False, 'cmake_clean_first': False, 'cmake_force_configure': False, 'cmake_target': None, 'cmake_target_skip_unavailable': False, 'install_base': '/home/yamashita/robot_2024/install/gazebo_robot_2024', 'merge_install': False, 'path': '/home/yamashita/robot_2024/src/gazebo_robot_2024', 'symlink_install': False, 'test_result_base': None}
[1.713s] Level 5:colcon.colcon_core.verb:set package 'robot_2024' build argument 'cmake_args' from command line to 'None'
[1.714s] Level 5:colcon.colcon_core.verb:set package 'robot_2024' build argument 'cmake_target' from command line to 'None'
[1.714s] Level 5:colcon.colcon_core.verb:set package 'robot_2024' build argument 'cmake_target_skip_unavailable' from command line to 'False'
[1.714s] Level 5:colcon.colcon_core.verb:set package 'robot_2024' build argument 'cmake_clean_cache' from command line to 'False'
[1.714s] Level 5:colcon.colcon_core.verb:set package 'robot_2024' build argument 'cmake_clean_first' from command line to 'False'
[1.714s] Level 5:colcon.colcon_core.verb:set package 'robot_2024' build argument 'cmake_force_configure' from command line to 'False'
[1.714s] Level 5:colcon.colcon_core.verb:set package 'robot_2024' build argument 'ament_cmake_args' from command line to 'None'
[1.714s] Level 5:colcon.colcon_core.verb:set package 'robot_2024' build argument 'catkin_cmake_args' from command line to 'None'
[1.714s] Level 5:colcon.colcon_core.verb:set package 'robot_2024' build argument 'catkin_skip_building_tests' from command line to 'False'
[1.714s] DEBUG:colcon.colcon_core.verb:Building package 'robot_2024' with the following arguments: {'ament_cmake_args': None, 'build_base': '/home/yamashita/robot_2024/build/robot_2024', 'catkin_cmake_args': None, 'catkin_skip_building_tests': False, 'cmake_args': None, 'cmake_clean_cache': False, 'cmake_clean_first': False, 'cmake_force_configure': False, 'cmake_target': None, 'cmake_target_skip_unavailable': False, 'install_base': '/home/yamashita/robot_2024/install/robot_2024', 'merge_install': False, 'path': '/home/yamashita/robot_2024/src/robot_2024', 'symlink_install': False, 'test_result_base': None}
[1.715s] INFO:colcon.colcon_core.executor:Executing jobs using 'parallel' executor
[1.718s] DEBUG:colcon.colcon_parallel_executor.executor.parallel:run_until_complete
[1.719s] INFO:colcon.colcon_ros.task.ament_python.build:Building ROS package in '/home/yamashita/robot_2024/src/gazebo_robot_2024' with build type 'ament_python'
[1.720s] Level 1:colcon.colcon_core.shell:create_environment_hook('gazebo_robot_2024', 'ament_prefix_path')
[1.729s] INFO:colcon.colcon_core.plugin_system:Skipping extension 'colcon_core.shell.bat': Not used on non-Windows systems
[1.729s] INFO:colcon.colcon_core.shell:Creating environment hook '/home/yamashita/robot_2024/install/gazebo_robot_2024/share/gazebo_robot_2024/hook/ament_prefix_path.ps1'
[1.732s] INFO:colcon.colcon_core.shell:Creating environment descriptor '/home/yamashita/robot_2024/install/gazebo_robot_2024/share/gazebo_robot_2024/hook/ament_prefix_path.dsv'
[1.734s] INFO:colcon.colcon_core.shell:Creating environment hook '/home/yamashita/robot_2024/install/gazebo_robot_2024/share/gazebo_robot_2024/hook/ament_prefix_path.sh'
[1.738s] INFO:colcon.colcon_core.shell:Skip shell extension 'powershell' for command environment: Not usable outside of PowerShell
[1.738s] DEBUG:colcon.colcon_core.shell:Skip shell extension 'dsv' for command environment
[1.762s] INFO:colcon.colcon_ros.task.ament_python.build:Building ROS package in '/home/yamashita/robot_2024/src/robot_2024' with build type 'ament_python'
[1.763s] Level 1:colcon.colcon_core.shell:create_environment_hook('robot_2024', 'ament_prefix_path')
[1.764s] INFO:colcon.colcon_core.shell:Creating environment hook '/home/yamashita/robot_2024/install/robot_2024/share/robot_2024/hook/ament_prefix_path.ps1'
[1.766s] INFO:colcon.colcon_core.shell:Creating environment descriptor '/home/yamashita/robot_2024/install/robot_2024/share/robot_2024/hook/ament_prefix_path.dsv'
[1.768s] INFO:colcon.colcon_core.shell:Creating environment hook '/home/yamashita/robot_2024/install/robot_2024/share/robot_2024/hook/ament_prefix_path.sh'
[1.770s] INFO:colcon.colcon_core.shell:Skip shell extension 'powershell' for command environment: Not usable outside of PowerShell
[1.771s] DEBUG:colcon.colcon_core.shell:Skip shell extension 'dsv' for command environment
[3.047s] INFO:colcon.colcon_core.task.python.build:Building Python package in '/home/yamashita/robot_2024/src/gazebo_robot_2024'
[3.048s] INFO:colcon.colcon_core.shell:Skip shell extension 'powershell' for command environment: Not usable outside of PowerShell
[3.048s] DEBUG:colcon.colcon_core.shell:Skip shell extension 'dsv' for command environment
[4.326s] INFO:colcon.colcon_core.task.python.build:Building Python package in '/home/yamashita/robot_2024/src/robot_2024'
[4.327s] INFO:colcon.colcon_core.shell:Skip shell extension 'powershell' for command environment: Not usable outside of PowerShell
[4.327s] DEBUG:colcon.colcon_core.shell:Skip shell extension 'dsv' for command environment
[6.333s] DEBUG:colcon.colcon_core.event_handler.log_command:Invoking command in '/home/yamashita/robot_2024/src/robot_2024': PYTHONPATH=/home/yamashita/robot_2024/build/robot_2024/prefix_override:/home/yamashita/robot_2024/install/robot_2024/lib/python3.10/site-packages:${PYTHONPATH} /usr/bin/python3 -W ignore:setup.py install is deprecated setup.py egg_info --egg-base ../../build/robot_2024 build --build-base /home/yamashita/robot_2024/build/robot_2024/build install --record /home/yamashita/robot_2024/build/robot_2024/install.log --single-version-externally-managed install_data
[6.355s] DEBUG:colcon.colcon_core.event_handler.log_command:Invoking command in '/home/yamashita/robot_2024/src/gazebo_robot_2024': PYTHONPATH=/home/yamashita/robot_2024/build/gazebo_robot_2024/prefix_override:/home/yamashita/robot_2024/install/gazebo_robot_2024/lib/python3.10/site-packages:${PYTHONPATH} /usr/bin/python3 -W ignore:setup.py install is deprecated setup.py egg_info --egg-base ../../build/gazebo_robot_2024 build --build-base /home/yamashita/robot_2024/build/gazebo_robot_2024/build install --record /home/yamashita/robot_2024/build/gazebo_robot_2024/install.log --single-version-externally-managed install_data
[7.985s] DEBUG:colcon.colcon_core.event_handler.log_command:Invoked command in '/home/yamashita/robot_2024/src/robot_2024' returned '0': PYTHONPATH=/home/yamashita/robot_2024/build/robot_2024/prefix_override:/home/yamashita/robot_2024/install/robot_2024/lib/python3.10/site-packages:${PYTHONPATH} /usr/bin/python3 -W ignore:setup.py install is deprecated setup.py egg_info --egg-base ../../build/robot_2024 build --build-base /home/yamashita/robot_2024/build/robot_2024/build install --record /home/yamashita/robot_2024/build/robot_2024/install.log --single-version-externally-managed install_data
[7.998s] Level 1:colcon.colcon_core.environment:checking '/home/yamashita/robot_2024/install/robot_2024' for CMake module files
[8.000s] Level 1:colcon.colcon_core.environment:checking '/home/yamashita/robot_2024/install/robot_2024' for CMake config files
[8.003s] Level 1:colcon.colcon_core.environment:checking '/home/yamashita/robot_2024/install/robot_2024/lib'
[8.004s] Level 1:colcon.colcon_core.environment:checking '/home/yamashita/robot_2024/install/robot_2024/bin'
[8.004s] Level 1:colcon.colcon_core.environment:checking '/home/yamashita/robot_2024/install/robot_2024/lib/pkgconfig/robot_2024.pc'
[8.005s] Level 1:colcon.colcon_core.environment:checking '/home/yamashita/robot_2024/install/robot_2024/lib/python3.10/site-packages'
[8.006s] Level 1:colcon.colcon_core.shell:create_environment_hook('robot_2024', 'pythonpath')
[8.007s] INFO:colcon.colcon_core.shell:Creating environment hook '/home/yamashita/robot_2024/install/robot_2024/share/robot_2024/hook/pythonpath.ps1'
[8.008s] INFO:colcon.colcon_core.shell:Creating environment descriptor '/home/yamashita/robot_2024/install/robot_2024/share/robot_2024/hook/pythonpath.dsv'
[8.010s] INFO:colcon.colcon_core.shell:Creating environment hook '/home/yamashita/robot_2024/install/robot_2024/share/robot_2024/hook/pythonpath.sh'
[8.012s] Level 1:colcon.colcon_core.environment:checking '/home/yamashita/robot_2024/install/robot_2024/bin'
[8.012s] Level 1:colcon.colcon_core.environment:create_environment_scripts_only(robot_2024)
[8.014s] INFO:colcon.colcon_core.shell:Creating package script '/home/yamashita/robot_2024/install/robot_2024/share/robot_2024/package.ps1'
[8.017s] INFO:colcon.colcon_core.shell:Creating package descriptor '/home/yamashita/robot_2024/install/robot_2024/share/robot_2024/package.dsv'
[8.019s] INFO:colcon.colcon_core.shell:Creating package script '/home/yamashita/robot_2024/install/robot_2024/share/robot_2024/package.sh'
[8.022s] INFO:colcon.colcon_core.shell:Creating package script '/home/yamashita/robot_2024/install/robot_2024/share/robot_2024/package.bash'
[8.025s] INFO:colcon.colcon_core.shell:Creating package script '/home/yamashita/robot_2024/install/robot_2024/share/robot_2024/package.zsh'
[8.028s] Level 1:colcon.colcon_core.environment:create_file_with_runtime_dependencies(/home/yamashita/robot_2024/install/robot_2024/share/colcon-core/packages/robot_2024)
[8.033s] Level 1:colcon.colcon_core.environment:checking '/home/yamashita/robot_2024/install/gazebo_robot_2024' for CMake module files
[8.035s] DEBUG:colcon.colcon_core.event_handler.log_command:Invoked command in '/home/yamashita/robot_2024/src/gazebo_robot_2024' returned '0': PYTHONPATH=/home/yamashita/robot_2024/build/gazebo_robot_2024/prefix_override:/home/yamashita/robot_2024/install/gazebo_robot_2024/lib/python3.10/site-packages:${PYTHONPATH} /usr/bin/python3 -W ignore:setup.py install is deprecated setup.py egg_info --egg-base ../../build/gazebo_robot_2024 build --build-base /home/yamashita/robot_2024/build/gazebo_robot_2024/build install --record /home/yamashita/robot_2024/build/gazebo_robot_2024/install.log --single-version-externally-managed install_data
[8.037s] Level 1:colcon.colcon_core.environment:checking '/home/yamashita/robot_2024/install/gazebo_robot_2024' for CMake config files
[8.041s] Level 1:colcon.colcon_core.environment:checking '/home/yamashita/robot_2024/install/gazebo_robot_2024/lib'
[8.041s] Level 1:colcon.colcon_core.environment:checking '/home/yamashita/robot_2024/install/gazebo_robot_2024/bin'
[8.041s] Level 1:colcon.colcon_core.environment:checking '/home/yamashita/robot_2024/install/gazebo_robot_2024/lib/pkgconfig/gazebo_robot_2024.pc'
[8.042s] Level 1:colcon.colcon_core.environment:checking '/home/yamashita/robot_2024/install/gazebo_robot_2024/lib/python3.10/site-packages'
[8.043s] Level 1:colcon.colcon_core.shell:create_environment_hook('gazebo_robot_2024', 'pythonpath')
[8.044s] INFO:colcon.colcon_core.shell:Creating environment hook '/home/yamashita/robot_2024/install/gazebo_robot_2024/share/gazebo_robot_2024/hook/pythonpath.ps1'
[8.046s] INFO:colcon.colcon_core.shell:Creating environment descriptor '/home/yamashita/robot_2024/install/gazebo_robot_2024/share/gazebo_robot_2024/hook/pythonpath.dsv'
[8.047s] INFO:colcon.colcon_core.shell:Creating environment hook '/home/yamashita/robot_2024/install/gazebo_robot_2024/share/gazebo_robot_2024/hook/pythonpath.sh'
[8.050s] Level 1:colcon.colcon_core.environment:checking '/home/yamashita/robot_2024/install/gazebo_robot_2024/bin'
[8.050s] Level 1:colcon.colcon_core.environment:create_environment_scripts_only(gazebo_robot_2024)
[8.051s] INFO:colcon.colcon_core.shell:Creating package script '/home/yamashita/robot_2024/install/gazebo_robot_2024/share/gazebo_robot_2024/package.ps1'
[8.054s] INFO:colcon.colcon_core.shell:Creating package descriptor '/home/yamashita/robot_2024/install/gazebo_robot_2024/share/gazebo_robot_2024/package.dsv'
[8.055s] INFO:colcon.colcon_core.shell:Creating package script '/home/yamashita/robot_2024/install/gazebo_robot_2024/share/gazebo_robot_2024/package.sh'
[8.057s] INFO:colcon.colcon_core.shell:Creating package script '/home/yamashita/robot_2024/install/gazebo_robot_2024/share/gazebo_robot_2024/package.bash'
[8.059s] INFO:colcon.colcon_core.shell:Creating package script '/home/yamashita/robot_2024/install/gazebo_robot_2024/share/gazebo_robot_2024/package.zsh'
[8.061s] Level 1:colcon.colcon_core.environment:create_file_with_runtime_dependencies(/home/yamashita/robot_2024/install/gazebo_robot_2024/share/colcon-core/packages/gazebo_robot_2024)
[8.062s] DEBUG:colcon.colcon_parallel_executor.executor.parallel:closing loop
[8.063s] DEBUG:colcon.colcon_parallel_executor.executor.parallel:loop closed
[8.064s] DEBUG:colcon.colcon_parallel_executor.executor.parallel:run_until_complete finished with '0'
[8.064s] DEBUG:colcon.colcon_core.event_reactor:joining thread
[8.087s] INFO:colcon.colcon_core.plugin_system:Skipping extension 'colcon_notification.desktop_notification.notify_send': Could not find 'notify-send'
[8.087s] INFO:colcon.colcon_core.plugin_system:Skipping extension 'colcon_notification.desktop_notification.terminal_notifier': Not used on non-Darwin systems
[8.087s] INFO:colcon.colcon_core.plugin_system:Skipping extension 'colcon_notification.desktop_notification.win32': Not used on non-Windows systems
[8.088s] INFO:colcon.colcon_notification.desktop_notification:Sending desktop notification using 'notify2'
[8.090s] DEBUG:colcon.colcon_notification.desktop_notification.notify2:Failed to initialize notify2: org.freedesktop.DBus.Error.ServiceUnknown: The name org.freedesktop.Notifications was not provided by any .service files
[8.091s] DEBUG:colcon.colcon_core.event_reactor:joined thread
[8.092s] INFO:colcon.colcon_core.shell:Creating prefix script '/home/yamashita/robot_2024/install/local_setup.ps1'
[8.095s] INFO:colcon.colcon_core.shell:Creating prefix util module '/home/yamashita/robot_2024/install/_local_setup_util_ps1.py'
[8.101s] INFO:colcon.colcon_core.shell:Creating prefix chain script '/home/yamashita/robot_2024/install/setup.ps1'
[8.109s] INFO:colcon.colcon_core.shell:Creating prefix script '/home/yamashita/robot_2024/install/local_setup.sh'
[8.112s] INFO:colcon.colcon_core.shell:Creating prefix util module '/home/yamashita/robot_2024/install/_local_setup_util_sh.py'
[8.114s] INFO:colcon.colcon_core.shell:Creating prefix chain script '/home/yamashita/robot_2024/install/setup.sh'
[8.121s] INFO:colcon.colcon_core.shell:Creating prefix script '/home/yamashita/robot_2024/install/local_setup.bash'
[8.123s] INFO:colcon.colcon_core.shell:Creating prefix chain script '/home/yamashita/robot_2024/install/setup.bash'
[8.130s] INFO:colcon.colcon_core.shell:Creating prefix script '/home/yamashita/robot_2024/install/local_setup.zsh'
[8.132s] INFO:colcon.colcon_core.shell:Creating prefix chain script '/home/yamashita/robot_2024/install/setup.zsh'
